[2024-10-10T21:15:21.530-0300] {processor.py:186} INFO - Started process (PID=17283) to work on /home/kaueoliveira/desafiolh/airflow_tooltorial/venv/lib/python3.12/site-packages/airflow/example_dags/subdags/subdag.py
[2024-10-10T21:15:21.532-0300] {processor.py:914} INFO - Processing file /home/kaueoliveira/desafiolh/airflow_tooltorial/venv/lib/python3.12/site-packages/airflow/example_dags/subdags/subdag.py for tasks to queue
[2024-10-10T21:15:21.537-0300] {logging_mixin.py:190} INFO - [2024-10-10T21:15:21.536-0300] {dagbag.py:588} INFO - Filling up the DagBag from /home/kaueoliveira/desafiolh/airflow_tooltorial/venv/lib/python3.12/site-packages/airflow/example_dags/subdags/subdag.py
[2024-10-10T21:15:21.545-0300] {processor.py:927} WARNING - No viable dags retrieved from /home/kaueoliveira/desafiolh/airflow_tooltorial/venv/lib/python3.12/site-packages/airflow/example_dags/subdags/subdag.py
[2024-10-10T21:15:21.570-0300] {processor.py:208} INFO - Processing /home/kaueoliveira/desafiolh/airflow_tooltorial/venv/lib/python3.12/site-packages/airflow/example_dags/subdags/subdag.py took 0.062 seconds
[2024-10-10T21:16:33.617-0300] {processor.py:186} INFO - Started process (PID=17899) to work on /home/kaueoliveira/desafiolh/airflow_tooltorial/venv/lib/python3.12/site-packages/airflow/example_dags/subdags/subdag.py
[2024-10-10T21:16:33.620-0300] {processor.py:914} INFO - Processing file /home/kaueoliveira/desafiolh/airflow_tooltorial/venv/lib/python3.12/site-packages/airflow/example_dags/subdags/subdag.py for tasks to queue
[2024-10-10T21:16:33.635-0300] {logging_mixin.py:190} INFO - [2024-10-10T21:16:33.634-0300] {dagbag.py:588} INFO - Filling up the DagBag from /home/kaueoliveira/desafiolh/airflow_tooltorial/venv/lib/python3.12/site-packages/airflow/example_dags/subdags/subdag.py
[2024-10-10T21:16:33.649-0300] {processor.py:927} WARNING - No viable dags retrieved from /home/kaueoliveira/desafiolh/airflow_tooltorial/venv/lib/python3.12/site-packages/airflow/example_dags/subdags/subdag.py
[2024-10-10T21:16:33.698-0300] {processor.py:208} INFO - Processing /home/kaueoliveira/desafiolh/airflow_tooltorial/venv/lib/python3.12/site-packages/airflow/example_dags/subdags/subdag.py took 0.109 seconds
[2024-10-10T21:17:10.600-0300] {processor.py:186} INFO - Started process (PID=18202) to work on /home/kaueoliveira/desafiolh/airflow_tooltorial/venv/lib/python3.12/site-packages/airflow/example_dags/subdags/subdag.py
[2024-10-10T21:17:10.602-0300] {processor.py:914} INFO - Processing file /home/kaueoliveira/desafiolh/airflow_tooltorial/venv/lib/python3.12/site-packages/airflow/example_dags/subdags/subdag.py for tasks to queue
[2024-10-10T21:17:10.606-0300] {logging_mixin.py:190} INFO - [2024-10-10T21:17:10.606-0300] {dagbag.py:588} INFO - Filling up the DagBag from /home/kaueoliveira/desafiolh/airflow_tooltorial/venv/lib/python3.12/site-packages/airflow/example_dags/subdags/subdag.py
[2024-10-10T21:17:10.609-0300] {processor.py:927} WARNING - No viable dags retrieved from /home/kaueoliveira/desafiolh/airflow_tooltorial/venv/lib/python3.12/site-packages/airflow/example_dags/subdags/subdag.py
[2024-10-10T21:17:10.625-0300] {processor.py:208} INFO - Processing /home/kaueoliveira/desafiolh/airflow_tooltorial/venv/lib/python3.12/site-packages/airflow/example_dags/subdags/subdag.py took 0.033 seconds
[2024-10-10T21:18:05.575-0300] {processor.py:186} INFO - Started process (PID=18505) to work on /home/kaueoliveira/desafiolh/airflow_tooltorial/venv/lib/python3.12/site-packages/airflow/example_dags/subdags/subdag.py
[2024-10-10T21:18:05.577-0300] {processor.py:914} INFO - Processing file /home/kaueoliveira/desafiolh/airflow_tooltorial/venv/lib/python3.12/site-packages/airflow/example_dags/subdags/subdag.py for tasks to queue
[2024-10-10T21:18:05.580-0300] {logging_mixin.py:190} INFO - [2024-10-10T21:18:05.579-0300] {dagbag.py:588} INFO - Filling up the DagBag from /home/kaueoliveira/desafiolh/airflow_tooltorial/venv/lib/python3.12/site-packages/airflow/example_dags/subdags/subdag.py
[2024-10-10T21:18:05.584-0300] {processor.py:927} WARNING - No viable dags retrieved from /home/kaueoliveira/desafiolh/airflow_tooltorial/venv/lib/python3.12/site-packages/airflow/example_dags/subdags/subdag.py
[2024-10-10T21:18:05.599-0300] {processor.py:208} INFO - Processing /home/kaueoliveira/desafiolh/airflow_tooltorial/venv/lib/python3.12/site-packages/airflow/example_dags/subdags/subdag.py took 0.031 seconds
