[2024-10-10T21:15:46.656-0300] {processor.py:186} INFO - Started process (PID=17551) to work on /home/kaueoliveira/desafiolh/airflow_tooltorial/venv/lib/python3.12/site-packages/airflow/example_dags/example_task_group_decorator.py
[2024-10-10T21:15:46.657-0300] {processor.py:914} INFO - Processing file /home/kaueoliveira/desafiolh/airflow_tooltorial/venv/lib/python3.12/site-packages/airflow/example_dags/example_task_group_decorator.py for tasks to queue
[2024-10-10T21:15:46.658-0300] {logging_mixin.py:190} INFO - [2024-10-10T21:15:46.658-0300] {dagbag.py:588} INFO - Filling up the DagBag from /home/kaueoliveira/desafiolh/airflow_tooltorial/venv/lib/python3.12/site-packages/airflow/example_dags/example_task_group_decorator.py
[2024-10-10T21:15:46.673-0300] {processor.py:925} INFO - DAG(s) 'example_task_group_decorator' retrieved from /home/kaueoliveira/desafiolh/airflow_tooltorial/venv/lib/python3.12/site-packages/airflow/example_dags/example_task_group_decorator.py
[2024-10-10T21:15:46.788-0300] {logging_mixin.py:190} INFO - [2024-10-10T21:15:46.787-0300] {override.py:1901} INFO - Created Permission View: can read on DAG:example_task_group_decorator
[2024-10-10T21:15:46.802-0300] {logging_mixin.py:190} INFO - [2024-10-10T21:15:46.801-0300] {override.py:1901} INFO - Created Permission View: can edit on DAG:example_task_group_decorator
[2024-10-10T21:15:46.813-0300] {logging_mixin.py:190} INFO - [2024-10-10T21:15:46.813-0300] {override.py:1901} INFO - Created Permission View: can delete on DAG:example_task_group_decorator
[2024-10-10T21:15:46.833-0300] {logging_mixin.py:190} INFO - [2024-10-10T21:15:46.832-0300] {override.py:1901} INFO - Created Permission View: can read on DAG Run:example_task_group_decorator
[2024-10-10T21:15:46.843-0300] {logging_mixin.py:190} INFO - [2024-10-10T21:15:46.842-0300] {override.py:1901} INFO - Created Permission View: can create on DAG Run:example_task_group_decorator
[2024-10-10T21:15:46.854-0300] {logging_mixin.py:190} INFO - [2024-10-10T21:15:46.853-0300] {override.py:1901} INFO - Created Permission View: can delete on DAG Run:example_task_group_decorator
[2024-10-10T21:15:46.864-0300] {logging_mixin.py:190} INFO - [2024-10-10T21:15:46.864-0300] {override.py:1901} INFO - Created Permission View: menu access on DAG Run:example_task_group_decorator
[2024-10-10T21:15:46.865-0300] {logging_mixin.py:190} INFO - [2024-10-10T21:15:46.865-0300] {dag.py:3239} INFO - Sync 1 DAGs
[2024-10-10T21:15:46.875-0300] {logging_mixin.py:190} INFO - [2024-10-10T21:15:46.875-0300] {dag.py:3262} INFO - Creating ORM DAG for example_task_group_decorator
[2024-10-10T21:15:46.876-0300] {logging_mixin.py:190} INFO - [2024-10-10T21:15:46.876-0300] {dag.py:4180} INFO - Setting next_dagrun for example_task_group_decorator to None, run_after=None
[2024-10-10T21:15:46.898-0300] {processor.py:208} INFO - Processing /home/kaueoliveira/desafiolh/airflow_tooltorial/venv/lib/python3.12/site-packages/airflow/example_dags/example_task_group_decorator.py took 0.248 seconds
[2024-10-10T21:16:55.554-0300] {processor.py:186} INFO - Started process (PID=18140) to work on /home/kaueoliveira/desafiolh/airflow_tooltorial/venv/lib/python3.12/site-packages/airflow/example_dags/example_task_group_decorator.py
[2024-10-10T21:16:55.555-0300] {processor.py:914} INFO - Processing file /home/kaueoliveira/desafiolh/airflow_tooltorial/venv/lib/python3.12/site-packages/airflow/example_dags/example_task_group_decorator.py for tasks to queue
[2024-10-10T21:16:55.558-0300] {logging_mixin.py:190} INFO - [2024-10-10T21:16:55.558-0300] {dagbag.py:588} INFO - Filling up the DagBag from /home/kaueoliveira/desafiolh/airflow_tooltorial/venv/lib/python3.12/site-packages/airflow/example_dags/example_task_group_decorator.py
[2024-10-10T21:16:55.579-0300] {processor.py:925} INFO - DAG(s) 'example_task_group_decorator' retrieved from /home/kaueoliveira/desafiolh/airflow_tooltorial/venv/lib/python3.12/site-packages/airflow/example_dags/example_task_group_decorator.py
[2024-10-10T21:16:55.601-0300] {logging_mixin.py:190} INFO - [2024-10-10T21:16:55.600-0300] {dag.py:3239} INFO - Sync 1 DAGs
[2024-10-10T21:16:55.614-0300] {logging_mixin.py:190} INFO - [2024-10-10T21:16:55.614-0300] {dag.py:4180} INFO - Setting next_dagrun for example_task_group_decorator to None, run_after=None
[2024-10-10T21:16:55.641-0300] {processor.py:208} INFO - Processing /home/kaueoliveira/desafiolh/airflow_tooltorial/venv/lib/python3.12/site-packages/airflow/example_dags/example_task_group_decorator.py took 0.095 seconds
[2024-10-10T21:17:51.608-0300] {processor.py:186} INFO - Started process (PID=18420) to work on /home/kaueoliveira/desafiolh/airflow_tooltorial/venv/lib/python3.12/site-packages/airflow/example_dags/example_task_group_decorator.py
[2024-10-10T21:17:51.610-0300] {processor.py:914} INFO - Processing file /home/kaueoliveira/desafiolh/airflow_tooltorial/venv/lib/python3.12/site-packages/airflow/example_dags/example_task_group_decorator.py for tasks to queue
[2024-10-10T21:17:51.614-0300] {logging_mixin.py:190} INFO - [2024-10-10T21:17:51.614-0300] {dagbag.py:588} INFO - Filling up the DagBag from /home/kaueoliveira/desafiolh/airflow_tooltorial/venv/lib/python3.12/site-packages/airflow/example_dags/example_task_group_decorator.py
[2024-10-10T21:17:51.640-0300] {processor.py:925} INFO - DAG(s) 'example_task_group_decorator' retrieved from /home/kaueoliveira/desafiolh/airflow_tooltorial/venv/lib/python3.12/site-packages/airflow/example_dags/example_task_group_decorator.py
[2024-10-10T21:17:51.667-0300] {logging_mixin.py:190} INFO - [2024-10-10T21:17:51.667-0300] {dag.py:3239} INFO - Sync 1 DAGs
[2024-10-10T21:17:51.689-0300] {logging_mixin.py:190} INFO - [2024-10-10T21:17:51.688-0300] {dag.py:4180} INFO - Setting next_dagrun for example_task_group_decorator to None, run_after=None
[2024-10-10T21:17:51.719-0300] {processor.py:208} INFO - Processing /home/kaueoliveira/desafiolh/airflow_tooltorial/venv/lib/python3.12/site-packages/airflow/example_dags/example_task_group_decorator.py took 0.118 seconds
