[2024-10-10T21:15:25.839-0300] {processor.py:186} INFO - Started process (PID=17347) to work on /home/kaueoliveira/desafiolh/airflow_tooltorial/venv/lib/python3.12/site-packages/airflow/example_dags/example_subdag_operator.py
[2024-10-10T21:15:25.840-0300] {processor.py:914} INFO - Processing file /home/kaueoliveira/desafiolh/airflow_tooltorial/venv/lib/python3.12/site-packages/airflow/example_dags/example_subdag_operator.py for tasks to queue
[2024-10-10T21:15:25.842-0300] {logging_mixin.py:190} INFO - [2024-10-10T21:15:25.841-0300] {dagbag.py:588} INFO - Filling up the DagBag from /home/kaueoliveira/desafiolh/airflow_tooltorial/venv/lib/python3.12/site-packages/airflow/example_dags/example_subdag_operator.py
[2024-10-10T21:15:25.883-0300] {processor.py:925} INFO - DAG(s) 'example_subdag_operator.section-1', 'example_subdag_operator.section-2', 'example_subdag_operator' retrieved from /home/kaueoliveira/desafiolh/airflow_tooltorial/venv/lib/python3.12/site-packages/airflow/example_dags/example_subdag_operator.py
[2024-10-10T21:15:26.181-0300] {logging_mixin.py:190} INFO - [2024-10-10T21:15:26.180-0300] {override.py:1901} INFO - Created Permission View: can read on DAG:example_subdag_operator
[2024-10-10T21:15:26.195-0300] {logging_mixin.py:190} INFO - [2024-10-10T21:15:26.195-0300] {override.py:1901} INFO - Created Permission View: can edit on DAG:example_subdag_operator
[2024-10-10T21:15:26.206-0300] {logging_mixin.py:190} INFO - [2024-10-10T21:15:26.206-0300] {override.py:1901} INFO - Created Permission View: can delete on DAG:example_subdag_operator
[2024-10-10T21:15:26.225-0300] {logging_mixin.py:190} INFO - [2024-10-10T21:15:26.224-0300] {override.py:1901} INFO - Created Permission View: can read on DAG Run:example_subdag_operator
[2024-10-10T21:15:26.239-0300] {logging_mixin.py:190} INFO - [2024-10-10T21:15:26.238-0300] {override.py:1901} INFO - Created Permission View: can create on DAG Run:example_subdag_operator
[2024-10-10T21:15:26.411-0300] {logging_mixin.py:190} INFO - [2024-10-10T21:15:26.410-0300] {override.py:1901} INFO - Created Permission View: can delete on DAG Run:example_subdag_operator
[2024-10-10T21:15:26.421-0300] {logging_mixin.py:190} INFO - [2024-10-10T21:15:26.421-0300] {override.py:1901} INFO - Created Permission View: menu access on DAG Run:example_subdag_operator
[2024-10-10T21:15:26.422-0300] {logging_mixin.py:190} INFO - [2024-10-10T21:15:26.422-0300] {dag.py:3239} INFO - Sync 3 DAGs
[2024-10-10T21:15:26.436-0300] {logging_mixin.py:190} INFO - [2024-10-10T21:15:26.435-0300] {dag.py:3262} INFO - Creating ORM DAG for example_subdag_operator.section-2
[2024-10-10T21:15:26.436-0300] {logging_mixin.py:190} INFO - [2024-10-10T21:15:26.436-0300] {dag.py:3262} INFO - Creating ORM DAG for example_subdag_operator
[2024-10-10T21:15:26.437-0300] {logging_mixin.py:190} INFO - [2024-10-10T21:15:26.437-0300] {dag.py:3262} INFO - Creating ORM DAG for example_subdag_operator.section-1
[2024-10-10T21:15:26.449-0300] {logging_mixin.py:190} INFO - [2024-10-10T21:15:26.449-0300] {dag.py:4180} INFO - Setting next_dagrun for example_subdag_operator to 2022-01-01 00:00:00+00:00, run_after=2022-01-01 00:00:00+00:00
[2024-10-10T21:15:26.450-0300] {logging_mixin.py:190} INFO - [2024-10-10T21:15:26.450-0300] {dag.py:4180} INFO - Setting next_dagrun for example_subdag_operator.section-1 to None, run_after=None
[2024-10-10T21:15:26.450-0300] {logging_mixin.py:190} INFO - [2024-10-10T21:15:26.450-0300] {dag.py:4180} INFO - Setting next_dagrun for example_subdag_operator.section-2 to None, run_after=None
[2024-10-10T21:15:26.473-0300] {logging_mixin.py:190} INFO - [2024-10-10T21:15:26.473-0300] {dag.py:3239} INFO - Sync 2 DAGs
[2024-10-10T21:15:26.482-0300] {logging_mixin.py:190} INFO - [2024-10-10T21:15:26.481-0300] {dag.py:4180} INFO - Setting next_dagrun for example_subdag_operator.section-1 to None, run_after=None
[2024-10-10T21:15:26.485-0300] {logging_mixin.py:190} INFO - [2024-10-10T21:15:26.485-0300] {dag.py:4180} INFO - Setting next_dagrun for example_subdag_operator.section-2 to None, run_after=None
[2024-10-10T21:15:26.504-0300] {processor.py:208} INFO - Processing /home/kaueoliveira/desafiolh/airflow_tooltorial/venv/lib/python3.12/site-packages/airflow/example_dags/example_subdag_operator.py took 0.672 seconds
[2024-10-10T21:16:37.907-0300] {processor.py:186} INFO - Started process (PID=17959) to work on /home/kaueoliveira/desafiolh/airflow_tooltorial/venv/lib/python3.12/site-packages/airflow/example_dags/example_subdag_operator.py
[2024-10-10T21:16:37.908-0300] {processor.py:914} INFO - Processing file /home/kaueoliveira/desafiolh/airflow_tooltorial/venv/lib/python3.12/site-packages/airflow/example_dags/example_subdag_operator.py for tasks to queue
[2024-10-10T21:16:37.911-0300] {logging_mixin.py:190} INFO - [2024-10-10T21:16:37.910-0300] {dagbag.py:588} INFO - Filling up the DagBag from /home/kaueoliveira/desafiolh/airflow_tooltorial/venv/lib/python3.12/site-packages/airflow/example_dags/example_subdag_operator.py
[2024-10-10T21:16:37.943-0300] {processor.py:925} INFO - DAG(s) 'example_subdag_operator.section-1', 'example_subdag_operator.section-2', 'example_subdag_operator' retrieved from /home/kaueoliveira/desafiolh/airflow_tooltorial/venv/lib/python3.12/site-packages/airflow/example_dags/example_subdag_operator.py
[2024-10-10T21:16:37.977-0300] {logging_mixin.py:190} INFO - [2024-10-10T21:16:37.977-0300] {dag.py:3239} INFO - Sync 3 DAGs
[2024-10-10T21:16:38.006-0300] {logging_mixin.py:190} INFO - [2024-10-10T21:16:38.006-0300] {dag.py:4180} INFO - Setting next_dagrun for example_subdag_operator to 2022-01-01 00:00:00+00:00, run_after=2022-01-01 00:00:00+00:00
[2024-10-10T21:16:38.011-0300] {logging_mixin.py:190} INFO - [2024-10-10T21:16:38.010-0300] {dag.py:4180} INFO - Setting next_dagrun for example_subdag_operator.section-1 to None, run_after=None
[2024-10-10T21:16:38.012-0300] {logging_mixin.py:190} INFO - [2024-10-10T21:16:38.012-0300] {dag.py:4180} INFO - Setting next_dagrun for example_subdag_operator.section-2 to None, run_after=None
[2024-10-10T21:16:38.022-0300] {logging_mixin.py:190} INFO - [2024-10-10T21:16:38.022-0300] {dag.py:3239} INFO - Sync 2 DAGs
[2024-10-10T21:16:38.034-0300] {logging_mixin.py:190} INFO - [2024-10-10T21:16:38.033-0300] {dag.py:4180} INFO - Setting next_dagrun for example_subdag_operator.section-1 to None, run_after=None
[2024-10-10T21:16:38.035-0300] {logging_mixin.py:190} INFO - [2024-10-10T21:16:38.034-0300] {dag.py:4180} INFO - Setting next_dagrun for example_subdag_operator.section-2 to None, run_after=None
[2024-10-10T21:16:38.070-0300] {processor.py:208} INFO - Processing /home/kaueoliveira/desafiolh/airflow_tooltorial/venv/lib/python3.12/site-packages/airflow/example_dags/example_subdag_operator.py took 0.170 seconds
[2024-10-10T21:17:12.538-0300] {processor.py:186} INFO - Started process (PID=18212) to work on /home/kaueoliveira/desafiolh/airflow_tooltorial/venv/lib/python3.12/site-packages/airflow/example_dags/example_subdag_operator.py
[2024-10-10T21:17:12.539-0300] {processor.py:914} INFO - Processing file /home/kaueoliveira/desafiolh/airflow_tooltorial/venv/lib/python3.12/site-packages/airflow/example_dags/example_subdag_operator.py for tasks to queue
[2024-10-10T21:17:12.542-0300] {logging_mixin.py:190} INFO - [2024-10-10T21:17:12.541-0300] {dagbag.py:588} INFO - Filling up the DagBag from /home/kaueoliveira/desafiolh/airflow_tooltorial/venv/lib/python3.12/site-packages/airflow/example_dags/example_subdag_operator.py
[2024-10-10T21:17:12.571-0300] {processor.py:925} INFO - DAG(s) 'example_subdag_operator.section-1', 'example_subdag_operator.section-2', 'example_subdag_operator' retrieved from /home/kaueoliveira/desafiolh/airflow_tooltorial/venv/lib/python3.12/site-packages/airflow/example_dags/example_subdag_operator.py
[2024-10-10T21:17:12.589-0300] {logging_mixin.py:190} INFO - [2024-10-10T21:17:12.589-0300] {dag.py:3239} INFO - Sync 3 DAGs
[2024-10-10T21:17:12.610-0300] {logging_mixin.py:190} INFO - [2024-10-10T21:17:12.610-0300] {dag.py:4180} INFO - Setting next_dagrun for example_subdag_operator to 2022-01-01 00:00:00+00:00, run_after=2022-01-01 00:00:00+00:00
[2024-10-10T21:17:12.614-0300] {logging_mixin.py:190} INFO - [2024-10-10T21:17:12.614-0300] {dag.py:4180} INFO - Setting next_dagrun for example_subdag_operator.section-1 to None, run_after=None
[2024-10-10T21:17:12.616-0300] {logging_mixin.py:190} INFO - [2024-10-10T21:17:12.616-0300] {dag.py:4180} INFO - Setting next_dagrun for example_subdag_operator.section-2 to None, run_after=None
[2024-10-10T21:17:12.623-0300] {logging_mixin.py:190} INFO - [2024-10-10T21:17:12.623-0300] {dag.py:3239} INFO - Sync 2 DAGs
[2024-10-10T21:17:12.628-0300] {logging_mixin.py:190} INFO - [2024-10-10T21:17:12.627-0300] {dag.py:4180} INFO - Setting next_dagrun for example_subdag_operator.section-1 to None, run_after=None
[2024-10-10T21:17:12.628-0300] {logging_mixin.py:190} INFO - [2024-10-10T21:17:12.628-0300] {dag.py:4180} INFO - Setting next_dagrun for example_subdag_operator.section-2 to None, run_after=None
[2024-10-10T21:17:12.655-0300] {processor.py:208} INFO - Processing /home/kaueoliveira/desafiolh/airflow_tooltorial/venv/lib/python3.12/site-packages/airflow/example_dags/example_subdag_operator.py took 0.123 seconds
[2024-10-10T21:18:09.253-0300] {processor.py:186} INFO - Started process (PID=18534) to work on /home/kaueoliveira/desafiolh/airflow_tooltorial/venv/lib/python3.12/site-packages/airflow/example_dags/example_subdag_operator.py
[2024-10-10T21:18:09.255-0300] {processor.py:914} INFO - Processing file /home/kaueoliveira/desafiolh/airflow_tooltorial/venv/lib/python3.12/site-packages/airflow/example_dags/example_subdag_operator.py for tasks to queue
[2024-10-10T21:18:09.259-0300] {logging_mixin.py:190} INFO - [2024-10-10T21:18:09.258-0300] {dagbag.py:588} INFO - Filling up the DagBag from /home/kaueoliveira/desafiolh/airflow_tooltorial/venv/lib/python3.12/site-packages/airflow/example_dags/example_subdag_operator.py
[2024-10-10T21:18:09.298-0300] {processor.py:925} INFO - DAG(s) 'example_subdag_operator.section-1', 'example_subdag_operator.section-2', 'example_subdag_operator' retrieved from /home/kaueoliveira/desafiolh/airflow_tooltorial/venv/lib/python3.12/site-packages/airflow/example_dags/example_subdag_operator.py
[2024-10-10T21:18:09.318-0300] {logging_mixin.py:190} INFO - [2024-10-10T21:18:09.317-0300] {dag.py:3239} INFO - Sync 3 DAGs
[2024-10-10T21:18:09.345-0300] {logging_mixin.py:190} INFO - [2024-10-10T21:18:09.344-0300] {dag.py:4180} INFO - Setting next_dagrun for example_subdag_operator to 2022-01-01 00:00:00+00:00, run_after=2022-01-01 00:00:00+00:00
[2024-10-10T21:18:09.350-0300] {logging_mixin.py:190} INFO - [2024-10-10T21:18:09.349-0300] {dag.py:4180} INFO - Setting next_dagrun for example_subdag_operator.section-1 to None, run_after=None
[2024-10-10T21:18:09.351-0300] {logging_mixin.py:190} INFO - [2024-10-10T21:18:09.351-0300] {dag.py:4180} INFO - Setting next_dagrun for example_subdag_operator.section-2 to None, run_after=None
[2024-10-10T21:18:09.361-0300] {logging_mixin.py:190} INFO - [2024-10-10T21:18:09.360-0300] {dag.py:3239} INFO - Sync 2 DAGs
[2024-10-10T21:18:09.367-0300] {logging_mixin.py:190} INFO - [2024-10-10T21:18:09.366-0300] {dag.py:4180} INFO - Setting next_dagrun for example_subdag_operator.section-1 to None, run_after=None
[2024-10-10T21:18:09.367-0300] {logging_mixin.py:190} INFO - [2024-10-10T21:18:09.367-0300] {dag.py:4180} INFO - Setting next_dagrun for example_subdag_operator.section-2 to None, run_after=None
[2024-10-10T21:18:09.389-0300] {processor.py:208} INFO - Processing /home/kaueoliveira/desafiolh/airflow_tooltorial/venv/lib/python3.12/site-packages/airflow/example_dags/example_subdag_operator.py took 0.148 seconds
