[2024-10-10T21:15:27.932-0300] {processor.py:186} INFO - Started process (PID=17358) to work on /home/kaueoliveira/desafiolh/airflow_tooltorial/venv/lib/python3.12/site-packages/airflow/example_dags/example_outlet_event_extra.py
[2024-10-10T21:15:27.933-0300] {processor.py:914} INFO - Processing file /home/kaueoliveira/desafiolh/airflow_tooltorial/venv/lib/python3.12/site-packages/airflow/example_dags/example_outlet_event_extra.py for tasks to queue
[2024-10-10T21:15:27.935-0300] {logging_mixin.py:190} INFO - [2024-10-10T21:15:27.934-0300] {dagbag.py:588} INFO - Filling up the DagBag from /home/kaueoliveira/desafiolh/airflow_tooltorial/venv/lib/python3.12/site-packages/airflow/example_dags/example_outlet_event_extra.py
[2024-10-10T21:15:27.947-0300] {processor.py:925} INFO - DAG(s) 'dataset_with_extra_by_context', 'dataset_with_extra_from_classic_operator', 'dataset_with_extra_by_yield' retrieved from /home/kaueoliveira/desafiolh/airflow_tooltorial/venv/lib/python3.12/site-packages/airflow/example_dags/example_outlet_event_extra.py
[2024-10-10T21:15:28.053-0300] {logging_mixin.py:190} INFO - [2024-10-10T21:15:28.052-0300] {override.py:1901} INFO - Created Permission View: can read on DAG:dataset_with_extra_by_context
[2024-10-10T21:15:28.066-0300] {logging_mixin.py:190} INFO - [2024-10-10T21:15:28.066-0300] {override.py:1901} INFO - Created Permission View: can edit on DAG:dataset_with_extra_by_context
[2024-10-10T21:15:28.076-0300] {logging_mixin.py:190} INFO - [2024-10-10T21:15:28.076-0300] {override.py:1901} INFO - Created Permission View: can delete on DAG:dataset_with_extra_by_context
[2024-10-10T21:15:28.095-0300] {logging_mixin.py:190} INFO - [2024-10-10T21:15:28.094-0300] {override.py:1901} INFO - Created Permission View: can read on DAG Run:dataset_with_extra_by_context
[2024-10-10T21:15:28.107-0300] {logging_mixin.py:190} INFO - [2024-10-10T21:15:28.106-0300] {override.py:1901} INFO - Created Permission View: can create on DAG Run:dataset_with_extra_by_context
[2024-10-10T21:15:28.120-0300] {logging_mixin.py:190} INFO - [2024-10-10T21:15:28.119-0300] {override.py:1901} INFO - Created Permission View: can delete on DAG Run:dataset_with_extra_by_context
[2024-10-10T21:15:28.132-0300] {logging_mixin.py:190} INFO - [2024-10-10T21:15:28.131-0300] {override.py:1901} INFO - Created Permission View: menu access on DAG Run:dataset_with_extra_by_context
[2024-10-10T21:15:28.158-0300] {logging_mixin.py:190} INFO - [2024-10-10T21:15:28.157-0300] {override.py:1901} INFO - Created Permission View: can read on DAG:dataset_with_extra_from_classic_operator
[2024-10-10T21:15:28.172-0300] {logging_mixin.py:190} INFO - [2024-10-10T21:15:28.171-0300] {override.py:1901} INFO - Created Permission View: can edit on DAG:dataset_with_extra_from_classic_operator
[2024-10-10T21:15:28.185-0300] {logging_mixin.py:190} INFO - [2024-10-10T21:15:28.184-0300] {override.py:1901} INFO - Created Permission View: can delete on DAG:dataset_with_extra_from_classic_operator
[2024-10-10T21:15:28.201-0300] {logging_mixin.py:190} INFO - [2024-10-10T21:15:28.201-0300] {override.py:1901} INFO - Created Permission View: can read on DAG Run:dataset_with_extra_from_classic_operator
[2024-10-10T21:15:28.211-0300] {logging_mixin.py:190} INFO - [2024-10-10T21:15:28.211-0300] {override.py:1901} INFO - Created Permission View: can create on DAG Run:dataset_with_extra_from_classic_operator
[2024-10-10T21:15:28.221-0300] {logging_mixin.py:190} INFO - [2024-10-10T21:15:28.220-0300] {override.py:1901} INFO - Created Permission View: can delete on DAG Run:dataset_with_extra_from_classic_operator
[2024-10-10T21:15:28.231-0300] {logging_mixin.py:190} INFO - [2024-10-10T21:15:28.230-0300] {override.py:1901} INFO - Created Permission View: menu access on DAG Run:dataset_with_extra_from_classic_operator
[2024-10-10T21:15:28.253-0300] {logging_mixin.py:190} INFO - [2024-10-10T21:15:28.252-0300] {override.py:1901} INFO - Created Permission View: can read on DAG:dataset_with_extra_by_yield
[2024-10-10T21:15:28.267-0300] {logging_mixin.py:190} INFO - [2024-10-10T21:15:28.266-0300] {override.py:1901} INFO - Created Permission View: can edit on DAG:dataset_with_extra_by_yield
[2024-10-10T21:15:28.281-0300] {logging_mixin.py:190} INFO - [2024-10-10T21:15:28.280-0300] {override.py:1901} INFO - Created Permission View: can delete on DAG:dataset_with_extra_by_yield
[2024-10-10T21:15:28.299-0300] {logging_mixin.py:190} INFO - [2024-10-10T21:15:28.298-0300] {override.py:1901} INFO - Created Permission View: can read on DAG Run:dataset_with_extra_by_yield
[2024-10-10T21:15:28.312-0300] {logging_mixin.py:190} INFO - [2024-10-10T21:15:28.311-0300] {override.py:1901} INFO - Created Permission View: can create on DAG Run:dataset_with_extra_by_yield
[2024-10-10T21:15:28.324-0300] {logging_mixin.py:190} INFO - [2024-10-10T21:15:28.324-0300] {override.py:1901} INFO - Created Permission View: can delete on DAG Run:dataset_with_extra_by_yield
[2024-10-10T21:15:28.336-0300] {logging_mixin.py:190} INFO - [2024-10-10T21:15:28.335-0300] {override.py:1901} INFO - Created Permission View: menu access on DAG Run:dataset_with_extra_by_yield
[2024-10-10T21:15:28.337-0300] {logging_mixin.py:190} INFO - [2024-10-10T21:15:28.336-0300] {dag.py:3239} INFO - Sync 3 DAGs
[2024-10-10T21:15:28.352-0300] {logging_mixin.py:190} INFO - [2024-10-10T21:15:28.352-0300] {dag.py:3262} INFO - Creating ORM DAG for dataset_with_extra_by_context
[2024-10-10T21:15:28.353-0300] {logging_mixin.py:190} INFO - [2024-10-10T21:15:28.353-0300] {dag.py:3262} INFO - Creating ORM DAG for dataset_with_extra_by_yield
[2024-10-10T21:15:28.354-0300] {logging_mixin.py:190} INFO - [2024-10-10T21:15:28.354-0300] {dag.py:3262} INFO - Creating ORM DAG for dataset_with_extra_from_classic_operator
[2024-10-10T21:15:28.364-0300] {logging_mixin.py:190} INFO - [2024-10-10T21:15:28.363-0300] {dag.py:4180} INFO - Setting next_dagrun for dataset_with_extra_by_context to 2024-10-10 00:00:00+00:00, run_after=2024-10-11 00:00:00+00:00
[2024-10-10T21:15:28.365-0300] {logging_mixin.py:190} INFO - [2024-10-10T21:15:28.365-0300] {dag.py:4180} INFO - Setting next_dagrun for dataset_with_extra_by_yield to 2024-10-10 00:00:00+00:00, run_after=2024-10-11 00:00:00+00:00
[2024-10-10T21:15:28.367-0300] {logging_mixin.py:190} INFO - [2024-10-10T21:15:28.367-0300] {dag.py:4180} INFO - Setting next_dagrun for dataset_with_extra_from_classic_operator to 2024-10-10 00:00:00+00:00, run_after=2024-10-11 00:00:00+00:00
[2024-10-10T21:15:28.393-0300] {processor.py:208} INFO - Processing /home/kaueoliveira/desafiolh/airflow_tooltorial/venv/lib/python3.12/site-packages/airflow/example_dags/example_outlet_event_extra.py took 0.468 seconds
[2024-10-10T21:16:39.164-0300] {processor.py:186} INFO - Started process (PID=18004) to work on /home/kaueoliveira/desafiolh/airflow_tooltorial/venv/lib/python3.12/site-packages/airflow/example_dags/example_outlet_event_extra.py
[2024-10-10T21:16:39.165-0300] {processor.py:914} INFO - Processing file /home/kaueoliveira/desafiolh/airflow_tooltorial/venv/lib/python3.12/site-packages/airflow/example_dags/example_outlet_event_extra.py for tasks to queue
[2024-10-10T21:16:39.168-0300] {logging_mixin.py:190} INFO - [2024-10-10T21:16:39.168-0300] {dagbag.py:588} INFO - Filling up the DagBag from /home/kaueoliveira/desafiolh/airflow_tooltorial/venv/lib/python3.12/site-packages/airflow/example_dags/example_outlet_event_extra.py
[2024-10-10T21:16:39.187-0300] {processor.py:925} INFO - DAG(s) 'dataset_with_extra_by_context', 'dataset_with_extra_by_yield', 'dataset_with_extra_from_classic_operator' retrieved from /home/kaueoliveira/desafiolh/airflow_tooltorial/venv/lib/python3.12/site-packages/airflow/example_dags/example_outlet_event_extra.py
[2024-10-10T21:16:39.215-0300] {logging_mixin.py:190} INFO - [2024-10-10T21:16:39.215-0300] {dag.py:3239} INFO - Sync 3 DAGs
[2024-10-10T21:16:39.240-0300] {logging_mixin.py:190} INFO - [2024-10-10T21:16:39.240-0300] {dag.py:4180} INFO - Setting next_dagrun for dataset_with_extra_by_context to 2024-10-10 00:00:00+00:00, run_after=2024-10-11 00:00:00+00:00
[2024-10-10T21:16:39.245-0300] {logging_mixin.py:190} INFO - [2024-10-10T21:16:39.245-0300] {dag.py:4180} INFO - Setting next_dagrun for dataset_with_extra_by_yield to 2024-10-10 00:00:00+00:00, run_after=2024-10-11 00:00:00+00:00
[2024-10-10T21:16:39.248-0300] {logging_mixin.py:190} INFO - [2024-10-10T21:16:39.248-0300] {dag.py:4180} INFO - Setting next_dagrun for dataset_with_extra_from_classic_operator to 2024-10-10 00:00:00+00:00, run_after=2024-10-11 00:00:00+00:00
[2024-10-10T21:16:39.290-0300] {processor.py:208} INFO - Processing /home/kaueoliveira/desafiolh/airflow_tooltorial/venv/lib/python3.12/site-packages/airflow/example_dags/example_outlet_event_extra.py took 0.133 seconds
[2024-10-10T21:17:13.807-0300] {processor.py:186} INFO - Started process (PID=18216) to work on /home/kaueoliveira/desafiolh/airflow_tooltorial/venv/lib/python3.12/site-packages/airflow/example_dags/example_outlet_event_extra.py
[2024-10-10T21:17:13.810-0300] {processor.py:914} INFO - Processing file /home/kaueoliveira/desafiolh/airflow_tooltorial/venv/lib/python3.12/site-packages/airflow/example_dags/example_outlet_event_extra.py for tasks to queue
[2024-10-10T21:17:13.817-0300] {logging_mixin.py:190} INFO - [2024-10-10T21:17:13.815-0300] {dagbag.py:588} INFO - Filling up the DagBag from /home/kaueoliveira/desafiolh/airflow_tooltorial/venv/lib/python3.12/site-packages/airflow/example_dags/example_outlet_event_extra.py
[2024-10-10T21:17:13.848-0300] {processor.py:925} INFO - DAG(s) 'dataset_with_extra_by_context', 'dataset_with_extra_from_classic_operator', 'dataset_with_extra_by_yield' retrieved from /home/kaueoliveira/desafiolh/airflow_tooltorial/venv/lib/python3.12/site-packages/airflow/example_dags/example_outlet_event_extra.py
[2024-10-10T21:17:13.938-0300] {logging_mixin.py:190} INFO - [2024-10-10T21:17:13.937-0300] {dag.py:3239} INFO - Sync 3 DAGs
[2024-10-10T21:17:13.995-0300] {logging_mixin.py:190} INFO - [2024-10-10T21:17:13.994-0300] {dag.py:4180} INFO - Setting next_dagrun for dataset_with_extra_by_context to 2024-10-10 00:00:00+00:00, run_after=2024-10-11 00:00:00+00:00
[2024-10-10T21:17:14.005-0300] {logging_mixin.py:190} INFO - [2024-10-10T21:17:14.005-0300] {dag.py:4180} INFO - Setting next_dagrun for dataset_with_extra_by_yield to 2024-10-10 00:00:00+00:00, run_after=2024-10-11 00:00:00+00:00
[2024-10-10T21:17:14.010-0300] {logging_mixin.py:190} INFO - [2024-10-10T21:17:14.009-0300] {dag.py:4180} INFO - Setting next_dagrun for dataset_with_extra_from_classic_operator to 2024-10-10 00:00:00+00:00, run_after=2024-10-11 00:00:00+00:00
[2024-10-10T21:17:14.043-0300] {processor.py:208} INFO - Processing /home/kaueoliveira/desafiolh/airflow_tooltorial/venv/lib/python3.12/site-packages/airflow/example_dags/example_outlet_event_extra.py took 0.248 seconds
[2024-10-10T21:18:10.497-0300] {processor.py:186} INFO - Started process (PID=18547) to work on /home/kaueoliveira/desafiolh/airflow_tooltorial/venv/lib/python3.12/site-packages/airflow/example_dags/example_outlet_event_extra.py
[2024-10-10T21:18:10.498-0300] {processor.py:914} INFO - Processing file /home/kaueoliveira/desafiolh/airflow_tooltorial/venv/lib/python3.12/site-packages/airflow/example_dags/example_outlet_event_extra.py for tasks to queue
[2024-10-10T21:18:10.501-0300] {logging_mixin.py:190} INFO - [2024-10-10T21:18:10.500-0300] {dagbag.py:588} INFO - Filling up the DagBag from /home/kaueoliveira/desafiolh/airflow_tooltorial/venv/lib/python3.12/site-packages/airflow/example_dags/example_outlet_event_extra.py
[2024-10-10T21:18:10.520-0300] {processor.py:925} INFO - DAG(s) 'dataset_with_extra_by_yield', 'dataset_with_extra_by_context', 'dataset_with_extra_from_classic_operator' retrieved from /home/kaueoliveira/desafiolh/airflow_tooltorial/venv/lib/python3.12/site-packages/airflow/example_dags/example_outlet_event_extra.py
[2024-10-10T21:18:10.543-0300] {logging_mixin.py:190} INFO - [2024-10-10T21:18:10.543-0300] {dag.py:3239} INFO - Sync 3 DAGs
[2024-10-10T21:18:10.567-0300] {logging_mixin.py:190} INFO - [2024-10-10T21:18:10.566-0300] {dag.py:4180} INFO - Setting next_dagrun for dataset_with_extra_by_context to 2024-10-10 00:00:00+00:00, run_after=2024-10-11 00:00:00+00:00
[2024-10-10T21:18:10.572-0300] {logging_mixin.py:190} INFO - [2024-10-10T21:18:10.571-0300] {dag.py:4180} INFO - Setting next_dagrun for dataset_with_extra_by_yield to 2024-10-10 00:00:00+00:00, run_after=2024-10-11 00:00:00+00:00
[2024-10-10T21:18:10.574-0300] {logging_mixin.py:190} INFO - [2024-10-10T21:18:10.574-0300] {dag.py:4180} INFO - Setting next_dagrun for dataset_with_extra_from_classic_operator to 2024-10-10 00:00:00+00:00, run_after=2024-10-11 00:00:00+00:00
[2024-10-10T21:18:10.603-0300] {processor.py:208} INFO - Processing /home/kaueoliveira/desafiolh/airflow_tooltorial/venv/lib/python3.12/site-packages/airflow/example_dags/example_outlet_event_extra.py took 0.113 seconds
