[2024-10-10T21:16:17.147-0300] {processor.py:186} INFO - Started process (PID=17781) to work on /home/kaueoliveira/desafiolh/airflow_tooltorial/venv/lib/python3.12/site-packages/airflow/example_dags/example_dataset_alias.py
[2024-10-10T21:16:17.148-0300] {processor.py:914} INFO - Processing file /home/kaueoliveira/desafiolh/airflow_tooltorial/venv/lib/python3.12/site-packages/airflow/example_dags/example_dataset_alias.py for tasks to queue
[2024-10-10T21:16:17.150-0300] {logging_mixin.py:190} INFO - [2024-10-10T21:16:17.149-0300] {dagbag.py:588} INFO - Filling up the DagBag from /home/kaueoliveira/desafiolh/airflow_tooltorial/venv/lib/python3.12/site-packages/airflow/example_dags/example_dataset_alias.py
[2024-10-10T21:16:17.172-0300] {processor.py:925} INFO - DAG(s) 'dataset_alias_example_alias_consumer', 'dataset_s3_bucket_consumer', 'dataset_s3_bucket_producer', 'dataset_alias_example_alias_producer' retrieved from /home/kaueoliveira/desafiolh/airflow_tooltorial/venv/lib/python3.12/site-packages/airflow/example_dags/example_dataset_alias.py
[2024-10-10T21:16:17.292-0300] {logging_mixin.py:190} INFO - [2024-10-10T21:16:17.291-0300] {override.py:1901} INFO - Created Permission View: can read on DAG:dataset_alias_example_alias_consumer
[2024-10-10T21:16:17.312-0300] {logging_mixin.py:190} INFO - [2024-10-10T21:16:17.312-0300] {override.py:1901} INFO - Created Permission View: can edit on DAG:dataset_alias_example_alias_consumer
[2024-10-10T21:16:17.324-0300] {logging_mixin.py:190} INFO - [2024-10-10T21:16:17.324-0300] {override.py:1901} INFO - Created Permission View: can delete on DAG:dataset_alias_example_alias_consumer
[2024-10-10T21:16:17.345-0300] {logging_mixin.py:190} INFO - [2024-10-10T21:16:17.345-0300] {override.py:1901} INFO - Created Permission View: can read on DAG Run:dataset_alias_example_alias_consumer
[2024-10-10T21:16:17.357-0300] {logging_mixin.py:190} INFO - [2024-10-10T21:16:17.356-0300] {override.py:1901} INFO - Created Permission View: can create on DAG Run:dataset_alias_example_alias_consumer
[2024-10-10T21:16:17.373-0300] {logging_mixin.py:190} INFO - [2024-10-10T21:16:17.372-0300] {override.py:1901} INFO - Created Permission View: can delete on DAG Run:dataset_alias_example_alias_consumer
[2024-10-10T21:16:17.384-0300] {logging_mixin.py:190} INFO - [2024-10-10T21:16:17.384-0300] {override.py:1901} INFO - Created Permission View: menu access on DAG Run:dataset_alias_example_alias_consumer
[2024-10-10T21:16:17.410-0300] {logging_mixin.py:190} INFO - [2024-10-10T21:16:17.410-0300] {override.py:1901} INFO - Created Permission View: can read on DAG:dataset_s3_bucket_consumer
[2024-10-10T21:16:17.424-0300] {logging_mixin.py:190} INFO - [2024-10-10T21:16:17.424-0300] {override.py:1901} INFO - Created Permission View: can edit on DAG:dataset_s3_bucket_consumer
[2024-10-10T21:16:17.437-0300] {logging_mixin.py:190} INFO - [2024-10-10T21:16:17.436-0300] {override.py:1901} INFO - Created Permission View: can delete on DAG:dataset_s3_bucket_consumer
[2024-10-10T21:16:17.457-0300] {logging_mixin.py:190} INFO - [2024-10-10T21:16:17.457-0300] {override.py:1901} INFO - Created Permission View: can read on DAG Run:dataset_s3_bucket_consumer
[2024-10-10T21:16:17.471-0300] {logging_mixin.py:190} INFO - [2024-10-10T21:16:17.471-0300] {override.py:1901} INFO - Created Permission View: can create on DAG Run:dataset_s3_bucket_consumer
[2024-10-10T21:16:17.484-0300] {logging_mixin.py:190} INFO - [2024-10-10T21:16:17.483-0300] {override.py:1901} INFO - Created Permission View: can delete on DAG Run:dataset_s3_bucket_consumer
[2024-10-10T21:16:17.500-0300] {logging_mixin.py:190} INFO - [2024-10-10T21:16:17.499-0300] {override.py:1901} INFO - Created Permission View: menu access on DAG Run:dataset_s3_bucket_consumer
[2024-10-10T21:16:17.531-0300] {logging_mixin.py:190} INFO - [2024-10-10T21:16:17.531-0300] {override.py:1901} INFO - Created Permission View: can read on DAG:dataset_s3_bucket_producer
[2024-10-10T21:16:17.544-0300] {logging_mixin.py:190} INFO - [2024-10-10T21:16:17.543-0300] {override.py:1901} INFO - Created Permission View: can edit on DAG:dataset_s3_bucket_producer
[2024-10-10T21:16:17.556-0300] {logging_mixin.py:190} INFO - [2024-10-10T21:16:17.555-0300] {override.py:1901} INFO - Created Permission View: can delete on DAG:dataset_s3_bucket_producer
[2024-10-10T21:16:17.584-0300] {logging_mixin.py:190} INFO - [2024-10-10T21:16:17.583-0300] {override.py:1901} INFO - Created Permission View: can read on DAG Run:dataset_s3_bucket_producer
[2024-10-10T21:16:17.596-0300] {logging_mixin.py:190} INFO - [2024-10-10T21:16:17.595-0300] {override.py:1901} INFO - Created Permission View: can create on DAG Run:dataset_s3_bucket_producer
[2024-10-10T21:16:17.615-0300] {logging_mixin.py:190} INFO - [2024-10-10T21:16:17.614-0300] {override.py:1901} INFO - Created Permission View: can delete on DAG Run:dataset_s3_bucket_producer
[2024-10-10T21:16:17.627-0300] {logging_mixin.py:190} INFO - [2024-10-10T21:16:17.627-0300] {override.py:1901} INFO - Created Permission View: menu access on DAG Run:dataset_s3_bucket_producer
[2024-10-10T21:16:17.660-0300] {logging_mixin.py:190} INFO - [2024-10-10T21:16:17.659-0300] {override.py:1901} INFO - Created Permission View: can read on DAG:dataset_alias_example_alias_producer
[2024-10-10T21:16:17.676-0300] {logging_mixin.py:190} INFO - [2024-10-10T21:16:17.675-0300] {override.py:1901} INFO - Created Permission View: can edit on DAG:dataset_alias_example_alias_producer
[2024-10-10T21:16:17.692-0300] {logging_mixin.py:190} INFO - [2024-10-10T21:16:17.691-0300] {override.py:1901} INFO - Created Permission View: can delete on DAG:dataset_alias_example_alias_producer
[2024-10-10T21:16:17.717-0300] {logging_mixin.py:190} INFO - [2024-10-10T21:16:17.716-0300] {override.py:1901} INFO - Created Permission View: can read on DAG Run:dataset_alias_example_alias_producer
[2024-10-10T21:16:17.729-0300] {logging_mixin.py:190} INFO - [2024-10-10T21:16:17.728-0300] {override.py:1901} INFO - Created Permission View: can create on DAG Run:dataset_alias_example_alias_producer
[2024-10-10T21:16:17.749-0300] {logging_mixin.py:190} INFO - [2024-10-10T21:16:17.749-0300] {override.py:1901} INFO - Created Permission View: can delete on DAG Run:dataset_alias_example_alias_producer
[2024-10-10T21:16:17.766-0300] {logging_mixin.py:190} INFO - [2024-10-10T21:16:17.766-0300] {override.py:1901} INFO - Created Permission View: menu access on DAG Run:dataset_alias_example_alias_producer
[2024-10-10T21:16:17.767-0300] {logging_mixin.py:190} INFO - [2024-10-10T21:16:17.767-0300] {dag.py:3239} INFO - Sync 4 DAGs
[2024-10-10T21:16:17.781-0300] {logging_mixin.py:190} INFO - [2024-10-10T21:16:17.780-0300] {dag.py:3262} INFO - Creating ORM DAG for dataset_s3_bucket_producer
[2024-10-10T21:16:17.782-0300] {logging_mixin.py:190} INFO - [2024-10-10T21:16:17.781-0300] {dag.py:3262} INFO - Creating ORM DAG for dataset_alias_example_alias_consumer
[2024-10-10T21:16:17.782-0300] {logging_mixin.py:190} INFO - [2024-10-10T21:16:17.782-0300] {dag.py:3262} INFO - Creating ORM DAG for dataset_alias_example_alias_producer
[2024-10-10T21:16:17.783-0300] {logging_mixin.py:190} INFO - [2024-10-10T21:16:17.783-0300] {dag.py:3262} INFO - Creating ORM DAG for dataset_s3_bucket_consumer
[2024-10-10T21:16:17.793-0300] {logging_mixin.py:190} INFO - [2024-10-10T21:16:17.793-0300] {dag.py:4180} INFO - Setting next_dagrun for dataset_alias_example_alias_consumer to None, run_after=None
[2024-10-10T21:16:17.794-0300] {logging_mixin.py:190} INFO - [2024-10-10T21:16:17.794-0300] {dag.py:4180} INFO - Setting next_dagrun for dataset_alias_example_alias_producer to None, run_after=None
[2024-10-10T21:16:17.795-0300] {logging_mixin.py:190} INFO - [2024-10-10T21:16:17.795-0300] {dag.py:4180} INFO - Setting next_dagrun for dataset_s3_bucket_consumer to None, run_after=None
[2024-10-10T21:16:17.795-0300] {logging_mixin.py:190} INFO - [2024-10-10T21:16:17.795-0300] {dag.py:4180} INFO - Setting next_dagrun for dataset_s3_bucket_producer to None, run_after=None
[2024-10-10T21:16:17.835-0300] {processor.py:208} INFO - Processing /home/kaueoliveira/desafiolh/airflow_tooltorial/venv/lib/python3.12/site-packages/airflow/example_dags/example_dataset_alias.py took 0.694 seconds
[2024-10-10T21:17:25.858-0300] {processor.py:186} INFO - Started process (PID=18322) to work on /home/kaueoliveira/desafiolh/airflow_tooltorial/venv/lib/python3.12/site-packages/airflow/example_dags/example_dataset_alias.py
[2024-10-10T21:17:25.859-0300] {processor.py:914} INFO - Processing file /home/kaueoliveira/desafiolh/airflow_tooltorial/venv/lib/python3.12/site-packages/airflow/example_dags/example_dataset_alias.py for tasks to queue
[2024-10-10T21:17:25.861-0300] {logging_mixin.py:190} INFO - [2024-10-10T21:17:25.861-0300] {dagbag.py:588} INFO - Filling up the DagBag from /home/kaueoliveira/desafiolh/airflow_tooltorial/venv/lib/python3.12/site-packages/airflow/example_dags/example_dataset_alias.py
[2024-10-10T21:17:25.886-0300] {processor.py:925} INFO - DAG(s) 'dataset_s3_bucket_consumer', 'dataset_s3_bucket_producer', 'dataset_alias_example_alias_producer', 'dataset_alias_example_alias_consumer' retrieved from /home/kaueoliveira/desafiolh/airflow_tooltorial/venv/lib/python3.12/site-packages/airflow/example_dags/example_dataset_alias.py
[2024-10-10T21:17:25.908-0300] {logging_mixin.py:190} INFO - [2024-10-10T21:17:25.908-0300] {dag.py:3239} INFO - Sync 4 DAGs
[2024-10-10T21:17:25.933-0300] {logging_mixin.py:190} INFO - [2024-10-10T21:17:25.933-0300] {dag.py:4180} INFO - Setting next_dagrun for dataset_alias_example_alias_consumer to None, run_after=None
[2024-10-10T21:17:25.936-0300] {logging_mixin.py:190} INFO - [2024-10-10T21:17:25.936-0300] {dag.py:4180} INFO - Setting next_dagrun for dataset_alias_example_alias_producer to None, run_after=None
[2024-10-10T21:17:25.937-0300] {logging_mixin.py:190} INFO - [2024-10-10T21:17:25.937-0300] {dag.py:4180} INFO - Setting next_dagrun for dataset_s3_bucket_consumer to None, run_after=None
[2024-10-10T21:17:25.939-0300] {logging_mixin.py:190} INFO - [2024-10-10T21:17:25.938-0300] {dag.py:4180} INFO - Setting next_dagrun for dataset_s3_bucket_producer to None, run_after=None
[2024-10-10T21:17:25.971-0300] {processor.py:208} INFO - Processing /home/kaueoliveira/desafiolh/airflow_tooltorial/venv/lib/python3.12/site-packages/airflow/example_dags/example_dataset_alias.py took 0.120 seconds
[2024-10-10T21:18:24.714-0300] {processor.py:186} INFO - Started process (PID=18670) to work on /home/kaueoliveira/desafiolh/airflow_tooltorial/venv/lib/python3.12/site-packages/airflow/example_dags/example_dataset_alias.py
[2024-10-10T21:18:24.716-0300] {processor.py:914} INFO - Processing file /home/kaueoliveira/desafiolh/airflow_tooltorial/venv/lib/python3.12/site-packages/airflow/example_dags/example_dataset_alias.py for tasks to queue
[2024-10-10T21:18:24.718-0300] {logging_mixin.py:190} INFO - [2024-10-10T21:18:24.717-0300] {dagbag.py:588} INFO - Filling up the DagBag from /home/kaueoliveira/desafiolh/airflow_tooltorial/venv/lib/python3.12/site-packages/airflow/example_dags/example_dataset_alias.py
[2024-10-10T21:18:24.750-0300] {processor.py:925} INFO - DAG(s) 'dataset_alias_example_alias_consumer', 'dataset_s3_bucket_consumer', 'dataset_s3_bucket_producer', 'dataset_alias_example_alias_producer' retrieved from /home/kaueoliveira/desafiolh/airflow_tooltorial/venv/lib/python3.12/site-packages/airflow/example_dags/example_dataset_alias.py
[2024-10-10T21:18:24.785-0300] {logging_mixin.py:190} INFO - [2024-10-10T21:18:24.785-0300] {dag.py:3239} INFO - Sync 4 DAGs
[2024-10-10T21:18:24.819-0300] {logging_mixin.py:190} INFO - [2024-10-10T21:18:24.818-0300] {dag.py:4180} INFO - Setting next_dagrun for dataset_alias_example_alias_consumer to None, run_after=None
[2024-10-10T21:18:24.823-0300] {logging_mixin.py:190} INFO - [2024-10-10T21:18:24.823-0300] {dag.py:4180} INFO - Setting next_dagrun for dataset_alias_example_alias_producer to None, run_after=None
[2024-10-10T21:18:24.829-0300] {logging_mixin.py:190} INFO - [2024-10-10T21:18:24.828-0300] {dag.py:4180} INFO - Setting next_dagrun for dataset_s3_bucket_consumer to None, run_after=None
[2024-10-10T21:18:24.833-0300] {logging_mixin.py:190} INFO - [2024-10-10T21:18:24.833-0300] {dag.py:4180} INFO - Setting next_dagrun for dataset_s3_bucket_producer to None, run_after=None
[2024-10-10T21:18:24.881-0300] {processor.py:208} INFO - Processing /home/kaueoliveira/desafiolh/airflow_tooltorial/venv/lib/python3.12/site-packages/airflow/example_dags/example_dataset_alias.py took 0.174 seconds
