[2024-10-10T21:16:23.393-0300] {processor.py:186} INFO - Started process (PID=17864) to work on /home/kaueoliveira/desafiolh/airflow_tooltorial/venv/lib/python3.12/site-packages/airflow/example_dags/example_bash_operator.py
[2024-10-10T21:16:23.394-0300] {processor.py:914} INFO - Processing file /home/kaueoliveira/desafiolh/airflow_tooltorial/venv/lib/python3.12/site-packages/airflow/example_dags/example_bash_operator.py for tasks to queue
[2024-10-10T21:16:23.396-0300] {logging_mixin.py:190} INFO - [2024-10-10T21:16:23.396-0300] {dagbag.py:588} INFO - Filling up the DagBag from /home/kaueoliveira/desafiolh/airflow_tooltorial/venv/lib/python3.12/site-packages/airflow/example_dags/example_bash_operator.py
[2024-10-10T21:16:23.413-0300] {processor.py:925} INFO - DAG(s) 'example_bash_operator' retrieved from /home/kaueoliveira/desafiolh/airflow_tooltorial/venv/lib/python3.12/site-packages/airflow/example_dags/example_bash_operator.py
[2024-10-10T21:16:23.575-0300] {logging_mixin.py:190} INFO - [2024-10-10T21:16:23.574-0300] {override.py:1901} INFO - Created Permission View: can read on DAG:example_bash_operator
[2024-10-10T21:16:23.596-0300] {logging_mixin.py:190} INFO - [2024-10-10T21:16:23.595-0300] {override.py:1901} INFO - Created Permission View: can edit on DAG:example_bash_operator
[2024-10-10T21:16:23.611-0300] {logging_mixin.py:190} INFO - [2024-10-10T21:16:23.610-0300] {override.py:1901} INFO - Created Permission View: can delete on DAG:example_bash_operator
[2024-10-10T21:16:23.631-0300] {logging_mixin.py:190} INFO - [2024-10-10T21:16:23.631-0300] {override.py:1901} INFO - Created Permission View: can read on DAG Run:example_bash_operator
[2024-10-10T21:16:23.644-0300] {logging_mixin.py:190} INFO - [2024-10-10T21:16:23.644-0300] {override.py:1901} INFO - Created Permission View: can create on DAG Run:example_bash_operator
[2024-10-10T21:16:23.658-0300] {logging_mixin.py:190} INFO - [2024-10-10T21:16:23.658-0300] {override.py:1901} INFO - Created Permission View: can delete on DAG Run:example_bash_operator
[2024-10-10T21:16:23.677-0300] {logging_mixin.py:190} INFO - [2024-10-10T21:16:23.676-0300] {override.py:1901} INFO - Created Permission View: menu access on DAG Run:example_bash_operator
[2024-10-10T21:16:23.678-0300] {logging_mixin.py:190} INFO - [2024-10-10T21:16:23.677-0300] {dag.py:3239} INFO - Sync 1 DAGs
[2024-10-10T21:16:23.703-0300] {logging_mixin.py:190} INFO - [2024-10-10T21:16:23.702-0300] {dag.py:3262} INFO - Creating ORM DAG for example_bash_operator
[2024-10-10T21:16:23.715-0300] {logging_mixin.py:190} INFO - [2024-10-10T21:16:23.715-0300] {dag.py:4180} INFO - Setting next_dagrun for example_bash_operator to 2024-10-10 00:00:00+00:00, run_after=2024-10-11 00:00:00+00:00
[2024-10-10T21:16:23.764-0300] {processor.py:208} INFO - Processing /home/kaueoliveira/desafiolh/airflow_tooltorial/venv/lib/python3.12/site-packages/airflow/example_dags/example_bash_operator.py took 0.379 seconds
[2024-10-10T21:17:30.084-0300] {processor.py:186} INFO - Started process (PID=18339) to work on /home/kaueoliveira/desafiolh/airflow_tooltorial/venv/lib/python3.12/site-packages/airflow/example_dags/example_bash_operator.py
[2024-10-10T21:17:30.086-0300] {processor.py:914} INFO - Processing file /home/kaueoliveira/desafiolh/airflow_tooltorial/venv/lib/python3.12/site-packages/airflow/example_dags/example_bash_operator.py for tasks to queue
[2024-10-10T21:17:30.088-0300] {logging_mixin.py:190} INFO - [2024-10-10T21:17:30.088-0300] {dagbag.py:588} INFO - Filling up the DagBag from /home/kaueoliveira/desafiolh/airflow_tooltorial/venv/lib/python3.12/site-packages/airflow/example_dags/example_bash_operator.py
[2024-10-10T21:17:30.102-0300] {processor.py:925} INFO - DAG(s) 'example_bash_operator' retrieved from /home/kaueoliveira/desafiolh/airflow_tooltorial/venv/lib/python3.12/site-packages/airflow/example_dags/example_bash_operator.py
[2024-10-10T21:17:30.126-0300] {logging_mixin.py:190} INFO - [2024-10-10T21:17:30.126-0300] {dag.py:3239} INFO - Sync 1 DAGs
[2024-10-10T21:17:30.149-0300] {logging_mixin.py:190} INFO - [2024-10-10T21:17:30.149-0300] {dag.py:4180} INFO - Setting next_dagrun for example_bash_operator to 2024-10-10 00:00:00+00:00, run_after=2024-10-11 00:00:00+00:00
[2024-10-10T21:17:30.177-0300] {processor.py:208} INFO - Processing /home/kaueoliveira/desafiolh/airflow_tooltorial/venv/lib/python3.12/site-packages/airflow/example_dags/example_bash_operator.py took 0.099 seconds
[2024-10-10T21:18:30.114-0300] {processor.py:186} INFO - Started process (PID=18693) to work on /home/kaueoliveira/desafiolh/airflow_tooltorial/venv/lib/python3.12/site-packages/airflow/example_dags/example_bash_operator.py
[2024-10-10T21:18:30.117-0300] {processor.py:914} INFO - Processing file /home/kaueoliveira/desafiolh/airflow_tooltorial/venv/lib/python3.12/site-packages/airflow/example_dags/example_bash_operator.py for tasks to queue
[2024-10-10T21:18:30.121-0300] {logging_mixin.py:190} INFO - [2024-10-10T21:18:30.120-0300] {dagbag.py:588} INFO - Filling up the DagBag from /home/kaueoliveira/desafiolh/airflow_tooltorial/venv/lib/python3.12/site-packages/airflow/example_dags/example_bash_operator.py
[2024-10-10T21:18:30.138-0300] {processor.py:925} INFO - DAG(s) 'example_bash_operator' retrieved from /home/kaueoliveira/desafiolh/airflow_tooltorial/venv/lib/python3.12/site-packages/airflow/example_dags/example_bash_operator.py
[2024-10-10T21:18:30.165-0300] {logging_mixin.py:190} INFO - [2024-10-10T21:18:30.165-0300] {dag.py:3239} INFO - Sync 1 DAGs
[2024-10-10T21:18:30.189-0300] {logging_mixin.py:190} INFO - [2024-10-10T21:18:30.189-0300] {dag.py:4180} INFO - Setting next_dagrun for example_bash_operator to 2024-10-10 00:00:00+00:00, run_after=2024-10-11 00:00:00+00:00
[2024-10-10T21:18:30.234-0300] {processor.py:208} INFO - Processing /home/kaueoliveira/desafiolh/airflow_tooltorial/venv/lib/python3.12/site-packages/airflow/example_dags/example_bash_operator.py took 0.126 seconds
