[2024-10-10T21:15:38.281-0300] {processor.py:186} INFO - Started process (PID=17521) to work on /home/kaueoliveira/desafiolh/airflow_tooltorial/venv/lib/python3.12/site-packages/airflow/example_dags/example_sla_dag.py
[2024-10-10T21:15:38.283-0300] {processor.py:914} INFO - Processing file /home/kaueoliveira/desafiolh/airflow_tooltorial/venv/lib/python3.12/site-packages/airflow/example_dags/example_sla_dag.py for tasks to queue
[2024-10-10T21:15:38.287-0300] {logging_mixin.py:190} INFO - [2024-10-10T21:15:38.287-0300] {dagbag.py:588} INFO - Filling up the DagBag from /home/kaueoliveira/desafiolh/airflow_tooltorial/venv/lib/python3.12/site-packages/airflow/example_dags/example_sla_dag.py
[2024-10-10T21:15:38.317-0300] {processor.py:925} INFO - DAG(s) 'example_sla_dag' retrieved from /home/kaueoliveira/desafiolh/airflow_tooltorial/venv/lib/python3.12/site-packages/airflow/example_dags/example_sla_dag.py
[2024-10-10T21:15:38.550-0300] {logging_mixin.py:190} INFO - [2024-10-10T21:15:38.548-0300] {override.py:1901} INFO - Created Permission View: can read on DAG:example_sla_dag
[2024-10-10T21:15:38.586-0300] {logging_mixin.py:190} INFO - [2024-10-10T21:15:38.585-0300] {override.py:1901} INFO - Created Permission View: can edit on DAG:example_sla_dag
[2024-10-10T21:15:38.605-0300] {logging_mixin.py:190} INFO - [2024-10-10T21:15:38.605-0300] {override.py:1901} INFO - Created Permission View: can delete on DAG:example_sla_dag
[2024-10-10T21:15:38.632-0300] {logging_mixin.py:190} INFO - [2024-10-10T21:15:38.631-0300] {override.py:1901} INFO - Created Permission View: can read on DAG Run:example_sla_dag
[2024-10-10T21:15:38.653-0300] {logging_mixin.py:190} INFO - [2024-10-10T21:15:38.653-0300] {override.py:1901} INFO - Created Permission View: can create on DAG Run:example_sla_dag
[2024-10-10T21:15:38.669-0300] {logging_mixin.py:190} INFO - [2024-10-10T21:15:38.668-0300] {override.py:1901} INFO - Created Permission View: can delete on DAG Run:example_sla_dag
[2024-10-10T21:15:38.687-0300] {logging_mixin.py:190} INFO - [2024-10-10T21:15:38.686-0300] {override.py:1901} INFO - Created Permission View: menu access on DAG Run:example_sla_dag
[2024-10-10T21:15:38.688-0300] {logging_mixin.py:190} INFO - [2024-10-10T21:15:38.687-0300] {dag.py:3239} INFO - Sync 1 DAGs
[2024-10-10T21:15:38.707-0300] {logging_mixin.py:190} INFO - [2024-10-10T21:15:38.707-0300] {dag.py:3262} INFO - Creating ORM DAG for example_sla_dag
[2024-10-10T21:15:38.729-0300] {logging_mixin.py:190} INFO - [2024-10-10T21:15:38.728-0300] {dag.py:4180} INFO - Setting next_dagrun for example_sla_dag to 2024-10-11 00:12:00+00:00, run_after=2024-10-11 00:14:00+00:00
[2024-10-10T21:15:38.773-0300] {processor.py:208} INFO - Processing /home/kaueoliveira/desafiolh/airflow_tooltorial/venv/lib/python3.12/site-packages/airflow/example_dags/example_sla_dag.py took 0.502 seconds
[2024-10-10T21:16:49.276-0300] {processor.py:186} INFO - Started process (PID=18112) to work on /home/kaueoliveira/desafiolh/airflow_tooltorial/venv/lib/python3.12/site-packages/airflow/example_dags/example_sla_dag.py
[2024-10-10T21:16:49.278-0300] {processor.py:914} INFO - Processing file /home/kaueoliveira/desafiolh/airflow_tooltorial/venv/lib/python3.12/site-packages/airflow/example_dags/example_sla_dag.py for tasks to queue
[2024-10-10T21:16:49.281-0300] {logging_mixin.py:190} INFO - [2024-10-10T21:16:49.280-0300] {dagbag.py:588} INFO - Filling up the DagBag from /home/kaueoliveira/desafiolh/airflow_tooltorial/venv/lib/python3.12/site-packages/airflow/example_dags/example_sla_dag.py
[2024-10-10T21:16:49.298-0300] {processor.py:925} INFO - DAG(s) 'example_sla_dag' retrieved from /home/kaueoliveira/desafiolh/airflow_tooltorial/venv/lib/python3.12/site-packages/airflow/example_dags/example_sla_dag.py
[2024-10-10T21:16:49.323-0300] {logging_mixin.py:190} INFO - [2024-10-10T21:16:49.323-0300] {dag.py:3239} INFO - Sync 1 DAGs
[2024-10-10T21:16:49.363-0300] {logging_mixin.py:190} INFO - [2024-10-10T21:16:49.363-0300] {dag.py:4180} INFO - Setting next_dagrun for example_sla_dag to 2024-10-11 00:14:00+00:00, run_after=2024-10-11 00:16:00+00:00
[2024-10-10T21:16:49.400-0300] {processor.py:208} INFO - Processing /home/kaueoliveira/desafiolh/airflow_tooltorial/venv/lib/python3.12/site-packages/airflow/example_dags/example_sla_dag.py took 0.133 seconds
[2024-10-10T21:17:46.078-0300] {processor.py:186} INFO - Started process (PID=18396) to work on /home/kaueoliveira/desafiolh/airflow_tooltorial/venv/lib/python3.12/site-packages/airflow/example_dags/example_sla_dag.py
[2024-10-10T21:17:46.080-0300] {processor.py:914} INFO - Processing file /home/kaueoliveira/desafiolh/airflow_tooltorial/venv/lib/python3.12/site-packages/airflow/example_dags/example_sla_dag.py for tasks to queue
[2024-10-10T21:17:46.082-0300] {logging_mixin.py:190} INFO - [2024-10-10T21:17:46.081-0300] {dagbag.py:588} INFO - Filling up the DagBag from /home/kaueoliveira/desafiolh/airflow_tooltorial/venv/lib/python3.12/site-packages/airflow/example_dags/example_sla_dag.py
[2024-10-10T21:17:46.092-0300] {processor.py:925} INFO - DAG(s) 'example_sla_dag' retrieved from /home/kaueoliveira/desafiolh/airflow_tooltorial/venv/lib/python3.12/site-packages/airflow/example_dags/example_sla_dag.py
[2024-10-10T21:17:46.107-0300] {logging_mixin.py:190} INFO - [2024-10-10T21:17:46.106-0300] {dag.py:3239} INFO - Sync 1 DAGs
[2024-10-10T21:17:46.131-0300] {logging_mixin.py:190} INFO - [2024-10-10T21:17:46.131-0300] {dag.py:4180} INFO - Setting next_dagrun for example_sla_dag to 2024-10-11 00:14:00+00:00, run_after=2024-10-11 00:16:00+00:00
[2024-10-10T21:17:46.164-0300] {processor.py:208} INFO - Processing /home/kaueoliveira/desafiolh/airflow_tooltorial/venv/lib/python3.12/site-packages/airflow/example_dags/example_sla_dag.py took 0.093 seconds
[2024-10-10T21:18:42.231-0300] {processor.py:186} INFO - Started process (PID=18885) to work on /home/kaueoliveira/desafiolh/airflow_tooltorial/venv/lib/python3.12/site-packages/airflow/example_dags/example_sla_dag.py
[2024-10-10T21:18:42.233-0300] {processor.py:914} INFO - Processing file /home/kaueoliveira/desafiolh/airflow_tooltorial/venv/lib/python3.12/site-packages/airflow/example_dags/example_sla_dag.py for tasks to queue
[2024-10-10T21:18:42.235-0300] {logging_mixin.py:190} INFO - [2024-10-10T21:18:42.235-0300] {dagbag.py:588} INFO - Filling up the DagBag from /home/kaueoliveira/desafiolh/airflow_tooltorial/venv/lib/python3.12/site-packages/airflow/example_dags/example_sla_dag.py
[2024-10-10T21:18:42.247-0300] {processor.py:925} INFO - DAG(s) 'example_sla_dag' retrieved from /home/kaueoliveira/desafiolh/airflow_tooltorial/venv/lib/python3.12/site-packages/airflow/example_dags/example_sla_dag.py
[2024-10-10T21:18:42.262-0300] {logging_mixin.py:190} INFO - [2024-10-10T21:18:42.261-0300] {dag.py:3239} INFO - Sync 1 DAGs
[2024-10-10T21:18:42.284-0300] {logging_mixin.py:190} INFO - [2024-10-10T21:18:42.284-0300] {dag.py:4180} INFO - Setting next_dagrun for example_sla_dag to 2024-10-11 00:16:00+00:00, run_after=2024-10-11 00:18:00+00:00
[2024-10-10T21:18:42.313-0300] {processor.py:208} INFO - Processing /home/kaueoliveira/desafiolh/airflow_tooltorial/venv/lib/python3.12/site-packages/airflow/example_dags/example_sla_dag.py took 0.088 seconds
