[2024-10-10T21:15:57.450-0300] {processor.py:186} INFO - Started process (PID=17677) to work on /home/kaueoliveira/desafiolh/airflow_tooltorial/venv/lib/python3.12/site-packages/airflow/example_dags/example_short_circuit_operator.py
[2024-10-10T21:15:57.451-0300] {processor.py:914} INFO - Processing file /home/kaueoliveira/desafiolh/airflow_tooltorial/venv/lib/python3.12/site-packages/airflow/example_dags/example_short_circuit_operator.py for tasks to queue
[2024-10-10T21:15:57.453-0300] {logging_mixin.py:190} INFO - [2024-10-10T21:15:57.452-0300] {dagbag.py:588} INFO - Filling up the DagBag from /home/kaueoliveira/desafiolh/airflow_tooltorial/venv/lib/python3.12/site-packages/airflow/example_dags/example_short_circuit_operator.py
[2024-10-10T21:15:57.463-0300] {processor.py:925} INFO - DAG(s) 'example_short_circuit_operator' retrieved from /home/kaueoliveira/desafiolh/airflow_tooltorial/venv/lib/python3.12/site-packages/airflow/example_dags/example_short_circuit_operator.py
[2024-10-10T21:15:57.597-0300] {logging_mixin.py:190} INFO - [2024-10-10T21:15:57.596-0300] {override.py:1901} INFO - Created Permission View: can read on DAG:example_short_circuit_operator
[2024-10-10T21:15:57.610-0300] {logging_mixin.py:190} INFO - [2024-10-10T21:15:57.610-0300] {override.py:1901} INFO - Created Permission View: can edit on DAG:example_short_circuit_operator
[2024-10-10T21:15:57.622-0300] {logging_mixin.py:190} INFO - [2024-10-10T21:15:57.621-0300] {override.py:1901} INFO - Created Permission View: can delete on DAG:example_short_circuit_operator
[2024-10-10T21:15:57.641-0300] {logging_mixin.py:190} INFO - [2024-10-10T21:15:57.640-0300] {override.py:1901} INFO - Created Permission View: can read on DAG Run:example_short_circuit_operator
[2024-10-10T21:15:57.656-0300] {logging_mixin.py:190} INFO - [2024-10-10T21:15:57.655-0300] {override.py:1901} INFO - Created Permission View: can create on DAG Run:example_short_circuit_operator
[2024-10-10T21:15:57.668-0300] {logging_mixin.py:190} INFO - [2024-10-10T21:15:57.667-0300] {override.py:1901} INFO - Created Permission View: can delete on DAG Run:example_short_circuit_operator
[2024-10-10T21:15:57.679-0300] {logging_mixin.py:190} INFO - [2024-10-10T21:15:57.679-0300] {override.py:1901} INFO - Created Permission View: menu access on DAG Run:example_short_circuit_operator
[2024-10-10T21:15:57.680-0300] {logging_mixin.py:190} INFO - [2024-10-10T21:15:57.680-0300] {dag.py:3239} INFO - Sync 1 DAGs
[2024-10-10T21:15:57.691-0300] {logging_mixin.py:190} INFO - [2024-10-10T21:15:57.691-0300] {dag.py:3262} INFO - Creating ORM DAG for example_short_circuit_operator
[2024-10-10T21:15:57.692-0300] {logging_mixin.py:190} INFO - [2024-10-10T21:15:57.692-0300] {dag.py:4180} INFO - Setting next_dagrun for example_short_circuit_operator to None, run_after=None
[2024-10-10T21:15:57.714-0300] {processor.py:208} INFO - Processing /home/kaueoliveira/desafiolh/airflow_tooltorial/venv/lib/python3.12/site-packages/airflow/example_dags/example_short_circuit_operator.py took 0.271 seconds
[2024-10-10T21:17:04.568-0300] {processor.py:186} INFO - Started process (PID=18184) to work on /home/kaueoliveira/desafiolh/airflow_tooltorial/venv/lib/python3.12/site-packages/airflow/example_dags/example_short_circuit_operator.py
[2024-10-10T21:17:04.570-0300] {processor.py:914} INFO - Processing file /home/kaueoliveira/desafiolh/airflow_tooltorial/venv/lib/python3.12/site-packages/airflow/example_dags/example_short_circuit_operator.py for tasks to queue
[2024-10-10T21:17:04.573-0300] {logging_mixin.py:190} INFO - [2024-10-10T21:17:04.572-0300] {dagbag.py:588} INFO - Filling up the DagBag from /home/kaueoliveira/desafiolh/airflow_tooltorial/venv/lib/python3.12/site-packages/airflow/example_dags/example_short_circuit_operator.py
[2024-10-10T21:17:04.587-0300] {processor.py:925} INFO - DAG(s) 'example_short_circuit_operator' retrieved from /home/kaueoliveira/desafiolh/airflow_tooltorial/venv/lib/python3.12/site-packages/airflow/example_dags/example_short_circuit_operator.py
[2024-10-10T21:17:04.609-0300] {logging_mixin.py:190} INFO - [2024-10-10T21:17:04.609-0300] {dag.py:3239} INFO - Sync 1 DAGs
[2024-10-10T21:17:04.624-0300] {logging_mixin.py:190} INFO - [2024-10-10T21:17:04.624-0300] {dag.py:4180} INFO - Setting next_dagrun for example_short_circuit_operator to None, run_after=None
[2024-10-10T21:17:04.659-0300] {processor.py:208} INFO - Processing /home/kaueoliveira/desafiolh/airflow_tooltorial/venv/lib/python3.12/site-packages/airflow/example_dags/example_short_circuit_operator.py took 0.098 seconds
[2024-10-10T21:18:00.608-0300] {processor.py:186} INFO - Started process (PID=18455) to work on /home/kaueoliveira/desafiolh/airflow_tooltorial/venv/lib/python3.12/site-packages/airflow/example_dags/example_short_circuit_operator.py
[2024-10-10T21:18:00.609-0300] {processor.py:914} INFO - Processing file /home/kaueoliveira/desafiolh/airflow_tooltorial/venv/lib/python3.12/site-packages/airflow/example_dags/example_short_circuit_operator.py for tasks to queue
[2024-10-10T21:18:00.611-0300] {logging_mixin.py:190} INFO - [2024-10-10T21:18:00.611-0300] {dagbag.py:588} INFO - Filling up the DagBag from /home/kaueoliveira/desafiolh/airflow_tooltorial/venv/lib/python3.12/site-packages/airflow/example_dags/example_short_circuit_operator.py
[2024-10-10T21:18:00.620-0300] {processor.py:925} INFO - DAG(s) 'example_short_circuit_operator' retrieved from /home/kaueoliveira/desafiolh/airflow_tooltorial/venv/lib/python3.12/site-packages/airflow/example_dags/example_short_circuit_operator.py
[2024-10-10T21:18:00.645-0300] {logging_mixin.py:190} INFO - [2024-10-10T21:18:00.644-0300] {dag.py:3239} INFO - Sync 1 DAGs
[2024-10-10T21:18:00.660-0300] {logging_mixin.py:190} INFO - [2024-10-10T21:18:00.660-0300] {dag.py:4180} INFO - Setting next_dagrun for example_short_circuit_operator to None, run_after=None
[2024-10-10T21:18:00.686-0300] {processor.py:208} INFO - Processing /home/kaueoliveira/desafiolh/airflow_tooltorial/venv/lib/python3.12/site-packages/airflow/example_dags/example_short_circuit_operator.py took 0.085 seconds
