[2024-10-10T21:16:13.148-0300] {processor.py:186} INFO - Started process (PID=17766) to work on /home/kaueoliveira/desafiolh/airflow_tooltorial/venv/lib/python3.12/site-packages/airflow/example_dags/example_dynamic_task_mapping.py
[2024-10-10T21:16:13.149-0300] {processor.py:914} INFO - Processing file /home/kaueoliveira/desafiolh/airflow_tooltorial/venv/lib/python3.12/site-packages/airflow/example_dags/example_dynamic_task_mapping.py for tasks to queue
[2024-10-10T21:16:13.151-0300] {logging_mixin.py:190} INFO - [2024-10-10T21:16:13.151-0300] {dagbag.py:588} INFO - Filling up the DagBag from /home/kaueoliveira/desafiolh/airflow_tooltorial/venv/lib/python3.12/site-packages/airflow/example_dags/example_dynamic_task_mapping.py
[2024-10-10T21:16:13.159-0300] {processor.py:925} INFO - DAG(s) 'example_dynamic_task_mapping' retrieved from /home/kaueoliveira/desafiolh/airflow_tooltorial/venv/lib/python3.12/site-packages/airflow/example_dags/example_dynamic_task_mapping.py
[2024-10-10T21:16:13.279-0300] {logging_mixin.py:190} INFO - [2024-10-10T21:16:13.278-0300] {override.py:1901} INFO - Created Permission View: can read on DAG:example_dynamic_task_mapping
[2024-10-10T21:16:13.294-0300] {logging_mixin.py:190} INFO - [2024-10-10T21:16:13.293-0300] {override.py:1901} INFO - Created Permission View: can edit on DAG:example_dynamic_task_mapping
[2024-10-10T21:16:13.307-0300] {logging_mixin.py:190} INFO - [2024-10-10T21:16:13.307-0300] {override.py:1901} INFO - Created Permission View: can delete on DAG:example_dynamic_task_mapping
[2024-10-10T21:16:13.327-0300] {logging_mixin.py:190} INFO - [2024-10-10T21:16:13.327-0300] {override.py:1901} INFO - Created Permission View: can read on DAG Run:example_dynamic_task_mapping
[2024-10-10T21:16:13.339-0300] {logging_mixin.py:190} INFO - [2024-10-10T21:16:13.338-0300] {override.py:1901} INFO - Created Permission View: can create on DAG Run:example_dynamic_task_mapping
[2024-10-10T21:16:13.350-0300] {logging_mixin.py:190} INFO - [2024-10-10T21:16:13.350-0300] {override.py:1901} INFO - Created Permission View: can delete on DAG Run:example_dynamic_task_mapping
[2024-10-10T21:16:13.363-0300] {logging_mixin.py:190} INFO - [2024-10-10T21:16:13.362-0300] {override.py:1901} INFO - Created Permission View: menu access on DAG Run:example_dynamic_task_mapping
[2024-10-10T21:16:13.363-0300] {logging_mixin.py:190} INFO - [2024-10-10T21:16:13.363-0300] {dag.py:3239} INFO - Sync 1 DAGs
[2024-10-10T21:16:13.374-0300] {logging_mixin.py:190} INFO - [2024-10-10T21:16:13.374-0300] {dag.py:3262} INFO - Creating ORM DAG for example_dynamic_task_mapping
[2024-10-10T21:16:13.375-0300] {logging_mixin.py:190} INFO - [2024-10-10T21:16:13.375-0300] {dag.py:4180} INFO - Setting next_dagrun for example_dynamic_task_mapping to None, run_after=None
[2024-10-10T21:16:13.400-0300] {processor.py:208} INFO - Processing /home/kaueoliveira/desafiolh/airflow_tooltorial/venv/lib/python3.12/site-packages/airflow/example_dags/example_dynamic_task_mapping.py took 0.258 seconds
[2024-10-10T21:17:23.049-0300] {processor.py:186} INFO - Started process (PID=18313) to work on /home/kaueoliveira/desafiolh/airflow_tooltorial/venv/lib/python3.12/site-packages/airflow/example_dags/example_dynamic_task_mapping.py
[2024-10-10T21:17:23.051-0300] {processor.py:914} INFO - Processing file /home/kaueoliveira/desafiolh/airflow_tooltorial/venv/lib/python3.12/site-packages/airflow/example_dags/example_dynamic_task_mapping.py for tasks to queue
[2024-10-10T21:17:23.054-0300] {logging_mixin.py:190} INFO - [2024-10-10T21:17:23.054-0300] {dagbag.py:588} INFO - Filling up the DagBag from /home/kaueoliveira/desafiolh/airflow_tooltorial/venv/lib/python3.12/site-packages/airflow/example_dags/example_dynamic_task_mapping.py
[2024-10-10T21:17:23.065-0300] {processor.py:925} INFO - DAG(s) 'example_dynamic_task_mapping' retrieved from /home/kaueoliveira/desafiolh/airflow_tooltorial/venv/lib/python3.12/site-packages/airflow/example_dags/example_dynamic_task_mapping.py
[2024-10-10T21:17:23.084-0300] {logging_mixin.py:190} INFO - [2024-10-10T21:17:23.083-0300] {dag.py:3239} INFO - Sync 1 DAGs
[2024-10-10T21:17:23.102-0300] {logging_mixin.py:190} INFO - [2024-10-10T21:17:23.102-0300] {dag.py:4180} INFO - Setting next_dagrun for example_dynamic_task_mapping to None, run_after=None
[2024-10-10T21:17:23.133-0300] {processor.py:208} INFO - Processing /home/kaueoliveira/desafiolh/airflow_tooltorial/venv/lib/python3.12/site-packages/airflow/example_dags/example_dynamic_task_mapping.py took 0.090 seconds
[2024-10-10T21:18:21.705-0300] {processor.py:186} INFO - Started process (PID=18626) to work on /home/kaueoliveira/desafiolh/airflow_tooltorial/venv/lib/python3.12/site-packages/airflow/example_dags/example_dynamic_task_mapping.py
[2024-10-10T21:18:21.709-0300] {processor.py:914} INFO - Processing file /home/kaueoliveira/desafiolh/airflow_tooltorial/venv/lib/python3.12/site-packages/airflow/example_dags/example_dynamic_task_mapping.py for tasks to queue
[2024-10-10T21:18:21.712-0300] {logging_mixin.py:190} INFO - [2024-10-10T21:18:21.711-0300] {dagbag.py:588} INFO - Filling up the DagBag from /home/kaueoliveira/desafiolh/airflow_tooltorial/venv/lib/python3.12/site-packages/airflow/example_dags/example_dynamic_task_mapping.py
[2024-10-10T21:18:21.732-0300] {processor.py:925} INFO - DAG(s) 'example_dynamic_task_mapping' retrieved from /home/kaueoliveira/desafiolh/airflow_tooltorial/venv/lib/python3.12/site-packages/airflow/example_dags/example_dynamic_task_mapping.py
[2024-10-10T21:18:21.766-0300] {logging_mixin.py:190} INFO - [2024-10-10T21:18:21.766-0300] {dag.py:3239} INFO - Sync 1 DAGs
[2024-10-10T21:18:21.792-0300] {logging_mixin.py:190} INFO - [2024-10-10T21:18:21.791-0300] {dag.py:4180} INFO - Setting next_dagrun for example_dynamic_task_mapping to None, run_after=None
[2024-10-10T21:18:21.835-0300] {processor.py:208} INFO - Processing /home/kaueoliveira/desafiolh/airflow_tooltorial/venv/lib/python3.12/site-packages/airflow/example_dags/example_dynamic_task_mapping.py took 0.141 seconds
