[2024-10-10T21:15:32.923-0300] {processor.py:186} INFO - Started process (PID=17436) to work on /home/kaueoliveira/desafiolh/airflow_tooltorial/venv/lib/python3.12/site-packages/airflow/example_dags/example_python_decorator.py
[2024-10-10T21:15:32.924-0300] {processor.py:914} INFO - Processing file /home/kaueoliveira/desafiolh/airflow_tooltorial/venv/lib/python3.12/site-packages/airflow/example_dags/example_python_decorator.py for tasks to queue
[2024-10-10T21:15:32.925-0300] {logging_mixin.py:190} INFO - [2024-10-10T21:15:32.925-0300] {dagbag.py:588} INFO - Filling up the DagBag from /home/kaueoliveira/desafiolh/airflow_tooltorial/venv/lib/python3.12/site-packages/airflow/example_dags/example_python_decorator.py
[2024-10-10T21:15:32.938-0300] {processor.py:925} INFO - DAG(s) 'example_python_decorator' retrieved from /home/kaueoliveira/desafiolh/airflow_tooltorial/venv/lib/python3.12/site-packages/airflow/example_dags/example_python_decorator.py
[2024-10-10T21:15:33.043-0300] {logging_mixin.py:190} INFO - [2024-10-10T21:15:33.042-0300] {override.py:1901} INFO - Created Permission View: can read on DAG:example_python_decorator
[2024-10-10T21:15:33.058-0300] {logging_mixin.py:190} INFO - [2024-10-10T21:15:33.058-0300] {override.py:1901} INFO - Created Permission View: can edit on DAG:example_python_decorator
[2024-10-10T21:15:33.069-0300] {logging_mixin.py:190} INFO - [2024-10-10T21:15:33.069-0300] {override.py:1901} INFO - Created Permission View: can delete on DAG:example_python_decorator
[2024-10-10T21:15:33.090-0300] {logging_mixin.py:190} INFO - [2024-10-10T21:15:33.089-0300] {override.py:1901} INFO - Created Permission View: can read on DAG Run:example_python_decorator
[2024-10-10T21:15:33.101-0300] {logging_mixin.py:190} INFO - [2024-10-10T21:15:33.101-0300] {override.py:1901} INFO - Created Permission View: can create on DAG Run:example_python_decorator
[2024-10-10T21:15:33.112-0300] {logging_mixin.py:190} INFO - [2024-10-10T21:15:33.111-0300] {override.py:1901} INFO - Created Permission View: can delete on DAG Run:example_python_decorator
[2024-10-10T21:15:33.122-0300] {logging_mixin.py:190} INFO - [2024-10-10T21:15:33.122-0300] {override.py:1901} INFO - Created Permission View: menu access on DAG Run:example_python_decorator
[2024-10-10T21:15:33.122-0300] {logging_mixin.py:190} INFO - [2024-10-10T21:15:33.122-0300] {dag.py:3239} INFO - Sync 1 DAGs
[2024-10-10T21:15:33.133-0300] {logging_mixin.py:190} INFO - [2024-10-10T21:15:33.133-0300] {dag.py:3262} INFO - Creating ORM DAG for example_python_decorator
[2024-10-10T21:15:33.134-0300] {logging_mixin.py:190} INFO - [2024-10-10T21:15:33.134-0300] {dag.py:4180} INFO - Setting next_dagrun for example_python_decorator to None, run_after=None
[2024-10-10T21:15:33.155-0300] {processor.py:208} INFO - Processing /home/kaueoliveira/desafiolh/airflow_tooltorial/venv/lib/python3.12/site-packages/airflow/example_dags/example_python_decorator.py took 0.238 seconds
[2024-10-10T21:16:43.244-0300] {processor.py:186} INFO - Started process (PID=18095) to work on /home/kaueoliveira/desafiolh/airflow_tooltorial/venv/lib/python3.12/site-packages/airflow/example_dags/example_python_decorator.py
[2024-10-10T21:16:43.246-0300] {processor.py:914} INFO - Processing file /home/kaueoliveira/desafiolh/airflow_tooltorial/venv/lib/python3.12/site-packages/airflow/example_dags/example_python_decorator.py for tasks to queue
[2024-10-10T21:16:43.249-0300] {logging_mixin.py:190} INFO - [2024-10-10T21:16:43.248-0300] {dagbag.py:588} INFO - Filling up the DagBag from /home/kaueoliveira/desafiolh/airflow_tooltorial/venv/lib/python3.12/site-packages/airflow/example_dags/example_python_decorator.py
[2024-10-10T21:16:43.269-0300] {processor.py:925} INFO - DAG(s) 'example_python_decorator' retrieved from /home/kaueoliveira/desafiolh/airflow_tooltorial/venv/lib/python3.12/site-packages/airflow/example_dags/example_python_decorator.py
[2024-10-10T21:16:43.292-0300] {logging_mixin.py:190} INFO - [2024-10-10T21:16:43.291-0300] {dag.py:3239} INFO - Sync 1 DAGs
[2024-10-10T21:16:43.317-0300] {logging_mixin.py:190} INFO - [2024-10-10T21:16:43.317-0300] {dag.py:4180} INFO - Setting next_dagrun for example_python_decorator to None, run_after=None
[2024-10-10T21:16:43.352-0300] {processor.py:208} INFO - Processing /home/kaueoliveira/desafiolh/airflow_tooltorial/venv/lib/python3.12/site-packages/airflow/example_dags/example_python_decorator.py took 0.114 seconds
[2024-10-10T21:17:40.351-0300] {processor.py:186} INFO - Started process (PID=18379) to work on /home/kaueoliveira/desafiolh/airflow_tooltorial/venv/lib/python3.12/site-packages/airflow/example_dags/example_python_decorator.py
[2024-10-10T21:17:40.353-0300] {processor.py:914} INFO - Processing file /home/kaueoliveira/desafiolh/airflow_tooltorial/venv/lib/python3.12/site-packages/airflow/example_dags/example_python_decorator.py for tasks to queue
[2024-10-10T21:17:40.356-0300] {logging_mixin.py:190} INFO - [2024-10-10T21:17:40.355-0300] {dagbag.py:588} INFO - Filling up the DagBag from /home/kaueoliveira/desafiolh/airflow_tooltorial/venv/lib/python3.12/site-packages/airflow/example_dags/example_python_decorator.py
[2024-10-10T21:17:40.370-0300] {processor.py:925} INFO - DAG(s) 'example_python_decorator' retrieved from /home/kaueoliveira/desafiolh/airflow_tooltorial/venv/lib/python3.12/site-packages/airflow/example_dags/example_python_decorator.py
[2024-10-10T21:17:40.394-0300] {logging_mixin.py:190} INFO - [2024-10-10T21:17:40.394-0300] {dag.py:3239} INFO - Sync 1 DAGs
[2024-10-10T21:17:40.410-0300] {logging_mixin.py:190} INFO - [2024-10-10T21:17:40.410-0300] {dag.py:4180} INFO - Setting next_dagrun for example_python_decorator to None, run_after=None
[2024-10-10T21:17:40.444-0300] {processor.py:208} INFO - Processing /home/kaueoliveira/desafiolh/airflow_tooltorial/venv/lib/python3.12/site-packages/airflow/example_dags/example_python_decorator.py took 0.099 seconds
[2024-10-10T21:18:37.179-0300] {processor.py:186} INFO - Started process (PID=18862) to work on /home/kaueoliveira/desafiolh/airflow_tooltorial/venv/lib/python3.12/site-packages/airflow/example_dags/example_python_decorator.py
[2024-10-10T21:18:37.184-0300] {processor.py:914} INFO - Processing file /home/kaueoliveira/desafiolh/airflow_tooltorial/venv/lib/python3.12/site-packages/airflow/example_dags/example_python_decorator.py for tasks to queue
[2024-10-10T21:18:37.186-0300] {logging_mixin.py:190} INFO - [2024-10-10T21:18:37.186-0300] {dagbag.py:588} INFO - Filling up the DagBag from /home/kaueoliveira/desafiolh/airflow_tooltorial/venv/lib/python3.12/site-packages/airflow/example_dags/example_python_decorator.py
[2024-10-10T21:18:37.201-0300] {processor.py:925} INFO - DAG(s) 'example_python_decorator' retrieved from /home/kaueoliveira/desafiolh/airflow_tooltorial/venv/lib/python3.12/site-packages/airflow/example_dags/example_python_decorator.py
[2024-10-10T21:18:37.217-0300] {logging_mixin.py:190} INFO - [2024-10-10T21:18:37.217-0300] {dag.py:3239} INFO - Sync 1 DAGs
[2024-10-10T21:18:37.228-0300] {logging_mixin.py:190} INFO - [2024-10-10T21:18:37.228-0300] {dag.py:4180} INFO - Setting next_dagrun for example_python_decorator to None, run_after=None
[2024-10-10T21:18:37.249-0300] {processor.py:208} INFO - Processing /home/kaueoliveira/desafiolh/airflow_tooltorial/venv/lib/python3.12/site-packages/airflow/example_dags/example_python_decorator.py took 0.076 seconds
