[2024-10-10T21:16:24.348-0300] {processor.py:186} INFO - Started process (PID=17865) to work on /home/kaueoliveira/desafiolh/airflow_tooltorial/venv/lib/python3.12/site-packages/airflow/example_dags/example_branch_python_dop_operator_3.py
[2024-10-10T21:16:24.349-0300] {processor.py:914} INFO - Processing file /home/kaueoliveira/desafiolh/airflow_tooltorial/venv/lib/python3.12/site-packages/airflow/example_dags/example_branch_python_dop_operator_3.py for tasks to queue
[2024-10-10T21:16:24.352-0300] {logging_mixin.py:190} INFO - [2024-10-10T21:16:24.351-0300] {dagbag.py:588} INFO - Filling up the DagBag from /home/kaueoliveira/desafiolh/airflow_tooltorial/venv/lib/python3.12/site-packages/airflow/example_dags/example_branch_python_dop_operator_3.py
[2024-10-10T21:16:24.364-0300] {processor.py:925} INFO - DAG(s) 'example_branch_dop_operator_v3' retrieved from /home/kaueoliveira/desafiolh/airflow_tooltorial/venv/lib/python3.12/site-packages/airflow/example_dags/example_branch_python_dop_operator_3.py
[2024-10-10T21:16:24.487-0300] {logging_mixin.py:190} INFO - [2024-10-10T21:16:24.486-0300] {override.py:1901} INFO - Created Permission View: can read on DAG:example_branch_dop_operator_v3
[2024-10-10T21:16:24.505-0300] {logging_mixin.py:190} INFO - [2024-10-10T21:16:24.505-0300] {override.py:1901} INFO - Created Permission View: can edit on DAG:example_branch_dop_operator_v3
[2024-10-10T21:16:24.518-0300] {logging_mixin.py:190} INFO - [2024-10-10T21:16:24.517-0300] {override.py:1901} INFO - Created Permission View: can delete on DAG:example_branch_dop_operator_v3
[2024-10-10T21:16:24.538-0300] {logging_mixin.py:190} INFO - [2024-10-10T21:16:24.538-0300] {override.py:1901} INFO - Created Permission View: can read on DAG Run:example_branch_dop_operator_v3
[2024-10-10T21:16:24.551-0300] {logging_mixin.py:190} INFO - [2024-10-10T21:16:24.551-0300] {override.py:1901} INFO - Created Permission View: can create on DAG Run:example_branch_dop_operator_v3
[2024-10-10T21:16:24.563-0300] {logging_mixin.py:190} INFO - [2024-10-10T21:16:24.563-0300] {override.py:1901} INFO - Created Permission View: can delete on DAG Run:example_branch_dop_operator_v3
[2024-10-10T21:16:24.577-0300] {logging_mixin.py:190} INFO - [2024-10-10T21:16:24.576-0300] {override.py:1901} INFO - Created Permission View: menu access on DAG Run:example_branch_dop_operator_v3
[2024-10-10T21:16:24.577-0300] {logging_mixin.py:190} INFO - [2024-10-10T21:16:24.577-0300] {dag.py:3239} INFO - Sync 1 DAGs
[2024-10-10T21:16:24.588-0300] {logging_mixin.py:190} INFO - [2024-10-10T21:16:24.588-0300] {dag.py:3262} INFO - Creating ORM DAG for example_branch_dop_operator_v3
[2024-10-10T21:16:24.600-0300] {logging_mixin.py:190} INFO - [2024-10-10T21:16:24.599-0300] {dag.py:4180} INFO - Setting next_dagrun for example_branch_dop_operator_v3 to 2024-10-11 00:15:00+00:00, run_after=2024-10-11 00:16:00+00:00
[2024-10-10T21:16:24.621-0300] {processor.py:208} INFO - Processing /home/kaueoliveira/desafiolh/airflow_tooltorial/venv/lib/python3.12/site-packages/airflow/example_dags/example_branch_python_dop_operator_3.py took 0.280 seconds
[2024-10-10T21:17:31.354-0300] {processor.py:186} INFO - Started process (PID=18346) to work on /home/kaueoliveira/desafiolh/airflow_tooltorial/venv/lib/python3.12/site-packages/airflow/example_dags/example_branch_python_dop_operator_3.py
[2024-10-10T21:17:31.356-0300] {processor.py:914} INFO - Processing file /home/kaueoliveira/desafiolh/airflow_tooltorial/venv/lib/python3.12/site-packages/airflow/example_dags/example_branch_python_dop_operator_3.py for tasks to queue
[2024-10-10T21:17:31.360-0300] {logging_mixin.py:190} INFO - [2024-10-10T21:17:31.359-0300] {dagbag.py:588} INFO - Filling up the DagBag from /home/kaueoliveira/desafiolh/airflow_tooltorial/venv/lib/python3.12/site-packages/airflow/example_dags/example_branch_python_dop_operator_3.py
[2024-10-10T21:17:31.383-0300] {processor.py:925} INFO - DAG(s) 'example_branch_dop_operator_v3' retrieved from /home/kaueoliveira/desafiolh/airflow_tooltorial/venv/lib/python3.12/site-packages/airflow/example_dags/example_branch_python_dop_operator_3.py
[2024-10-10T21:17:31.415-0300] {logging_mixin.py:190} INFO - [2024-10-10T21:17:31.415-0300] {dag.py:3239} INFO - Sync 1 DAGs
[2024-10-10T21:17:31.467-0300] {logging_mixin.py:190} INFO - [2024-10-10T21:17:31.466-0300] {dag.py:4180} INFO - Setting next_dagrun for example_branch_dop_operator_v3 to 2024-10-11 00:16:00+00:00, run_after=2024-10-11 00:17:00+00:00
[2024-10-10T21:17:31.557-0300] {processor.py:208} INFO - Processing /home/kaueoliveira/desafiolh/airflow_tooltorial/venv/lib/python3.12/site-packages/airflow/example_dags/example_branch_python_dop_operator_3.py took 0.219 seconds
[2024-10-10T21:18:31.380-0300] {processor.py:186} INFO - Started process (PID=18737) to work on /home/kaueoliveira/desafiolh/airflow_tooltorial/venv/lib/python3.12/site-packages/airflow/example_dags/example_branch_python_dop_operator_3.py
[2024-10-10T21:18:31.382-0300] {processor.py:914} INFO - Processing file /home/kaueoliveira/desafiolh/airflow_tooltorial/venv/lib/python3.12/site-packages/airflow/example_dags/example_branch_python_dop_operator_3.py for tasks to queue
[2024-10-10T21:18:31.384-0300] {logging_mixin.py:190} INFO - [2024-10-10T21:18:31.383-0300] {dagbag.py:588} INFO - Filling up the DagBag from /home/kaueoliveira/desafiolh/airflow_tooltorial/venv/lib/python3.12/site-packages/airflow/example_dags/example_branch_python_dop_operator_3.py
[2024-10-10T21:18:31.396-0300] {processor.py:925} INFO - DAG(s) 'example_branch_dop_operator_v3' retrieved from /home/kaueoliveira/desafiolh/airflow_tooltorial/venv/lib/python3.12/site-packages/airflow/example_dags/example_branch_python_dop_operator_3.py
[2024-10-10T21:18:31.416-0300] {logging_mixin.py:190} INFO - [2024-10-10T21:18:31.416-0300] {dag.py:3239} INFO - Sync 1 DAGs
[2024-10-10T21:18:31.451-0300] {logging_mixin.py:190} INFO - [2024-10-10T21:18:31.451-0300] {dag.py:4180} INFO - Setting next_dagrun for example_branch_dop_operator_v3 to 2024-10-11 00:17:00+00:00, run_after=2024-10-11 00:18:00+00:00
[2024-10-10T21:18:31.491-0300] {processor.py:208} INFO - Processing /home/kaueoliveira/desafiolh/airflow_tooltorial/venv/lib/python3.12/site-packages/airflow/example_dags/example_branch_python_dop_operator_3.py took 0.118 seconds
