[2024-10-10T21:15:56.107-0300] {processor.py:186} INFO - Started process (PID=17645) to work on /home/kaueoliveira/desafiolh/airflow_tooltorial/venv/lib/python3.12/site-packages/airflow/example_dags/example_task_group.py
[2024-10-10T21:15:56.108-0300] {processor.py:914} INFO - Processing file /home/kaueoliveira/desafiolh/airflow_tooltorial/venv/lib/python3.12/site-packages/airflow/example_dags/example_task_group.py for tasks to queue
[2024-10-10T21:15:56.109-0300] {logging_mixin.py:190} INFO - [2024-10-10T21:15:56.109-0300] {dagbag.py:588} INFO - Filling up the DagBag from /home/kaueoliveira/desafiolh/airflow_tooltorial/venv/lib/python3.12/site-packages/airflow/example_dags/example_task_group.py
[2024-10-10T21:15:56.117-0300] {processor.py:925} INFO - DAG(s) 'example_task_group' retrieved from /home/kaueoliveira/desafiolh/airflow_tooltorial/venv/lib/python3.12/site-packages/airflow/example_dags/example_task_group.py
[2024-10-10T21:15:56.224-0300] {logging_mixin.py:190} INFO - [2024-10-10T21:15:56.223-0300] {override.py:1901} INFO - Created Permission View: can read on DAG:example_task_group
[2024-10-10T21:15:56.239-0300] {logging_mixin.py:190} INFO - [2024-10-10T21:15:56.238-0300] {override.py:1901} INFO - Created Permission View: can edit on DAG:example_task_group
[2024-10-10T21:15:56.249-0300] {logging_mixin.py:190} INFO - [2024-10-10T21:15:56.249-0300] {override.py:1901} INFO - Created Permission View: can delete on DAG:example_task_group
[2024-10-10T21:15:56.267-0300] {logging_mixin.py:190} INFO - [2024-10-10T21:15:56.267-0300] {override.py:1901} INFO - Created Permission View: can read on DAG Run:example_task_group
[2024-10-10T21:15:56.277-0300] {logging_mixin.py:190} INFO - [2024-10-10T21:15:56.277-0300] {override.py:1901} INFO - Created Permission View: can create on DAG Run:example_task_group
[2024-10-10T21:15:56.287-0300] {logging_mixin.py:190} INFO - [2024-10-10T21:15:56.287-0300] {override.py:1901} INFO - Created Permission View: can delete on DAG Run:example_task_group
[2024-10-10T21:15:56.298-0300] {logging_mixin.py:190} INFO - [2024-10-10T21:15:56.298-0300] {override.py:1901} INFO - Created Permission View: menu access on DAG Run:example_task_group
[2024-10-10T21:15:56.298-0300] {logging_mixin.py:190} INFO - [2024-10-10T21:15:56.298-0300] {dag.py:3239} INFO - Sync 1 DAGs
[2024-10-10T21:15:56.309-0300] {logging_mixin.py:190} INFO - [2024-10-10T21:15:56.308-0300] {dag.py:3262} INFO - Creating ORM DAG for example_task_group
[2024-10-10T21:15:56.309-0300] {logging_mixin.py:190} INFO - [2024-10-10T21:15:56.309-0300] {dag.py:4180} INFO - Setting next_dagrun for example_task_group to None, run_after=None
[2024-10-10T21:15:56.330-0300] {processor.py:208} INFO - Processing /home/kaueoliveira/desafiolh/airflow_tooltorial/venv/lib/python3.12/site-packages/airflow/example_dags/example_task_group.py took 0.230 seconds
[2024-10-10T21:17:03.419-0300] {processor.py:186} INFO - Started process (PID=18176) to work on /home/kaueoliveira/desafiolh/airflow_tooltorial/venv/lib/python3.12/site-packages/airflow/example_dags/example_task_group.py
[2024-10-10T21:17:03.420-0300] {processor.py:914} INFO - Processing file /home/kaueoliveira/desafiolh/airflow_tooltorial/venv/lib/python3.12/site-packages/airflow/example_dags/example_task_group.py for tasks to queue
[2024-10-10T21:17:03.422-0300] {logging_mixin.py:190} INFO - [2024-10-10T21:17:03.422-0300] {dagbag.py:588} INFO - Filling up the DagBag from /home/kaueoliveira/desafiolh/airflow_tooltorial/venv/lib/python3.12/site-packages/airflow/example_dags/example_task_group.py
[2024-10-10T21:17:03.431-0300] {processor.py:925} INFO - DAG(s) 'example_task_group' retrieved from /home/kaueoliveira/desafiolh/airflow_tooltorial/venv/lib/python3.12/site-packages/airflow/example_dags/example_task_group.py
[2024-10-10T21:17:03.448-0300] {logging_mixin.py:190} INFO - [2024-10-10T21:17:03.448-0300] {dag.py:3239} INFO - Sync 1 DAGs
[2024-10-10T21:17:03.461-0300] {logging_mixin.py:190} INFO - [2024-10-10T21:17:03.461-0300] {dag.py:4180} INFO - Setting next_dagrun for example_task_group to None, run_after=None
[2024-10-10T21:17:03.492-0300] {processor.py:208} INFO - Processing /home/kaueoliveira/desafiolh/airflow_tooltorial/venv/lib/python3.12/site-packages/airflow/example_dags/example_task_group.py took 0.080 seconds
[2024-10-10T21:18:00.409-0300] {processor.py:186} INFO - Started process (PID=18454) to work on /home/kaueoliveira/desafiolh/airflow_tooltorial/venv/lib/python3.12/site-packages/airflow/example_dags/example_task_group.py
[2024-10-10T21:18:00.410-0300] {processor.py:914} INFO - Processing file /home/kaueoliveira/desafiolh/airflow_tooltorial/venv/lib/python3.12/site-packages/airflow/example_dags/example_task_group.py for tasks to queue
[2024-10-10T21:18:00.414-0300] {logging_mixin.py:190} INFO - [2024-10-10T21:18:00.413-0300] {dagbag.py:588} INFO - Filling up the DagBag from /home/kaueoliveira/desafiolh/airflow_tooltorial/venv/lib/python3.12/site-packages/airflow/example_dags/example_task_group.py
[2024-10-10T21:18:00.423-0300] {processor.py:925} INFO - DAG(s) 'example_task_group' retrieved from /home/kaueoliveira/desafiolh/airflow_tooltorial/venv/lib/python3.12/site-packages/airflow/example_dags/example_task_group.py
[2024-10-10T21:18:00.439-0300] {logging_mixin.py:190} INFO - [2024-10-10T21:18:00.439-0300] {dag.py:3239} INFO - Sync 1 DAGs
[2024-10-10T21:18:00.451-0300] {logging_mixin.py:190} INFO - [2024-10-10T21:18:00.451-0300] {dag.py:4180} INFO - Setting next_dagrun for example_task_group to None, run_after=None
[2024-10-10T21:18:00.482-0300] {processor.py:208} INFO - Processing /home/kaueoliveira/desafiolh/airflow_tooltorial/venv/lib/python3.12/site-packages/airflow/example_dags/example_task_group.py took 0.080 seconds
