[2024-10-10T21:15:52.727-0300] {processor.py:186} INFO - Started process (PID=17595) to work on /home/kaueoliveira/desafiolh/airflow_tooltorial/venv/lib/python3.12/site-packages/airflow/example_dags/example_params_trigger_ui.py
[2024-10-10T21:15:52.728-0300] {processor.py:914} INFO - Processing file /home/kaueoliveira/desafiolh/airflow_tooltorial/venv/lib/python3.12/site-packages/airflow/example_dags/example_params_trigger_ui.py for tasks to queue
[2024-10-10T21:15:52.730-0300] {logging_mixin.py:190} INFO - [2024-10-10T21:15:52.730-0300] {dagbag.py:588} INFO - Filling up the DagBag from /home/kaueoliveira/desafiolh/airflow_tooltorial/venv/lib/python3.12/site-packages/airflow/example_dags/example_params_trigger_ui.py
[2024-10-10T21:15:52.741-0300] {processor.py:925} INFO - DAG(s) 'example_params_trigger_ui' retrieved from /home/kaueoliveira/desafiolh/airflow_tooltorial/venv/lib/python3.12/site-packages/airflow/example_dags/example_params_trigger_ui.py
[2024-10-10T21:15:52.886-0300] {logging_mixin.py:190} INFO - [2024-10-10T21:15:52.885-0300] {override.py:1901} INFO - Created Permission View: can read on DAG:example_params_trigger_ui
[2024-10-10T21:15:52.903-0300] {logging_mixin.py:190} INFO - [2024-10-10T21:15:52.902-0300] {override.py:1901} INFO - Created Permission View: can edit on DAG:example_params_trigger_ui
[2024-10-10T21:15:52.918-0300] {logging_mixin.py:190} INFO - [2024-10-10T21:15:52.917-0300] {override.py:1901} INFO - Created Permission View: can delete on DAG:example_params_trigger_ui
[2024-10-10T21:15:52.942-0300] {logging_mixin.py:190} INFO - [2024-10-10T21:15:52.941-0300] {override.py:1901} INFO - Created Permission View: can read on DAG Run:example_params_trigger_ui
[2024-10-10T21:15:52.955-0300] {logging_mixin.py:190} INFO - [2024-10-10T21:15:52.954-0300] {override.py:1901} INFO - Created Permission View: can create on DAG Run:example_params_trigger_ui
[2024-10-10T21:15:52.970-0300] {logging_mixin.py:190} INFO - [2024-10-10T21:15:52.970-0300] {override.py:1901} INFO - Created Permission View: can delete on DAG Run:example_params_trigger_ui
[2024-10-10T21:15:52.984-0300] {logging_mixin.py:190} INFO - [2024-10-10T21:15:52.983-0300] {override.py:1901} INFO - Created Permission View: menu access on DAG Run:example_params_trigger_ui
[2024-10-10T21:15:52.984-0300] {logging_mixin.py:190} INFO - [2024-10-10T21:15:52.984-0300] {dag.py:3239} INFO - Sync 1 DAGs
[2024-10-10T21:15:52.996-0300] {logging_mixin.py:190} INFO - [2024-10-10T21:15:52.996-0300] {dag.py:3262} INFO - Creating ORM DAG for example_params_trigger_ui
[2024-10-10T21:15:52.998-0300] {logging_mixin.py:190} INFO - [2024-10-10T21:15:52.997-0300] {dag.py:4180} INFO - Setting next_dagrun for example_params_trigger_ui to None, run_after=None
[2024-10-10T21:15:53.029-0300] {processor.py:208} INFO - Processing /home/kaueoliveira/desafiolh/airflow_tooltorial/venv/lib/python3.12/site-packages/airflow/example_dags/example_params_trigger_ui.py took 0.310 seconds
[2024-10-10T21:17:00.791-0300] {processor.py:186} INFO - Started process (PID=18163) to work on /home/kaueoliveira/desafiolh/airflow_tooltorial/venv/lib/python3.12/site-packages/airflow/example_dags/example_params_trigger_ui.py
[2024-10-10T21:17:00.793-0300] {processor.py:914} INFO - Processing file /home/kaueoliveira/desafiolh/airflow_tooltorial/venv/lib/python3.12/site-packages/airflow/example_dags/example_params_trigger_ui.py for tasks to queue
[2024-10-10T21:17:00.797-0300] {logging_mixin.py:190} INFO - [2024-10-10T21:17:00.796-0300] {dagbag.py:588} INFO - Filling up the DagBag from /home/kaueoliveira/desafiolh/airflow_tooltorial/venv/lib/python3.12/site-packages/airflow/example_dags/example_params_trigger_ui.py
[2024-10-10T21:17:00.809-0300] {processor.py:925} INFO - DAG(s) 'example_params_trigger_ui' retrieved from /home/kaueoliveira/desafiolh/airflow_tooltorial/venv/lib/python3.12/site-packages/airflow/example_dags/example_params_trigger_ui.py
[2024-10-10T21:17:00.864-0300] {logging_mixin.py:190} INFO - [2024-10-10T21:17:00.863-0300] {dag.py:3239} INFO - Sync 1 DAGs
[2024-10-10T21:17:00.880-0300] {logging_mixin.py:190} INFO - [2024-10-10T21:17:00.880-0300] {dag.py:4180} INFO - Setting next_dagrun for example_params_trigger_ui to None, run_after=None
[2024-10-10T21:17:00.908-0300] {processor.py:208} INFO - Processing /home/kaueoliveira/desafiolh/airflow_tooltorial/venv/lib/python3.12/site-packages/airflow/example_dags/example_params_trigger_ui.py took 0.124 seconds
[2024-10-10T21:17:57.670-0300] {processor.py:186} INFO - Started process (PID=18443) to work on /home/kaueoliveira/desafiolh/airflow_tooltorial/venv/lib/python3.12/site-packages/airflow/example_dags/example_params_trigger_ui.py
[2024-10-10T21:17:57.672-0300] {processor.py:914} INFO - Processing file /home/kaueoliveira/desafiolh/airflow_tooltorial/venv/lib/python3.12/site-packages/airflow/example_dags/example_params_trigger_ui.py for tasks to queue
[2024-10-10T21:17:57.675-0300] {logging_mixin.py:190} INFO - [2024-10-10T21:17:57.675-0300] {dagbag.py:588} INFO - Filling up the DagBag from /home/kaueoliveira/desafiolh/airflow_tooltorial/venv/lib/python3.12/site-packages/airflow/example_dags/example_params_trigger_ui.py
[2024-10-10T21:17:57.689-0300] {processor.py:925} INFO - DAG(s) 'example_params_trigger_ui' retrieved from /home/kaueoliveira/desafiolh/airflow_tooltorial/venv/lib/python3.12/site-packages/airflow/example_dags/example_params_trigger_ui.py
[2024-10-10T21:17:57.733-0300] {logging_mixin.py:190} INFO - [2024-10-10T21:17:57.733-0300] {dag.py:3239} INFO - Sync 1 DAGs
[2024-10-10T21:17:57.747-0300] {logging_mixin.py:190} INFO - [2024-10-10T21:17:57.747-0300] {dag.py:4180} INFO - Setting next_dagrun for example_params_trigger_ui to None, run_after=None
[2024-10-10T21:17:57.776-0300] {processor.py:208} INFO - Processing /home/kaueoliveira/desafiolh/airflow_tooltorial/venv/lib/python3.12/site-packages/airflow/example_dags/example_params_trigger_ui.py took 0.111 seconds
