[2024-10-10T21:15:32.384-0300] {processor.py:186} INFO - Started process (PID=17435) to work on /home/kaueoliveira/desafiolh/airflow_tooltorial/venv/lib/python3.12/site-packages/airflow/example_dags/example_params_ui_tutorial.py
[2024-10-10T21:15:32.385-0300] {processor.py:914} INFO - Processing file /home/kaueoliveira/desafiolh/airflow_tooltorial/venv/lib/python3.12/site-packages/airflow/example_dags/example_params_ui_tutorial.py for tasks to queue
[2024-10-10T21:15:32.387-0300] {logging_mixin.py:190} INFO - [2024-10-10T21:15:32.387-0300] {dagbag.py:588} INFO - Filling up the DagBag from /home/kaueoliveira/desafiolh/airflow_tooltorial/venv/lib/python3.12/site-packages/airflow/example_dags/example_params_ui_tutorial.py
[2024-10-10T21:15:32.395-0300] {processor.py:925} INFO - DAG(s) 'example_params_ui_tutorial' retrieved from /home/kaueoliveira/desafiolh/airflow_tooltorial/venv/lib/python3.12/site-packages/airflow/example_dags/example_params_ui_tutorial.py
[2024-10-10T21:15:32.524-0300] {logging_mixin.py:190} INFO - [2024-10-10T21:15:32.524-0300] {override.py:1901} INFO - Created Permission View: can read on DAG:example_params_ui_tutorial
[2024-10-10T21:15:32.539-0300] {logging_mixin.py:190} INFO - [2024-10-10T21:15:32.539-0300] {override.py:1901} INFO - Created Permission View: can edit on DAG:example_params_ui_tutorial
[2024-10-10T21:15:32.550-0300] {logging_mixin.py:190} INFO - [2024-10-10T21:15:32.550-0300] {override.py:1901} INFO - Created Permission View: can delete on DAG:example_params_ui_tutorial
[2024-10-10T21:15:32.568-0300] {logging_mixin.py:190} INFO - [2024-10-10T21:15:32.568-0300] {override.py:1901} INFO - Created Permission View: can read on DAG Run:example_params_ui_tutorial
[2024-10-10T21:15:32.578-0300] {logging_mixin.py:190} INFO - [2024-10-10T21:15:32.578-0300] {override.py:1901} INFO - Created Permission View: can create on DAG Run:example_params_ui_tutorial
[2024-10-10T21:15:32.589-0300] {logging_mixin.py:190} INFO - [2024-10-10T21:15:32.588-0300] {override.py:1901} INFO - Created Permission View: can delete on DAG Run:example_params_ui_tutorial
[2024-10-10T21:15:32.602-0300] {logging_mixin.py:190} INFO - [2024-10-10T21:15:32.601-0300] {override.py:1901} INFO - Created Permission View: menu access on DAG Run:example_params_ui_tutorial
[2024-10-10T21:15:32.602-0300] {logging_mixin.py:190} INFO - [2024-10-10T21:15:32.602-0300] {dag.py:3239} INFO - Sync 1 DAGs
[2024-10-10T21:15:32.614-0300] {logging_mixin.py:190} INFO - [2024-10-10T21:15:32.614-0300] {dag.py:3262} INFO - Creating ORM DAG for example_params_ui_tutorial
[2024-10-10T21:15:32.615-0300] {logging_mixin.py:190} INFO - [2024-10-10T21:15:32.615-0300] {dag.py:4180} INFO - Setting next_dagrun for example_params_ui_tutorial to None, run_after=None
[2024-10-10T21:15:32.637-0300] {processor.py:208} INFO - Processing /home/kaueoliveira/desafiolh/airflow_tooltorial/venv/lib/python3.12/site-packages/airflow/example_dags/example_params_ui_tutorial.py took 0.258 seconds
[2024-10-10T21:16:41.972-0300] {processor.py:186} INFO - Started process (PID=18038) to work on /home/kaueoliveira/desafiolh/airflow_tooltorial/venv/lib/python3.12/site-packages/airflow/example_dags/example_params_ui_tutorial.py
[2024-10-10T21:16:41.975-0300] {processor.py:914} INFO - Processing file /home/kaueoliveira/desafiolh/airflow_tooltorial/venv/lib/python3.12/site-packages/airflow/example_dags/example_params_ui_tutorial.py for tasks to queue
[2024-10-10T21:16:41.979-0300] {logging_mixin.py:190} INFO - [2024-10-10T21:16:41.978-0300] {dagbag.py:588} INFO - Filling up the DagBag from /home/kaueoliveira/desafiolh/airflow_tooltorial/venv/lib/python3.12/site-packages/airflow/example_dags/example_params_ui_tutorial.py
[2024-10-10T21:16:41.995-0300] {processor.py:925} INFO - DAG(s) 'example_params_ui_tutorial' retrieved from /home/kaueoliveira/desafiolh/airflow_tooltorial/venv/lib/python3.12/site-packages/airflow/example_dags/example_params_ui_tutorial.py
[2024-10-10T21:16:42.053-0300] {logging_mixin.py:190} INFO - [2024-10-10T21:16:42.052-0300] {dag.py:3239} INFO - Sync 1 DAGs
[2024-10-10T21:16:42.077-0300] {logging_mixin.py:190} INFO - [2024-10-10T21:16:42.076-0300] {dag.py:4180} INFO - Setting next_dagrun for example_params_ui_tutorial to None, run_after=None
[2024-10-10T21:16:42.131-0300] {processor.py:208} INFO - Processing /home/kaueoliveira/desafiolh/airflow_tooltorial/venv/lib/python3.12/site-packages/airflow/example_dags/example_params_ui_tutorial.py took 0.170 seconds
[2024-10-10T21:17:39.086-0300] {processor.py:186} INFO - Started process (PID=18378) to work on /home/kaueoliveira/desafiolh/airflow_tooltorial/venv/lib/python3.12/site-packages/airflow/example_dags/example_params_ui_tutorial.py
[2024-10-10T21:17:39.088-0300] {processor.py:914} INFO - Processing file /home/kaueoliveira/desafiolh/airflow_tooltorial/venv/lib/python3.12/site-packages/airflow/example_dags/example_params_ui_tutorial.py for tasks to queue
[2024-10-10T21:17:39.090-0300] {logging_mixin.py:190} INFO - [2024-10-10T21:17:39.090-0300] {dagbag.py:588} INFO - Filling up the DagBag from /home/kaueoliveira/desafiolh/airflow_tooltorial/venv/lib/python3.12/site-packages/airflow/example_dags/example_params_ui_tutorial.py
[2024-10-10T21:17:39.100-0300] {processor.py:925} INFO - DAG(s) 'example_params_ui_tutorial' retrieved from /home/kaueoliveira/desafiolh/airflow_tooltorial/venv/lib/python3.12/site-packages/airflow/example_dags/example_params_ui_tutorial.py
[2024-10-10T21:17:39.141-0300] {logging_mixin.py:190} INFO - [2024-10-10T21:17:39.141-0300] {dag.py:3239} INFO - Sync 1 DAGs
[2024-10-10T21:17:39.154-0300] {logging_mixin.py:190} INFO - [2024-10-10T21:17:39.154-0300] {dag.py:4180} INFO - Setting next_dagrun for example_params_ui_tutorial to None, run_after=None
[2024-10-10T21:17:39.186-0300] {processor.py:208} INFO - Processing /home/kaueoliveira/desafiolh/airflow_tooltorial/venv/lib/python3.12/site-packages/airflow/example_dags/example_params_ui_tutorial.py took 0.106 seconds
[2024-10-10T21:18:35.930-0300] {processor.py:186} INFO - Started process (PID=18823) to work on /home/kaueoliveira/desafiolh/airflow_tooltorial/venv/lib/python3.12/site-packages/airflow/example_dags/example_params_ui_tutorial.py
[2024-10-10T21:18:35.932-0300] {processor.py:914} INFO - Processing file /home/kaueoliveira/desafiolh/airflow_tooltorial/venv/lib/python3.12/site-packages/airflow/example_dags/example_params_ui_tutorial.py for tasks to queue
[2024-10-10T21:18:35.936-0300] {logging_mixin.py:190} INFO - [2024-10-10T21:18:35.935-0300] {dagbag.py:588} INFO - Filling up the DagBag from /home/kaueoliveira/desafiolh/airflow_tooltorial/venv/lib/python3.12/site-packages/airflow/example_dags/example_params_ui_tutorial.py
[2024-10-10T21:18:35.947-0300] {processor.py:925} INFO - DAG(s) 'example_params_ui_tutorial' retrieved from /home/kaueoliveira/desafiolh/airflow_tooltorial/venv/lib/python3.12/site-packages/airflow/example_dags/example_params_ui_tutorial.py
[2024-10-10T21:18:35.986-0300] {logging_mixin.py:190} INFO - [2024-10-10T21:18:35.986-0300] {dag.py:3239} INFO - Sync 1 DAGs
[2024-10-10T21:18:35.998-0300] {logging_mixin.py:190} INFO - [2024-10-10T21:18:35.998-0300] {dag.py:4180} INFO - Setting next_dagrun for example_params_ui_tutorial to None, run_after=None
[2024-10-10T21:18:36.027-0300] {processor.py:208} INFO - Processing /home/kaueoliveira/desafiolh/airflow_tooltorial/venv/lib/python3.12/site-packages/airflow/example_dags/example_params_ui_tutorial.py took 0.103 seconds
