[2024-10-10T21:15:45.308-0300] {processor.py:186} INFO - Started process (PID=17544) to work on /home/kaueoliveira/desafiolh/airflow_tooltorial/venv/lib/python3.12/site-packages/airflow/example_dags/example_python_operator.py
[2024-10-10T21:15:45.309-0300] {processor.py:914} INFO - Processing file /home/kaueoliveira/desafiolh/airflow_tooltorial/venv/lib/python3.12/site-packages/airflow/example_dags/example_python_operator.py for tasks to queue
[2024-10-10T21:15:45.310-0300] {logging_mixin.py:190} INFO - [2024-10-10T21:15:45.310-0300] {dagbag.py:588} INFO - Filling up the DagBag from /home/kaueoliveira/desafiolh/airflow_tooltorial/venv/lib/python3.12/site-packages/airflow/example_dags/example_python_operator.py
[2024-10-10T21:15:45.320-0300] {processor.py:925} INFO - DAG(s) 'example_python_operator' retrieved from /home/kaueoliveira/desafiolh/airflow_tooltorial/venv/lib/python3.12/site-packages/airflow/example_dags/example_python_operator.py
[2024-10-10T21:15:45.431-0300] {logging_mixin.py:190} INFO - [2024-10-10T21:15:45.430-0300] {override.py:1901} INFO - Created Permission View: can read on DAG:example_python_operator
[2024-10-10T21:15:45.444-0300] {logging_mixin.py:190} INFO - [2024-10-10T21:15:45.443-0300] {override.py:1901} INFO - Created Permission View: can edit on DAG:example_python_operator
[2024-10-10T21:15:45.454-0300] {logging_mixin.py:190} INFO - [2024-10-10T21:15:45.453-0300] {override.py:1901} INFO - Created Permission View: can delete on DAG:example_python_operator
[2024-10-10T21:15:45.471-0300] {logging_mixin.py:190} INFO - [2024-10-10T21:15:45.470-0300] {override.py:1901} INFO - Created Permission View: can read on DAG Run:example_python_operator
[2024-10-10T21:15:45.483-0300] {logging_mixin.py:190} INFO - [2024-10-10T21:15:45.483-0300] {override.py:1901} INFO - Created Permission View: can create on DAG Run:example_python_operator
[2024-10-10T21:15:45.494-0300] {logging_mixin.py:190} INFO - [2024-10-10T21:15:45.493-0300] {override.py:1901} INFO - Created Permission View: can delete on DAG Run:example_python_operator
[2024-10-10T21:15:45.504-0300] {logging_mixin.py:190} INFO - [2024-10-10T21:15:45.503-0300] {override.py:1901} INFO - Created Permission View: menu access on DAG Run:example_python_operator
[2024-10-10T21:15:45.504-0300] {logging_mixin.py:190} INFO - [2024-10-10T21:15:45.504-0300] {dag.py:3239} INFO - Sync 1 DAGs
[2024-10-10T21:15:45.515-0300] {logging_mixin.py:190} INFO - [2024-10-10T21:15:45.514-0300] {dag.py:3262} INFO - Creating ORM DAG for example_python_operator
[2024-10-10T21:15:45.515-0300] {logging_mixin.py:190} INFO - [2024-10-10T21:15:45.515-0300] {dag.py:4180} INFO - Setting next_dagrun for example_python_operator to None, run_after=None
[2024-10-10T21:15:45.536-0300] {processor.py:208} INFO - Processing /home/kaueoliveira/desafiolh/airflow_tooltorial/venv/lib/python3.12/site-packages/airflow/example_dags/example_python_operator.py took 0.234 seconds
[2024-10-10T21:16:54.405-0300] {processor.py:186} INFO - Started process (PID=18139) to work on /home/kaueoliveira/desafiolh/airflow_tooltorial/venv/lib/python3.12/site-packages/airflow/example_dags/example_python_operator.py
[2024-10-10T21:16:54.407-0300] {processor.py:914} INFO - Processing file /home/kaueoliveira/desafiolh/airflow_tooltorial/venv/lib/python3.12/site-packages/airflow/example_dags/example_python_operator.py for tasks to queue
[2024-10-10T21:16:54.410-0300] {logging_mixin.py:190} INFO - [2024-10-10T21:16:54.409-0300] {dagbag.py:588} INFO - Filling up the DagBag from /home/kaueoliveira/desafiolh/airflow_tooltorial/venv/lib/python3.12/site-packages/airflow/example_dags/example_python_operator.py
[2024-10-10T21:16:54.423-0300] {processor.py:925} INFO - DAG(s) 'example_python_operator' retrieved from /home/kaueoliveira/desafiolh/airflow_tooltorial/venv/lib/python3.12/site-packages/airflow/example_dags/example_python_operator.py
[2024-10-10T21:16:54.443-0300] {logging_mixin.py:190} INFO - [2024-10-10T21:16:54.442-0300] {dag.py:3239} INFO - Sync 1 DAGs
[2024-10-10T21:16:54.458-0300] {logging_mixin.py:190} INFO - [2024-10-10T21:16:54.457-0300] {dag.py:4180} INFO - Setting next_dagrun for example_python_operator to None, run_after=None
[2024-10-10T21:16:54.488-0300] {processor.py:208} INFO - Processing /home/kaueoliveira/desafiolh/airflow_tooltorial/venv/lib/python3.12/site-packages/airflow/example_dags/example_python_operator.py took 0.088 seconds
[2024-10-10T21:17:50.357-0300] {processor.py:186} INFO - Started process (PID=18416) to work on /home/kaueoliveira/desafiolh/airflow_tooltorial/venv/lib/python3.12/site-packages/airflow/example_dags/example_python_operator.py
[2024-10-10T21:17:50.359-0300] {processor.py:914} INFO - Processing file /home/kaueoliveira/desafiolh/airflow_tooltorial/venv/lib/python3.12/site-packages/airflow/example_dags/example_python_operator.py for tasks to queue
[2024-10-10T21:17:50.361-0300] {logging_mixin.py:190} INFO - [2024-10-10T21:17:50.361-0300] {dagbag.py:588} INFO - Filling up the DagBag from /home/kaueoliveira/desafiolh/airflow_tooltorial/venv/lib/python3.12/site-packages/airflow/example_dags/example_python_operator.py
[2024-10-10T21:17:50.375-0300] {processor.py:925} INFO - DAG(s) 'example_python_operator' retrieved from /home/kaueoliveira/desafiolh/airflow_tooltorial/venv/lib/python3.12/site-packages/airflow/example_dags/example_python_operator.py
[2024-10-10T21:17:50.396-0300] {logging_mixin.py:190} INFO - [2024-10-10T21:17:50.396-0300] {dag.py:3239} INFO - Sync 1 DAGs
[2024-10-10T21:17:50.414-0300] {logging_mixin.py:190} INFO - [2024-10-10T21:17:50.413-0300] {dag.py:4180} INFO - Setting next_dagrun for example_python_operator to None, run_after=None
[2024-10-10T21:17:50.450-0300] {processor.py:208} INFO - Processing /home/kaueoliveira/desafiolh/airflow_tooltorial/venv/lib/python3.12/site-packages/airflow/example_dags/example_python_operator.py took 0.100 seconds
[2024-10-10T21:18:46.537-0300] {processor.py:186} INFO - Started process (PID=18902) to work on /home/kaueoliveira/desafiolh/airflow_tooltorial/venv/lib/python3.12/site-packages/airflow/example_dags/example_python_operator.py
[2024-10-10T21:18:46.538-0300] {processor.py:914} INFO - Processing file /home/kaueoliveira/desafiolh/airflow_tooltorial/venv/lib/python3.12/site-packages/airflow/example_dags/example_python_operator.py for tasks to queue
[2024-10-10T21:18:46.541-0300] {logging_mixin.py:190} INFO - [2024-10-10T21:18:46.541-0300] {dagbag.py:588} INFO - Filling up the DagBag from /home/kaueoliveira/desafiolh/airflow_tooltorial/venv/lib/python3.12/site-packages/airflow/example_dags/example_python_operator.py
[2024-10-10T21:18:46.556-0300] {processor.py:925} INFO - DAG(s) 'example_python_operator' retrieved from /home/kaueoliveira/desafiolh/airflow_tooltorial/venv/lib/python3.12/site-packages/airflow/example_dags/example_python_operator.py
[2024-10-10T21:18:46.581-0300] {logging_mixin.py:190} INFO - [2024-10-10T21:18:46.580-0300] {dag.py:3239} INFO - Sync 1 DAGs
[2024-10-10T21:18:46.603-0300] {logging_mixin.py:190} INFO - [2024-10-10T21:18:46.603-0300] {dag.py:4180} INFO - Setting next_dagrun for example_python_operator to None, run_after=None
[2024-10-10T21:18:46.652-0300] {processor.py:208} INFO - Processing /home/kaueoliveira/desafiolh/airflow_tooltorial/venv/lib/python3.12/site-packages/airflow/example_dags/example_python_operator.py took 0.123 seconds
