[2024-10-10T21:15:22.749-0300] {processor.py:186} INFO - Started process (PID=17291) to work on /home/kaueoliveira/desafiolh/airflow_tooltorial/venv/lib/python3.12/site-packages/airflow/example_dags/example_trigger_controller_dag.py
[2024-10-10T21:15:22.750-0300] {processor.py:914} INFO - Processing file /home/kaueoliveira/desafiolh/airflow_tooltorial/venv/lib/python3.12/site-packages/airflow/example_dags/example_trigger_controller_dag.py for tasks to queue
[2024-10-10T21:15:22.754-0300] {logging_mixin.py:190} INFO - [2024-10-10T21:15:22.753-0300] {dagbag.py:588} INFO - Filling up the DagBag from /home/kaueoliveira/desafiolh/airflow_tooltorial/venv/lib/python3.12/site-packages/airflow/example_dags/example_trigger_controller_dag.py
[2024-10-10T21:15:22.766-0300] {processor.py:925} INFO - DAG(s) 'example_trigger_controller_dag' retrieved from /home/kaueoliveira/desafiolh/airflow_tooltorial/venv/lib/python3.12/site-packages/airflow/example_dags/example_trigger_controller_dag.py
[2024-10-10T21:15:22.907-0300] {logging_mixin.py:190} INFO - [2024-10-10T21:15:22.907-0300] {override.py:1901} INFO - Created Permission View: can read on DAG:example_trigger_controller_dag
[2024-10-10T21:15:22.940-0300] {logging_mixin.py:190} INFO - [2024-10-10T21:15:22.940-0300] {override.py:1901} INFO - Created Permission View: can edit on DAG:example_trigger_controller_dag
[2024-10-10T21:15:22.962-0300] {logging_mixin.py:190} INFO - [2024-10-10T21:15:22.961-0300] {override.py:1901} INFO - Created Permission View: can delete on DAG:example_trigger_controller_dag
[2024-10-10T21:15:22.990-0300] {logging_mixin.py:190} INFO - [2024-10-10T21:15:22.989-0300] {override.py:1901} INFO - Created Permission View: can read on DAG Run:example_trigger_controller_dag
[2024-10-10T21:15:23.009-0300] {logging_mixin.py:190} INFO - [2024-10-10T21:15:23.009-0300] {override.py:1901} INFO - Created Permission View: can create on DAG Run:example_trigger_controller_dag
[2024-10-10T21:15:23.020-0300] {logging_mixin.py:190} INFO - [2024-10-10T21:15:23.020-0300] {override.py:1901} INFO - Created Permission View: can delete on DAG Run:example_trigger_controller_dag
[2024-10-10T21:15:23.031-0300] {logging_mixin.py:190} INFO - [2024-10-10T21:15:23.030-0300] {override.py:1901} INFO - Created Permission View: menu access on DAG Run:example_trigger_controller_dag
[2024-10-10T21:15:23.031-0300] {logging_mixin.py:190} INFO - [2024-10-10T21:15:23.031-0300] {dag.py:3239} INFO - Sync 1 DAGs
[2024-10-10T21:15:23.043-0300] {logging_mixin.py:190} INFO - [2024-10-10T21:15:23.042-0300] {dag.py:3262} INFO - Creating ORM DAG for example_trigger_controller_dag
[2024-10-10T21:15:23.054-0300] {logging_mixin.py:190} INFO - [2024-10-10T21:15:23.053-0300] {dag.py:4180} INFO - Setting next_dagrun for example_trigger_controller_dag to 2021-01-01 00:00:00+00:00, run_after=2021-01-01 00:00:00+00:00
[2024-10-10T21:15:23.085-0300] {processor.py:208} INFO - Processing /home/kaueoliveira/desafiolh/airflow_tooltorial/venv/lib/python3.12/site-packages/airflow/example_dags/example_trigger_controller_dag.py took 0.343 seconds
[2024-10-10T21:16:35.119-0300] {processor.py:186} INFO - Started process (PID=17903) to work on /home/kaueoliveira/desafiolh/airflow_tooltorial/venv/lib/python3.12/site-packages/airflow/example_dags/example_trigger_controller_dag.py
[2024-10-10T21:16:35.121-0300] {processor.py:914} INFO - Processing file /home/kaueoliveira/desafiolh/airflow_tooltorial/venv/lib/python3.12/site-packages/airflow/example_dags/example_trigger_controller_dag.py for tasks to queue
[2024-10-10T21:16:35.135-0300] {logging_mixin.py:190} INFO - [2024-10-10T21:16:35.130-0300] {dagbag.py:588} INFO - Filling up the DagBag from /home/kaueoliveira/desafiolh/airflow_tooltorial/venv/lib/python3.12/site-packages/airflow/example_dags/example_trigger_controller_dag.py
[2024-10-10T21:16:35.157-0300] {processor.py:925} INFO - DAG(s) 'example_trigger_controller_dag' retrieved from /home/kaueoliveira/desafiolh/airflow_tooltorial/venv/lib/python3.12/site-packages/airflow/example_dags/example_trigger_controller_dag.py
[2024-10-10T21:16:35.203-0300] {logging_mixin.py:190} INFO - [2024-10-10T21:16:35.202-0300] {dag.py:3239} INFO - Sync 1 DAGs
[2024-10-10T21:16:35.277-0300] {logging_mixin.py:190} INFO - [2024-10-10T21:16:35.276-0300] {dag.py:4180} INFO - Setting next_dagrun for example_trigger_controller_dag to 2021-01-01 00:00:00+00:00, run_after=2021-01-01 00:00:00+00:00
[2024-10-10T21:16:35.380-0300] {processor.py:208} INFO - Processing /home/kaueoliveira/desafiolh/airflow_tooltorial/venv/lib/python3.12/site-packages/airflow/example_dags/example_trigger_controller_dag.py took 0.278 seconds
[2024-10-10T21:17:11.755-0300] {processor.py:186} INFO - Started process (PID=18209) to work on /home/kaueoliveira/desafiolh/airflow_tooltorial/venv/lib/python3.12/site-packages/airflow/example_dags/example_trigger_controller_dag.py
[2024-10-10T21:17:11.757-0300] {processor.py:914} INFO - Processing file /home/kaueoliveira/desafiolh/airflow_tooltorial/venv/lib/python3.12/site-packages/airflow/example_dags/example_trigger_controller_dag.py for tasks to queue
[2024-10-10T21:17:11.760-0300] {logging_mixin.py:190} INFO - [2024-10-10T21:17:11.759-0300] {dagbag.py:588} INFO - Filling up the DagBag from /home/kaueoliveira/desafiolh/airflow_tooltorial/venv/lib/python3.12/site-packages/airflow/example_dags/example_trigger_controller_dag.py
[2024-10-10T21:17:11.769-0300] {processor.py:925} INFO - DAG(s) 'example_trigger_controller_dag' retrieved from /home/kaueoliveira/desafiolh/airflow_tooltorial/venv/lib/python3.12/site-packages/airflow/example_dags/example_trigger_controller_dag.py
[2024-10-10T21:17:11.786-0300] {logging_mixin.py:190} INFO - [2024-10-10T21:17:11.786-0300] {dag.py:3239} INFO - Sync 1 DAGs
[2024-10-10T21:17:11.811-0300] {logging_mixin.py:190} INFO - [2024-10-10T21:17:11.811-0300] {dag.py:4180} INFO - Setting next_dagrun for example_trigger_controller_dag to 2021-01-01 00:00:00+00:00, run_after=2021-01-01 00:00:00+00:00
[2024-10-10T21:17:11.844-0300] {processor.py:208} INFO - Processing /home/kaueoliveira/desafiolh/airflow_tooltorial/venv/lib/python3.12/site-packages/airflow/example_dags/example_trigger_controller_dag.py took 0.096 seconds
[2024-10-10T21:18:06.744-0300] {processor.py:186} INFO - Started process (PID=18508) to work on /home/kaueoliveira/desafiolh/airflow_tooltorial/venv/lib/python3.12/site-packages/airflow/example_dags/example_trigger_controller_dag.py
[2024-10-10T21:18:06.746-0300] {processor.py:914} INFO - Processing file /home/kaueoliveira/desafiolh/airflow_tooltorial/venv/lib/python3.12/site-packages/airflow/example_dags/example_trigger_controller_dag.py for tasks to queue
[2024-10-10T21:18:06.749-0300] {logging_mixin.py:190} INFO - [2024-10-10T21:18:06.749-0300] {dagbag.py:588} INFO - Filling up the DagBag from /home/kaueoliveira/desafiolh/airflow_tooltorial/venv/lib/python3.12/site-packages/airflow/example_dags/example_trigger_controller_dag.py
[2024-10-10T21:18:06.759-0300] {processor.py:925} INFO - DAG(s) 'example_trigger_controller_dag' retrieved from /home/kaueoliveira/desafiolh/airflow_tooltorial/venv/lib/python3.12/site-packages/airflow/example_dags/example_trigger_controller_dag.py
[2024-10-10T21:18:06.778-0300] {logging_mixin.py:190} INFO - [2024-10-10T21:18:06.778-0300] {dag.py:3239} INFO - Sync 1 DAGs
[2024-10-10T21:18:06.808-0300] {logging_mixin.py:190} INFO - [2024-10-10T21:18:06.807-0300] {dag.py:4180} INFO - Setting next_dagrun for example_trigger_controller_dag to 2021-01-01 00:00:00+00:00, run_after=2021-01-01 00:00:00+00:00
[2024-10-10T21:18:06.838-0300] {processor.py:208} INFO - Processing /home/kaueoliveira/desafiolh/airflow_tooltorial/venv/lib/python3.12/site-packages/airflow/example_dags/example_trigger_controller_dag.py took 0.101 seconds
