[2024-10-10T21:16:11.702-0300] {processor.py:186} INFO - Started process (PID=17759) to work on /home/kaueoliveira/desafiolh/airflow_tooltorial/venv/lib/python3.12/site-packages/airflow/example_dags/example_branch_operator.py
[2024-10-10T21:16:11.703-0300] {processor.py:914} INFO - Processing file /home/kaueoliveira/desafiolh/airflow_tooltorial/venv/lib/python3.12/site-packages/airflow/example_dags/example_branch_operator.py for tasks to queue
[2024-10-10T21:16:11.705-0300] {logging_mixin.py:190} INFO - [2024-10-10T21:16:11.704-0300] {dagbag.py:588} INFO - Filling up the DagBag from /home/kaueoliveira/desafiolh/airflow_tooltorial/venv/lib/python3.12/site-packages/airflow/example_dags/example_branch_operator.py
[2024-10-10T21:16:11.721-0300] {processor.py:925} INFO - DAG(s) 'example_branch_operator' retrieved from /home/kaueoliveira/desafiolh/airflow_tooltorial/venv/lib/python3.12/site-packages/airflow/example_dags/example_branch_operator.py
[2024-10-10T21:16:11.853-0300] {logging_mixin.py:190} INFO - [2024-10-10T21:16:11.852-0300] {override.py:1901} INFO - Created Permission View: can read on DAG:example_branch_operator
[2024-10-10T21:16:11.868-0300] {logging_mixin.py:190} INFO - [2024-10-10T21:16:11.868-0300] {override.py:1901} INFO - Created Permission View: can edit on DAG:example_branch_operator
[2024-10-10T21:16:11.881-0300] {logging_mixin.py:190} INFO - [2024-10-10T21:16:11.881-0300] {override.py:1901} INFO - Created Permission View: can delete on DAG:example_branch_operator
[2024-10-10T21:16:11.901-0300] {logging_mixin.py:190} INFO - [2024-10-10T21:16:11.901-0300] {override.py:1901} INFO - Created Permission View: can read on DAG Run:example_branch_operator
[2024-10-10T21:16:11.912-0300] {logging_mixin.py:190} INFO - [2024-10-10T21:16:11.912-0300] {override.py:1901} INFO - Created Permission View: can create on DAG Run:example_branch_operator
[2024-10-10T21:16:11.924-0300] {logging_mixin.py:190} INFO - [2024-10-10T21:16:11.924-0300] {override.py:1901} INFO - Created Permission View: can delete on DAG Run:example_branch_operator
[2024-10-10T21:16:11.939-0300] {logging_mixin.py:190} INFO - [2024-10-10T21:16:11.939-0300] {override.py:1901} INFO - Created Permission View: menu access on DAG Run:example_branch_operator
[2024-10-10T21:16:11.940-0300] {logging_mixin.py:190} INFO - [2024-10-10T21:16:11.940-0300] {dag.py:3239} INFO - Sync 1 DAGs
[2024-10-10T21:16:11.951-0300] {logging_mixin.py:190} INFO - [2024-10-10T21:16:11.951-0300] {dag.py:3262} INFO - Creating ORM DAG for example_branch_operator
[2024-10-10T21:16:11.963-0300] {logging_mixin.py:190} INFO - [2024-10-10T21:16:11.962-0300] {dag.py:4180} INFO - Setting next_dagrun for example_branch_operator to 2024-10-10 00:00:00+00:00, run_after=2024-10-11 00:00:00+00:00
[2024-10-10T21:16:11.994-0300] {processor.py:208} INFO - Processing /home/kaueoliveira/desafiolh/airflow_tooltorial/venv/lib/python3.12/site-packages/airflow/example_dags/example_branch_operator.py took 0.298 seconds
[2024-10-10T21:17:22.092-0300] {processor.py:186} INFO - Started process (PID=18271) to work on /home/kaueoliveira/desafiolh/airflow_tooltorial/venv/lib/python3.12/site-packages/airflow/example_dags/example_branch_operator.py
[2024-10-10T21:17:22.093-0300] {processor.py:914} INFO - Processing file /home/kaueoliveira/desafiolh/airflow_tooltorial/venv/lib/python3.12/site-packages/airflow/example_dags/example_branch_operator.py for tasks to queue
[2024-10-10T21:17:22.097-0300] {logging_mixin.py:190} INFO - [2024-10-10T21:17:22.096-0300] {dagbag.py:588} INFO - Filling up the DagBag from /home/kaueoliveira/desafiolh/airflow_tooltorial/venv/lib/python3.12/site-packages/airflow/example_dags/example_branch_operator.py
[2024-10-10T21:17:22.125-0300] {processor.py:925} INFO - DAG(s) 'example_branch_operator' retrieved from /home/kaueoliveira/desafiolh/airflow_tooltorial/venv/lib/python3.12/site-packages/airflow/example_dags/example_branch_operator.py
[2024-10-10T21:17:22.161-0300] {logging_mixin.py:190} INFO - [2024-10-10T21:17:22.161-0300] {dag.py:3239} INFO - Sync 1 DAGs
[2024-10-10T21:17:22.192-0300] {logging_mixin.py:190} INFO - [2024-10-10T21:17:22.192-0300] {dag.py:4180} INFO - Setting next_dagrun for example_branch_operator to 2024-10-10 00:00:00+00:00, run_after=2024-10-11 00:00:00+00:00
[2024-10-10T21:17:22.225-0300] {processor.py:208} INFO - Processing /home/kaueoliveira/desafiolh/airflow_tooltorial/venv/lib/python3.12/site-packages/airflow/example_dags/example_branch_operator.py took 0.141 seconds
[2024-10-10T21:18:20.342-0300] {processor.py:186} INFO - Started process (PID=18594) to work on /home/kaueoliveira/desafiolh/airflow_tooltorial/venv/lib/python3.12/site-packages/airflow/example_dags/example_branch_operator.py
[2024-10-10T21:18:20.344-0300] {processor.py:914} INFO - Processing file /home/kaueoliveira/desafiolh/airflow_tooltorial/venv/lib/python3.12/site-packages/airflow/example_dags/example_branch_operator.py for tasks to queue
[2024-10-10T21:18:20.348-0300] {logging_mixin.py:190} INFO - [2024-10-10T21:18:20.347-0300] {dagbag.py:588} INFO - Filling up the DagBag from /home/kaueoliveira/desafiolh/airflow_tooltorial/venv/lib/python3.12/site-packages/airflow/example_dags/example_branch_operator.py
[2024-10-10T21:18:20.401-0300] {processor.py:925} INFO - DAG(s) 'example_branch_operator' retrieved from /home/kaueoliveira/desafiolh/airflow_tooltorial/venv/lib/python3.12/site-packages/airflow/example_dags/example_branch_operator.py
[2024-10-10T21:18:20.457-0300] {logging_mixin.py:190} INFO - [2024-10-10T21:18:20.457-0300] {dag.py:3239} INFO - Sync 1 DAGs
[2024-10-10T21:18:20.512-0300] {logging_mixin.py:190} INFO - [2024-10-10T21:18:20.511-0300] {dag.py:4180} INFO - Setting next_dagrun for example_branch_operator to 2024-10-10 00:00:00+00:00, run_after=2024-10-11 00:00:00+00:00
[2024-10-10T21:18:20.569-0300] {processor.py:208} INFO - Processing /home/kaueoliveira/desafiolh/airflow_tooltorial/venv/lib/python3.12/site-packages/airflow/example_dags/example_branch_operator.py took 0.244 seconds
