[2024-10-10T21:16:06.463-0300] {processor.py:186} INFO - Started process (PID=17743) to work on /home/kaueoliveira/desafiolh/airflow_tooltorial/venv/lib/python3.12/site-packages/airflow/example_dags/example_branch_day_of_week_operator.py
[2024-10-10T21:16:06.464-0300] {processor.py:914} INFO - Processing file /home/kaueoliveira/desafiolh/airflow_tooltorial/venv/lib/python3.12/site-packages/airflow/example_dags/example_branch_day_of_week_operator.py for tasks to queue
[2024-10-10T21:16:06.465-0300] {logging_mixin.py:190} INFO - [2024-10-10T21:16:06.465-0300] {dagbag.py:588} INFO - Filling up the DagBag from /home/kaueoliveira/desafiolh/airflow_tooltorial/venv/lib/python3.12/site-packages/airflow/example_dags/example_branch_day_of_week_operator.py
[2024-10-10T21:16:06.476-0300] {processor.py:925} INFO - DAG(s) 'example_weekday_branch_operator' retrieved from /home/kaueoliveira/desafiolh/airflow_tooltorial/venv/lib/python3.12/site-packages/airflow/example_dags/example_branch_day_of_week_operator.py
[2024-10-10T21:16:06.581-0300] {logging_mixin.py:190} INFO - [2024-10-10T21:16:06.580-0300] {override.py:1901} INFO - Created Permission View: can read on DAG:example_weekday_branch_operator
[2024-10-10T21:16:06.595-0300] {logging_mixin.py:190} INFO - [2024-10-10T21:16:06.595-0300] {override.py:1901} INFO - Created Permission View: can edit on DAG:example_weekday_branch_operator
[2024-10-10T21:16:06.605-0300] {logging_mixin.py:190} INFO - [2024-10-10T21:16:06.605-0300] {override.py:1901} INFO - Created Permission View: can delete on DAG:example_weekday_branch_operator
[2024-10-10T21:16:06.622-0300] {logging_mixin.py:190} INFO - [2024-10-10T21:16:06.621-0300] {override.py:1901} INFO - Created Permission View: can read on DAG Run:example_weekday_branch_operator
[2024-10-10T21:16:06.632-0300] {logging_mixin.py:190} INFO - [2024-10-10T21:16:06.632-0300] {override.py:1901} INFO - Created Permission View: can create on DAG Run:example_weekday_branch_operator
[2024-10-10T21:16:06.642-0300] {logging_mixin.py:190} INFO - [2024-10-10T21:16:06.642-0300] {override.py:1901} INFO - Created Permission View: can delete on DAG Run:example_weekday_branch_operator
[2024-10-10T21:16:06.652-0300] {logging_mixin.py:190} INFO - [2024-10-10T21:16:06.652-0300] {override.py:1901} INFO - Created Permission View: menu access on DAG Run:example_weekday_branch_operator
[2024-10-10T21:16:06.652-0300] {logging_mixin.py:190} INFO - [2024-10-10T21:16:06.652-0300] {dag.py:3239} INFO - Sync 1 DAGs
[2024-10-10T21:16:06.663-0300] {logging_mixin.py:190} INFO - [2024-10-10T21:16:06.663-0300] {dag.py:3262} INFO - Creating ORM DAG for example_weekday_branch_operator
[2024-10-10T21:16:06.672-0300] {logging_mixin.py:190} INFO - [2024-10-10T21:16:06.671-0300] {dag.py:4180} INFO - Setting next_dagrun for example_weekday_branch_operator to 2024-10-10 00:00:00+00:00, run_after=2024-10-11 00:00:00+00:00
[2024-10-10T21:16:06.691-0300] {processor.py:208} INFO - Processing /home/kaueoliveira/desafiolh/airflow_tooltorial/venv/lib/python3.12/site-packages/airflow/example_dags/example_branch_day_of_week_operator.py took 0.234 seconds
[2024-10-10T21:17:17.797-0300] {processor.py:186} INFO - Started process (PID=18230) to work on /home/kaueoliveira/desafiolh/airflow_tooltorial/venv/lib/python3.12/site-packages/airflow/example_dags/example_branch_day_of_week_operator.py
[2024-10-10T21:17:17.798-0300] {processor.py:914} INFO - Processing file /home/kaueoliveira/desafiolh/airflow_tooltorial/venv/lib/python3.12/site-packages/airflow/example_dags/example_branch_day_of_week_operator.py for tasks to queue
[2024-10-10T21:17:17.800-0300] {logging_mixin.py:190} INFO - [2024-10-10T21:17:17.800-0300] {dagbag.py:588} INFO - Filling up the DagBag from /home/kaueoliveira/desafiolh/airflow_tooltorial/venv/lib/python3.12/site-packages/airflow/example_dags/example_branch_day_of_week_operator.py
[2024-10-10T21:17:17.813-0300] {processor.py:925} INFO - DAG(s) 'example_weekday_branch_operator' retrieved from /home/kaueoliveira/desafiolh/airflow_tooltorial/venv/lib/python3.12/site-packages/airflow/example_dags/example_branch_day_of_week_operator.py
[2024-10-10T21:17:17.833-0300] {logging_mixin.py:190} INFO - [2024-10-10T21:17:17.833-0300] {dag.py:3239} INFO - Sync 1 DAGs
[2024-10-10T21:17:17.855-0300] {logging_mixin.py:190} INFO - [2024-10-10T21:17:17.855-0300] {dag.py:4180} INFO - Setting next_dagrun for example_weekday_branch_operator to 2024-10-10 00:00:00+00:00, run_after=2024-10-11 00:00:00+00:00
[2024-10-10T21:17:17.889-0300] {processor.py:208} INFO - Processing /home/kaueoliveira/desafiolh/airflow_tooltorial/venv/lib/python3.12/site-packages/airflow/example_dags/example_branch_day_of_week_operator.py took 0.099 seconds
[2024-10-10T21:18:15.109-0300] {processor.py:186} INFO - Started process (PID=18575) to work on /home/kaueoliveira/desafiolh/airflow_tooltorial/venv/lib/python3.12/site-packages/airflow/example_dags/example_branch_day_of_week_operator.py
[2024-10-10T21:18:15.111-0300] {processor.py:914} INFO - Processing file /home/kaueoliveira/desafiolh/airflow_tooltorial/venv/lib/python3.12/site-packages/airflow/example_dags/example_branch_day_of_week_operator.py for tasks to queue
[2024-10-10T21:18:15.114-0300] {logging_mixin.py:190} INFO - [2024-10-10T21:18:15.114-0300] {dagbag.py:588} INFO - Filling up the DagBag from /home/kaueoliveira/desafiolh/airflow_tooltorial/venv/lib/python3.12/site-packages/airflow/example_dags/example_branch_day_of_week_operator.py
[2024-10-10T21:18:15.125-0300] {processor.py:925} INFO - DAG(s) 'example_weekday_branch_operator' retrieved from /home/kaueoliveira/desafiolh/airflow_tooltorial/venv/lib/python3.12/site-packages/airflow/example_dags/example_branch_day_of_week_operator.py
[2024-10-10T21:18:15.143-0300] {logging_mixin.py:190} INFO - [2024-10-10T21:18:15.143-0300] {dag.py:3239} INFO - Sync 1 DAGs
[2024-10-10T21:18:15.165-0300] {logging_mixin.py:190} INFO - [2024-10-10T21:18:15.165-0300] {dag.py:4180} INFO - Setting next_dagrun for example_weekday_branch_operator to 2024-10-10 00:00:00+00:00, run_after=2024-10-11 00:00:00+00:00
[2024-10-10T21:18:15.191-0300] {processor.py:208} INFO - Processing /home/kaueoliveira/desafiolh/airflow_tooltorial/venv/lib/python3.12/site-packages/airflow/example_dags/example_branch_day_of_week_operator.py took 0.088 seconds
