[2024-10-10T21:16:29.760-0300] {processor.py:186} INFO - Started process (PID=17888) to work on /home/kaueoliveira/desafiolh/airflow_tooltorial/venv/lib/python3.12/site-packages/airflow/example_dags/example_dataset_alias_with_no_taskflow.py
[2024-10-10T21:16:29.762-0300] {processor.py:914} INFO - Processing file /home/kaueoliveira/desafiolh/airflow_tooltorial/venv/lib/python3.12/site-packages/airflow/example_dags/example_dataset_alias_with_no_taskflow.py for tasks to queue
[2024-10-10T21:16:29.767-0300] {logging_mixin.py:190} INFO - [2024-10-10T21:16:29.766-0300] {dagbag.py:588} INFO - Filling up the DagBag from /home/kaueoliveira/desafiolh/airflow_tooltorial/venv/lib/python3.12/site-packages/airflow/example_dags/example_dataset_alias_with_no_taskflow.py
[2024-10-10T21:16:29.814-0300] {processor.py:925} INFO - DAG(s) 'dataset_s3_bucket_consumer_with_no_taskflow', 'dataset_alias_example_alias_producer_with_no_taskflow', 'dataset_alias_example_alias_consumer_with_no_taskflow', 'dataset_s3_bucket_producer_with_no_taskflow' retrieved from /home/kaueoliveira/desafiolh/airflow_tooltorial/venv/lib/python3.12/site-packages/airflow/example_dags/example_dataset_alias_with_no_taskflow.py
[2024-10-10T21:16:30.174-0300] {logging_mixin.py:190} INFO - [2024-10-10T21:16:30.172-0300] {override.py:1901} INFO - Created Permission View: can read on DAG:dataset_s3_bucket_consumer_with_no_taskflow
[2024-10-10T21:16:30.206-0300] {logging_mixin.py:190} INFO - [2024-10-10T21:16:30.205-0300] {override.py:1901} INFO - Created Permission View: can edit on DAG:dataset_s3_bucket_consumer_with_no_taskflow
[2024-10-10T21:16:30.231-0300] {logging_mixin.py:190} INFO - [2024-10-10T21:16:30.230-0300] {override.py:1901} INFO - Created Permission View: can delete on DAG:dataset_s3_bucket_consumer_with_no_taskflow
[2024-10-10T21:16:30.256-0300] {logging_mixin.py:190} INFO - [2024-10-10T21:16:30.256-0300] {override.py:1901} INFO - Created Permission View: can read on DAG Run:dataset_s3_bucket_consumer_with_no_taskflow
[2024-10-10T21:16:30.274-0300] {logging_mixin.py:190} INFO - [2024-10-10T21:16:30.274-0300] {override.py:1901} INFO - Created Permission View: can create on DAG Run:dataset_s3_bucket_consumer_with_no_taskflow
[2024-10-10T21:16:30.291-0300] {logging_mixin.py:190} INFO - [2024-10-10T21:16:30.291-0300] {override.py:1901} INFO - Created Permission View: can delete on DAG Run:dataset_s3_bucket_consumer_with_no_taskflow
[2024-10-10T21:16:30.309-0300] {logging_mixin.py:190} INFO - [2024-10-10T21:16:30.308-0300] {override.py:1901} INFO - Created Permission View: menu access on DAG Run:dataset_s3_bucket_consumer_with_no_taskflow
[2024-10-10T21:16:30.350-0300] {logging_mixin.py:190} INFO - [2024-10-10T21:16:30.349-0300] {override.py:1901} INFO - Created Permission View: can read on DAG:dataset_alias_example_alias_producer_with_no_taskflow
[2024-10-10T21:16:30.365-0300] {logging_mixin.py:190} INFO - [2024-10-10T21:16:30.364-0300] {override.py:1901} INFO - Created Permission View: can edit on DAG:dataset_alias_example_alias_producer_with_no_taskflow
[2024-10-10T21:16:30.379-0300] {logging_mixin.py:190} INFO - [2024-10-10T21:16:30.378-0300] {override.py:1901} INFO - Created Permission View: can delete on DAG:dataset_alias_example_alias_producer_with_no_taskflow
[2024-10-10T21:16:30.402-0300] {logging_mixin.py:190} INFO - [2024-10-10T21:16:30.402-0300] {override.py:1901} INFO - Created Permission View: can read on DAG Run:dataset_alias_example_alias_producer_with_no_taskflow
[2024-10-10T21:16:30.416-0300] {logging_mixin.py:190} INFO - [2024-10-10T21:16:30.415-0300] {override.py:1901} INFO - Created Permission View: can create on DAG Run:dataset_alias_example_alias_producer_with_no_taskflow
[2024-10-10T21:16:30.429-0300] {logging_mixin.py:190} INFO - [2024-10-10T21:16:30.429-0300] {override.py:1901} INFO - Created Permission View: can delete on DAG Run:dataset_alias_example_alias_producer_with_no_taskflow
[2024-10-10T21:16:30.443-0300] {logging_mixin.py:190} INFO - [2024-10-10T21:16:30.442-0300] {override.py:1901} INFO - Created Permission View: menu access on DAG Run:dataset_alias_example_alias_producer_with_no_taskflow
[2024-10-10T21:16:30.479-0300] {logging_mixin.py:190} INFO - [2024-10-10T21:16:30.478-0300] {override.py:1901} INFO - Created Permission View: can read on DAG:dataset_alias_example_alias_consumer_with_no_taskflow
[2024-10-10T21:16:30.492-0300] {logging_mixin.py:190} INFO - [2024-10-10T21:16:30.492-0300] {override.py:1901} INFO - Created Permission View: can edit on DAG:dataset_alias_example_alias_consumer_with_no_taskflow
[2024-10-10T21:16:30.506-0300] {logging_mixin.py:190} INFO - [2024-10-10T21:16:30.505-0300] {override.py:1901} INFO - Created Permission View: can delete on DAG:dataset_alias_example_alias_consumer_with_no_taskflow
[2024-10-10T21:16:30.528-0300] {logging_mixin.py:190} INFO - [2024-10-10T21:16:30.527-0300] {override.py:1901} INFO - Created Permission View: can read on DAG Run:dataset_alias_example_alias_consumer_with_no_taskflow
[2024-10-10T21:16:30.542-0300] {logging_mixin.py:190} INFO - [2024-10-10T21:16:30.541-0300] {override.py:1901} INFO - Created Permission View: can create on DAG Run:dataset_alias_example_alias_consumer_with_no_taskflow
[2024-10-10T21:16:30.557-0300] {logging_mixin.py:190} INFO - [2024-10-10T21:16:30.556-0300] {override.py:1901} INFO - Created Permission View: can delete on DAG Run:dataset_alias_example_alias_consumer_with_no_taskflow
[2024-10-10T21:16:30.573-0300] {logging_mixin.py:190} INFO - [2024-10-10T21:16:30.572-0300] {override.py:1901} INFO - Created Permission View: menu access on DAG Run:dataset_alias_example_alias_consumer_with_no_taskflow
[2024-10-10T21:16:30.610-0300] {logging_mixin.py:190} INFO - [2024-10-10T21:16:30.609-0300] {override.py:1901} INFO - Created Permission View: can read on DAG:dataset_s3_bucket_producer_with_no_taskflow
[2024-10-10T21:16:30.631-0300] {logging_mixin.py:190} INFO - [2024-10-10T21:16:30.631-0300] {override.py:1901} INFO - Created Permission View: can edit on DAG:dataset_s3_bucket_producer_with_no_taskflow
[2024-10-10T21:16:30.658-0300] {logging_mixin.py:190} INFO - [2024-10-10T21:16:30.657-0300] {override.py:1901} INFO - Created Permission View: can delete on DAG:dataset_s3_bucket_producer_with_no_taskflow
[2024-10-10T21:16:30.683-0300] {logging_mixin.py:190} INFO - [2024-10-10T21:16:30.683-0300] {override.py:1901} INFO - Created Permission View: can read on DAG Run:dataset_s3_bucket_producer_with_no_taskflow
[2024-10-10T21:16:30.701-0300] {logging_mixin.py:190} INFO - [2024-10-10T21:16:30.701-0300] {override.py:1901} INFO - Created Permission View: can create on DAG Run:dataset_s3_bucket_producer_with_no_taskflow
[2024-10-10T21:16:30.717-0300] {logging_mixin.py:190} INFO - [2024-10-10T21:16:30.715-0300] {override.py:1901} INFO - Created Permission View: can delete on DAG Run:dataset_s3_bucket_producer_with_no_taskflow
[2024-10-10T21:16:30.733-0300] {logging_mixin.py:190} INFO - [2024-10-10T21:16:30.732-0300] {override.py:1901} INFO - Created Permission View: menu access on DAG Run:dataset_s3_bucket_producer_with_no_taskflow
[2024-10-10T21:16:30.733-0300] {logging_mixin.py:190} INFO - [2024-10-10T21:16:30.733-0300] {dag.py:3239} INFO - Sync 4 DAGs
[2024-10-10T21:16:30.752-0300] {logging_mixin.py:190} INFO - [2024-10-10T21:16:30.752-0300] {dag.py:3262} INFO - Creating ORM DAG for dataset_alias_example_alias_consumer_with_no_taskflow
[2024-10-10T21:16:30.753-0300] {logging_mixin.py:190} INFO - [2024-10-10T21:16:30.753-0300] {dag.py:3262} INFO - Creating ORM DAG for dataset_s3_bucket_producer_with_no_taskflow
[2024-10-10T21:16:30.754-0300] {logging_mixin.py:190} INFO - [2024-10-10T21:16:30.754-0300] {dag.py:3262} INFO - Creating ORM DAG for dataset_alias_example_alias_producer_with_no_taskflow
[2024-10-10T21:16:30.755-0300] {logging_mixin.py:190} INFO - [2024-10-10T21:16:30.755-0300] {dag.py:3262} INFO - Creating ORM DAG for dataset_s3_bucket_consumer_with_no_taskflow
[2024-10-10T21:16:30.775-0300] {logging_mixin.py:190} INFO - [2024-10-10T21:16:30.775-0300] {dag.py:4180} INFO - Setting next_dagrun for dataset_alias_example_alias_consumer_with_no_taskflow to None, run_after=None
[2024-10-10T21:16:30.779-0300] {logging_mixin.py:190} INFO - [2024-10-10T21:16:30.778-0300] {dag.py:4180} INFO - Setting next_dagrun for dataset_alias_example_alias_producer_with_no_taskflow to None, run_after=None
[2024-10-10T21:16:30.781-0300] {logging_mixin.py:190} INFO - [2024-10-10T21:16:30.780-0300] {dag.py:4180} INFO - Setting next_dagrun for dataset_s3_bucket_consumer_with_no_taskflow to None, run_after=None
[2024-10-10T21:16:30.783-0300] {logging_mixin.py:190} INFO - [2024-10-10T21:16:30.782-0300] {dag.py:4180} INFO - Setting next_dagrun for dataset_s3_bucket_producer_with_no_taskflow to None, run_after=None
[2024-10-10T21:16:30.835-0300] {processor.py:208} INFO - Processing /home/kaueoliveira/desafiolh/airflow_tooltorial/venv/lib/python3.12/site-packages/airflow/example_dags/example_dataset_alias_with_no_taskflow.py took 1.085 seconds
[2024-10-10T21:17:37.182-0300] {processor.py:186} INFO - Started process (PID=18369) to work on /home/kaueoliveira/desafiolh/airflow_tooltorial/venv/lib/python3.12/site-packages/airflow/example_dags/example_dataset_alias_with_no_taskflow.py
[2024-10-10T21:17:37.184-0300] {processor.py:914} INFO - Processing file /home/kaueoliveira/desafiolh/airflow_tooltorial/venv/lib/python3.12/site-packages/airflow/example_dags/example_dataset_alias_with_no_taskflow.py for tasks to queue
[2024-10-10T21:17:37.186-0300] {logging_mixin.py:190} INFO - [2024-10-10T21:17:37.186-0300] {dagbag.py:588} INFO - Filling up the DagBag from /home/kaueoliveira/desafiolh/airflow_tooltorial/venv/lib/python3.12/site-packages/airflow/example_dags/example_dataset_alias_with_no_taskflow.py
[2024-10-10T21:17:37.209-0300] {processor.py:925} INFO - DAG(s) 'dataset_alias_example_alias_producer_with_no_taskflow', 'dataset_s3_bucket_producer_with_no_taskflow', 'dataset_s3_bucket_consumer_with_no_taskflow', 'dataset_alias_example_alias_consumer_with_no_taskflow' retrieved from /home/kaueoliveira/desafiolh/airflow_tooltorial/venv/lib/python3.12/site-packages/airflow/example_dags/example_dataset_alias_with_no_taskflow.py
[2024-10-10T21:17:37.233-0300] {logging_mixin.py:190} INFO - [2024-10-10T21:17:37.232-0300] {dag.py:3239} INFO - Sync 4 DAGs
[2024-10-10T21:17:37.272-0300] {logging_mixin.py:190} INFO - [2024-10-10T21:17:37.272-0300] {dag.py:4180} INFO - Setting next_dagrun for dataset_alias_example_alias_consumer_with_no_taskflow to None, run_after=None
[2024-10-10T21:17:37.283-0300] {logging_mixin.py:190} INFO - [2024-10-10T21:17:37.282-0300] {dag.py:4180} INFO - Setting next_dagrun for dataset_alias_example_alias_producer_with_no_taskflow to None, run_after=None
[2024-10-10T21:17:37.288-0300] {logging_mixin.py:190} INFO - [2024-10-10T21:17:37.288-0300] {dag.py:4180} INFO - Setting next_dagrun for dataset_s3_bucket_consumer_with_no_taskflow to None, run_after=None
[2024-10-10T21:17:37.290-0300] {logging_mixin.py:190} INFO - [2024-10-10T21:17:37.290-0300] {dag.py:4180} INFO - Setting next_dagrun for dataset_s3_bucket_producer_with_no_taskflow to None, run_after=None
[2024-10-10T21:17:37.348-0300] {processor.py:208} INFO - Processing /home/kaueoliveira/desafiolh/airflow_tooltorial/venv/lib/python3.12/site-packages/airflow/example_dags/example_dataset_alias_with_no_taskflow.py took 0.172 seconds
