[2024-10-10T21:16:16.241-0300] {processor.py:186} INFO - Started process (PID=17774) to work on /home/kaueoliveira/desafiolh/airflow_tooltorial/venv/lib/python3.12/site-packages/airflow/example_dags/example_complex.py
[2024-10-10T21:16:16.242-0300] {processor.py:914} INFO - Processing file /home/kaueoliveira/desafiolh/airflow_tooltorial/venv/lib/python3.12/site-packages/airflow/example_dags/example_complex.py for tasks to queue
[2024-10-10T21:16:16.245-0300] {logging_mixin.py:190} INFO - [2024-10-10T21:16:16.244-0300] {dagbag.py:588} INFO - Filling up the DagBag from /home/kaueoliveira/desafiolh/airflow_tooltorial/venv/lib/python3.12/site-packages/airflow/example_dags/example_complex.py
[2024-10-10T21:16:16.261-0300] {processor.py:925} INFO - DAG(s) 'example_complex' retrieved from /home/kaueoliveira/desafiolh/airflow_tooltorial/venv/lib/python3.12/site-packages/airflow/example_dags/example_complex.py
[2024-10-10T21:16:16.393-0300] {logging_mixin.py:190} INFO - [2024-10-10T21:16:16.392-0300] {override.py:1901} INFO - Created Permission View: can read on DAG:example_complex
[2024-10-10T21:16:16.411-0300] {logging_mixin.py:190} INFO - [2024-10-10T21:16:16.410-0300] {override.py:1901} INFO - Created Permission View: can edit on DAG:example_complex
[2024-10-10T21:16:16.424-0300] {logging_mixin.py:190} INFO - [2024-10-10T21:16:16.423-0300] {override.py:1901} INFO - Created Permission View: can delete on DAG:example_complex
[2024-10-10T21:16:16.446-0300] {logging_mixin.py:190} INFO - [2024-10-10T21:16:16.445-0300] {override.py:1901} INFO - Created Permission View: can read on DAG Run:example_complex
[2024-10-10T21:16:16.460-0300] {logging_mixin.py:190} INFO - [2024-10-10T21:16:16.460-0300] {override.py:1901} INFO - Created Permission View: can create on DAG Run:example_complex
[2024-10-10T21:16:16.473-0300] {logging_mixin.py:190} INFO - [2024-10-10T21:16:16.472-0300] {override.py:1901} INFO - Created Permission View: can delete on DAG Run:example_complex
[2024-10-10T21:16:16.487-0300] {logging_mixin.py:190} INFO - [2024-10-10T21:16:16.487-0300] {override.py:1901} INFO - Created Permission View: menu access on DAG Run:example_complex
[2024-10-10T21:16:16.488-0300] {logging_mixin.py:190} INFO - [2024-10-10T21:16:16.487-0300] {dag.py:3239} INFO - Sync 1 DAGs
[2024-10-10T21:16:16.503-0300] {logging_mixin.py:190} INFO - [2024-10-10T21:16:16.503-0300] {dag.py:3262} INFO - Creating ORM DAG for example_complex
[2024-10-10T21:16:16.504-0300] {logging_mixin.py:190} INFO - [2024-10-10T21:16:16.504-0300] {dag.py:4180} INFO - Setting next_dagrun for example_complex to None, run_after=None
[2024-10-10T21:16:16.539-0300] {processor.py:208} INFO - Processing /home/kaueoliveira/desafiolh/airflow_tooltorial/venv/lib/python3.12/site-packages/airflow/example_dags/example_complex.py took 0.305 seconds
[2024-10-10T21:17:25.410-0300] {processor.py:186} INFO - Started process (PID=18321) to work on /home/kaueoliveira/desafiolh/airflow_tooltorial/venv/lib/python3.12/site-packages/airflow/example_dags/example_complex.py
[2024-10-10T21:17:25.411-0300] {processor.py:914} INFO - Processing file /home/kaueoliveira/desafiolh/airflow_tooltorial/venv/lib/python3.12/site-packages/airflow/example_dags/example_complex.py for tasks to queue
[2024-10-10T21:17:25.414-0300] {logging_mixin.py:190} INFO - [2024-10-10T21:17:25.414-0300] {dagbag.py:588} INFO - Filling up the DagBag from /home/kaueoliveira/desafiolh/airflow_tooltorial/venv/lib/python3.12/site-packages/airflow/example_dags/example_complex.py
[2024-10-10T21:17:25.429-0300] {processor.py:925} INFO - DAG(s) 'example_complex' retrieved from /home/kaueoliveira/desafiolh/airflow_tooltorial/venv/lib/python3.12/site-packages/airflow/example_dags/example_complex.py
[2024-10-10T21:17:25.464-0300] {logging_mixin.py:190} INFO - [2024-10-10T21:17:25.463-0300] {dag.py:3239} INFO - Sync 1 DAGs
[2024-10-10T21:17:25.485-0300] {logging_mixin.py:190} INFO - [2024-10-10T21:17:25.484-0300] {dag.py:4180} INFO - Setting next_dagrun for example_complex to None, run_after=None
[2024-10-10T21:17:25.516-0300] {processor.py:208} INFO - Processing /home/kaueoliveira/desafiolh/airflow_tooltorial/venv/lib/python3.12/site-packages/airflow/example_dags/example_complex.py took 0.114 seconds
[2024-10-10T21:18:23.332-0300] {processor.py:186} INFO - Started process (PID=18669) to work on /home/kaueoliveira/desafiolh/airflow_tooltorial/venv/lib/python3.12/site-packages/airflow/example_dags/example_complex.py
[2024-10-10T21:18:23.335-0300] {processor.py:914} INFO - Processing file /home/kaueoliveira/desafiolh/airflow_tooltorial/venv/lib/python3.12/site-packages/airflow/example_dags/example_complex.py for tasks to queue
[2024-10-10T21:18:23.339-0300] {logging_mixin.py:190} INFO - [2024-10-10T21:18:23.338-0300] {dagbag.py:588} INFO - Filling up the DagBag from /home/kaueoliveira/desafiolh/airflow_tooltorial/venv/lib/python3.12/site-packages/airflow/example_dags/example_complex.py
[2024-10-10T21:18:23.389-0300] {processor.py:925} INFO - DAG(s) 'example_complex' retrieved from /home/kaueoliveira/desafiolh/airflow_tooltorial/venv/lib/python3.12/site-packages/airflow/example_dags/example_complex.py
[2024-10-10T21:18:23.463-0300] {logging_mixin.py:190} INFO - [2024-10-10T21:18:23.463-0300] {dag.py:3239} INFO - Sync 1 DAGs
[2024-10-10T21:18:23.500-0300] {logging_mixin.py:190} INFO - [2024-10-10T21:18:23.499-0300] {dag.py:4180} INFO - Setting next_dagrun for example_complex to None, run_after=None
[2024-10-10T21:18:23.552-0300] {processor.py:208} INFO - Processing /home/kaueoliveira/desafiolh/airflow_tooltorial/venv/lib/python3.12/site-packages/airflow/example_dags/example_complex.py took 0.230 seconds
