[2024-10-10T21:15:36.959-0300] {processor.py:186} INFO - Started process (PID=17513) to work on /home/kaueoliveira/desafiolh/airflow_tooltorial/venv/lib/python3.12/site-packages/airflow/example_dags/example_setup_teardown.py
[2024-10-10T21:15:36.959-0300] {processor.py:914} INFO - Processing file /home/kaueoliveira/desafiolh/airflow_tooltorial/venv/lib/python3.12/site-packages/airflow/example_dags/example_setup_teardown.py for tasks to queue
[2024-10-10T21:15:36.961-0300] {logging_mixin.py:190} INFO - [2024-10-10T21:15:36.961-0300] {dagbag.py:588} INFO - Filling up the DagBag from /home/kaueoliveira/desafiolh/airflow_tooltorial/venv/lib/python3.12/site-packages/airflow/example_dags/example_setup_teardown.py
[2024-10-10T21:15:36.969-0300] {processor.py:925} INFO - DAG(s) 'example_setup_teardown' retrieved from /home/kaueoliveira/desafiolh/airflow_tooltorial/venv/lib/python3.12/site-packages/airflow/example_dags/example_setup_teardown.py
[2024-10-10T21:15:37.068-0300] {logging_mixin.py:190} INFO - [2024-10-10T21:15:37.067-0300] {override.py:1901} INFO - Created Permission View: can read on DAG:example_setup_teardown
[2024-10-10T21:15:37.082-0300] {logging_mixin.py:190} INFO - [2024-10-10T21:15:37.082-0300] {override.py:1901} INFO - Created Permission View: can edit on DAG:example_setup_teardown
[2024-10-10T21:15:37.092-0300] {logging_mixin.py:190} INFO - [2024-10-10T21:15:37.092-0300] {override.py:1901} INFO - Created Permission View: can delete on DAG:example_setup_teardown
[2024-10-10T21:15:37.109-0300] {logging_mixin.py:190} INFO - [2024-10-10T21:15:37.109-0300] {override.py:1901} INFO - Created Permission View: can read on DAG Run:example_setup_teardown
[2024-10-10T21:15:37.119-0300] {logging_mixin.py:190} INFO - [2024-10-10T21:15:37.119-0300] {override.py:1901} INFO - Created Permission View: can create on DAG Run:example_setup_teardown
[2024-10-10T21:15:37.130-0300] {logging_mixin.py:190} INFO - [2024-10-10T21:15:37.130-0300] {override.py:1901} INFO - Created Permission View: can delete on DAG Run:example_setup_teardown
[2024-10-10T21:15:37.140-0300] {logging_mixin.py:190} INFO - [2024-10-10T21:15:37.140-0300] {override.py:1901} INFO - Created Permission View: menu access on DAG Run:example_setup_teardown
[2024-10-10T21:15:37.141-0300] {logging_mixin.py:190} INFO - [2024-10-10T21:15:37.141-0300] {dag.py:3239} INFO - Sync 1 DAGs
[2024-10-10T21:15:37.157-0300] {logging_mixin.py:190} INFO - [2024-10-10T21:15:37.157-0300] {dag.py:3262} INFO - Creating ORM DAG for example_setup_teardown
[2024-10-10T21:15:37.158-0300] {logging_mixin.py:190} INFO - [2024-10-10T21:15:37.158-0300] {dag.py:4180} INFO - Setting next_dagrun for example_setup_teardown to None, run_after=None
[2024-10-10T21:15:37.182-0300] {processor.py:208} INFO - Processing /home/kaueoliveira/desafiolh/airflow_tooltorial/venv/lib/python3.12/site-packages/airflow/example_dags/example_setup_teardown.py took 0.229 seconds
[2024-10-10T21:16:46.751-0300] {processor.py:186} INFO - Started process (PID=18104) to work on /home/kaueoliveira/desafiolh/airflow_tooltorial/venv/lib/python3.12/site-packages/airflow/example_dags/example_setup_teardown.py
[2024-10-10T21:16:46.753-0300] {processor.py:914} INFO - Processing file /home/kaueoliveira/desafiolh/airflow_tooltorial/venv/lib/python3.12/site-packages/airflow/example_dags/example_setup_teardown.py for tasks to queue
[2024-10-10T21:16:46.756-0300] {logging_mixin.py:190} INFO - [2024-10-10T21:16:46.755-0300] {dagbag.py:588} INFO - Filling up the DagBag from /home/kaueoliveira/desafiolh/airflow_tooltorial/venv/lib/python3.12/site-packages/airflow/example_dags/example_setup_teardown.py
[2024-10-10T21:16:46.773-0300] {processor.py:925} INFO - DAG(s) 'example_setup_teardown' retrieved from /home/kaueoliveira/desafiolh/airflow_tooltorial/venv/lib/python3.12/site-packages/airflow/example_dags/example_setup_teardown.py
[2024-10-10T21:16:46.805-0300] {logging_mixin.py:190} INFO - [2024-10-10T21:16:46.804-0300] {dag.py:3239} INFO - Sync 1 DAGs
[2024-10-10T21:16:46.839-0300] {logging_mixin.py:190} INFO - [2024-10-10T21:16:46.839-0300] {dag.py:4180} INFO - Setting next_dagrun for example_setup_teardown to None, run_after=None
[2024-10-10T21:16:46.885-0300] {processor.py:208} INFO - Processing /home/kaueoliveira/desafiolh/airflow_tooltorial/venv/lib/python3.12/site-packages/airflow/example_dags/example_setup_teardown.py took 0.144 seconds
[2024-10-10T21:17:44.682-0300] {processor.py:186} INFO - Started process (PID=18394) to work on /home/kaueoliveira/desafiolh/airflow_tooltorial/venv/lib/python3.12/site-packages/airflow/example_dags/example_setup_teardown.py
[2024-10-10T21:17:44.684-0300] {processor.py:914} INFO - Processing file /home/kaueoliveira/desafiolh/airflow_tooltorial/venv/lib/python3.12/site-packages/airflow/example_dags/example_setup_teardown.py for tasks to queue
[2024-10-10T21:17:44.687-0300] {logging_mixin.py:190} INFO - [2024-10-10T21:17:44.686-0300] {dagbag.py:588} INFO - Filling up the DagBag from /home/kaueoliveira/desafiolh/airflow_tooltorial/venv/lib/python3.12/site-packages/airflow/example_dags/example_setup_teardown.py
[2024-10-10T21:17:44.695-0300] {processor.py:925} INFO - DAG(s) 'example_setup_teardown' retrieved from /home/kaueoliveira/desafiolh/airflow_tooltorial/venv/lib/python3.12/site-packages/airflow/example_dags/example_setup_teardown.py
[2024-10-10T21:17:44.712-0300] {logging_mixin.py:190} INFO - [2024-10-10T21:17:44.712-0300] {dag.py:3239} INFO - Sync 1 DAGs
[2024-10-10T21:17:44.725-0300] {logging_mixin.py:190} INFO - [2024-10-10T21:17:44.724-0300] {dag.py:4180} INFO - Setting next_dagrun for example_setup_teardown to None, run_after=None
[2024-10-10T21:17:44.756-0300] {processor.py:208} INFO - Processing /home/kaueoliveira/desafiolh/airflow_tooltorial/venv/lib/python3.12/site-packages/airflow/example_dags/example_setup_teardown.py took 0.080 seconds
[2024-10-10T21:18:39.932-0300] {processor.py:186} INFO - Started process (PID=18877) to work on /home/kaueoliveira/desafiolh/airflow_tooltorial/venv/lib/python3.12/site-packages/airflow/example_dags/example_setup_teardown.py
[2024-10-10T21:18:39.936-0300] {processor.py:914} INFO - Processing file /home/kaueoliveira/desafiolh/airflow_tooltorial/venv/lib/python3.12/site-packages/airflow/example_dags/example_setup_teardown.py for tasks to queue
[2024-10-10T21:18:39.937-0300] {logging_mixin.py:190} INFO - [2024-10-10T21:18:39.937-0300] {dagbag.py:588} INFO - Filling up the DagBag from /home/kaueoliveira/desafiolh/airflow_tooltorial/venv/lib/python3.12/site-packages/airflow/example_dags/example_setup_teardown.py
[2024-10-10T21:18:39.945-0300] {processor.py:925} INFO - DAG(s) 'example_setup_teardown' retrieved from /home/kaueoliveira/desafiolh/airflow_tooltorial/venv/lib/python3.12/site-packages/airflow/example_dags/example_setup_teardown.py
[2024-10-10T21:18:39.960-0300] {logging_mixin.py:190} INFO - [2024-10-10T21:18:39.960-0300] {dag.py:3239} INFO - Sync 1 DAGs
[2024-10-10T21:18:39.972-0300] {logging_mixin.py:190} INFO - [2024-10-10T21:18:39.972-0300] {dag.py:4180} INFO - Setting next_dagrun for example_setup_teardown to None, run_after=None
[2024-10-10T21:18:39.994-0300] {processor.py:208} INFO - Processing /home/kaueoliveira/desafiolh/airflow_tooltorial/venv/lib/python3.12/site-packages/airflow/example_dags/example_setup_teardown.py took 0.068 seconds
