[2024-10-10T21:15:53.293-0300] {processor.py:186} INFO - Started process (PID=17637) to work on /home/kaueoliveira/desafiolh/airflow_tooltorial/venv/lib/python3.12/site-packages/airflow/example_dags/example_trigger_target_dag.py
[2024-10-10T21:15:53.294-0300] {processor.py:914} INFO - Processing file /home/kaueoliveira/desafiolh/airflow_tooltorial/venv/lib/python3.12/site-packages/airflow/example_dags/example_trigger_target_dag.py for tasks to queue
[2024-10-10T21:15:53.296-0300] {logging_mixin.py:190} INFO - [2024-10-10T21:15:53.295-0300] {dagbag.py:588} INFO - Filling up the DagBag from /home/kaueoliveira/desafiolh/airflow_tooltorial/venv/lib/python3.12/site-packages/airflow/example_dags/example_trigger_target_dag.py
[2024-10-10T21:15:53.303-0300] {processor.py:925} INFO - DAG(s) 'example_trigger_target_dag' retrieved from /home/kaueoliveira/desafiolh/airflow_tooltorial/venv/lib/python3.12/site-packages/airflow/example_dags/example_trigger_target_dag.py
[2024-10-10T21:15:53.420-0300] {logging_mixin.py:190} INFO - [2024-10-10T21:15:53.419-0300] {override.py:1901} INFO - Created Permission View: can read on DAG:example_trigger_target_dag
[2024-10-10T21:15:53.436-0300] {logging_mixin.py:190} INFO - [2024-10-10T21:15:53.435-0300] {override.py:1901} INFO - Created Permission View: can edit on DAG:example_trigger_target_dag
[2024-10-10T21:15:53.446-0300] {logging_mixin.py:190} INFO - [2024-10-10T21:15:53.446-0300] {override.py:1901} INFO - Created Permission View: can delete on DAG:example_trigger_target_dag
[2024-10-10T21:15:53.465-0300] {logging_mixin.py:190} INFO - [2024-10-10T21:15:53.464-0300] {override.py:1901} INFO - Created Permission View: can read on DAG Run:example_trigger_target_dag
[2024-10-10T21:15:53.475-0300] {logging_mixin.py:190} INFO - [2024-10-10T21:15:53.475-0300] {override.py:1901} INFO - Created Permission View: can create on DAG Run:example_trigger_target_dag
[2024-10-10T21:15:53.486-0300] {logging_mixin.py:190} INFO - [2024-10-10T21:15:53.485-0300] {override.py:1901} INFO - Created Permission View: can delete on DAG Run:example_trigger_target_dag
[2024-10-10T21:15:53.496-0300] {logging_mixin.py:190} INFO - [2024-10-10T21:15:53.496-0300] {override.py:1901} INFO - Created Permission View: menu access on DAG Run:example_trigger_target_dag
[2024-10-10T21:15:53.497-0300] {logging_mixin.py:190} INFO - [2024-10-10T21:15:53.496-0300] {dag.py:3239} INFO - Sync 1 DAGs
[2024-10-10T21:15:53.507-0300] {logging_mixin.py:190} INFO - [2024-10-10T21:15:53.507-0300] {dag.py:3262} INFO - Creating ORM DAG for example_trigger_target_dag
[2024-10-10T21:15:53.507-0300] {logging_mixin.py:190} INFO - [2024-10-10T21:15:53.507-0300] {dag.py:4180} INFO - Setting next_dagrun for example_trigger_target_dag to None, run_after=None
[2024-10-10T21:15:53.531-0300] {processor.py:208} INFO - Processing /home/kaueoliveira/desafiolh/airflow_tooltorial/venv/lib/python3.12/site-packages/airflow/example_dags/example_trigger_target_dag.py took 0.245 seconds
[2024-10-10T21:17:01.118-0300] {processor.py:186} INFO - Started process (PID=18164) to work on /home/kaueoliveira/desafiolh/airflow_tooltorial/venv/lib/python3.12/site-packages/airflow/example_dags/example_trigger_target_dag.py
[2024-10-10T21:17:01.119-0300] {processor.py:914} INFO - Processing file /home/kaueoliveira/desafiolh/airflow_tooltorial/venv/lib/python3.12/site-packages/airflow/example_dags/example_trigger_target_dag.py for tasks to queue
[2024-10-10T21:17:01.122-0300] {logging_mixin.py:190} INFO - [2024-10-10T21:17:01.121-0300] {dagbag.py:588} INFO - Filling up the DagBag from /home/kaueoliveira/desafiolh/airflow_tooltorial/venv/lib/python3.12/site-packages/airflow/example_dags/example_trigger_target_dag.py
[2024-10-10T21:17:01.130-0300] {processor.py:925} INFO - DAG(s) 'example_trigger_target_dag' retrieved from /home/kaueoliveira/desafiolh/airflow_tooltorial/venv/lib/python3.12/site-packages/airflow/example_dags/example_trigger_target_dag.py
[2024-10-10T21:17:01.147-0300] {logging_mixin.py:190} INFO - [2024-10-10T21:17:01.147-0300] {dag.py:3239} INFO - Sync 1 DAGs
[2024-10-10T21:17:01.163-0300] {logging_mixin.py:190} INFO - [2024-10-10T21:17:01.163-0300] {dag.py:4180} INFO - Setting next_dagrun for example_trigger_target_dag to None, run_after=None
[2024-10-10T21:17:01.194-0300] {processor.py:208} INFO - Processing /home/kaueoliveira/desafiolh/airflow_tooltorial/venv/lib/python3.12/site-packages/airflow/example_dags/example_trigger_target_dag.py took 0.082 seconds
[2024-10-10T21:17:58.698-0300] {processor.py:186} INFO - Started process (PID=18447) to work on /home/kaueoliveira/desafiolh/airflow_tooltorial/venv/lib/python3.12/site-packages/airflow/example_dags/example_trigger_target_dag.py
[2024-10-10T21:17:58.700-0300] {processor.py:914} INFO - Processing file /home/kaueoliveira/desafiolh/airflow_tooltorial/venv/lib/python3.12/site-packages/airflow/example_dags/example_trigger_target_dag.py for tasks to queue
[2024-10-10T21:17:58.704-0300] {logging_mixin.py:190} INFO - [2024-10-10T21:17:58.703-0300] {dagbag.py:588} INFO - Filling up the DagBag from /home/kaueoliveira/desafiolh/airflow_tooltorial/venv/lib/python3.12/site-packages/airflow/example_dags/example_trigger_target_dag.py
[2024-10-10T21:17:58.718-0300] {processor.py:925} INFO - DAG(s) 'example_trigger_target_dag' retrieved from /home/kaueoliveira/desafiolh/airflow_tooltorial/venv/lib/python3.12/site-packages/airflow/example_dags/example_trigger_target_dag.py
[2024-10-10T21:17:58.738-0300] {logging_mixin.py:190} INFO - [2024-10-10T21:17:58.737-0300] {dag.py:3239} INFO - Sync 1 DAGs
[2024-10-10T21:17:58.757-0300] {logging_mixin.py:190} INFO - [2024-10-10T21:17:58.757-0300] {dag.py:4180} INFO - Setting next_dagrun for example_trigger_target_dag to None, run_after=None
[2024-10-10T21:17:58.795-0300] {processor.py:208} INFO - Processing /home/kaueoliveira/desafiolh/airflow_tooltorial/venv/lib/python3.12/site-packages/airflow/example_dags/example_trigger_target_dag.py took 0.112 seconds
