[2024-10-10T21:15:43.959-0300] {processor.py:186} INFO - Started process (PID=17537) to work on /home/kaueoliveira/desafiolh/airflow_tooltorial/venv/lib/python3.12/site-packages/airflow/example_dags/example_short_circuit_decorator.py
[2024-10-10T21:15:43.959-0300] {processor.py:914} INFO - Processing file /home/kaueoliveira/desafiolh/airflow_tooltorial/venv/lib/python3.12/site-packages/airflow/example_dags/example_short_circuit_decorator.py for tasks to queue
[2024-10-10T21:15:43.961-0300] {logging_mixin.py:190} INFO - [2024-10-10T21:15:43.961-0300] {dagbag.py:588} INFO - Filling up the DagBag from /home/kaueoliveira/desafiolh/airflow_tooltorial/venv/lib/python3.12/site-packages/airflow/example_dags/example_short_circuit_decorator.py
[2024-10-10T21:15:43.969-0300] {processor.py:925} INFO - DAG(s) 'example_short_circuit_decorator' retrieved from /home/kaueoliveira/desafiolh/airflow_tooltorial/venv/lib/python3.12/site-packages/airflow/example_dags/example_short_circuit_decorator.py
[2024-10-10T21:15:44.076-0300] {logging_mixin.py:190} INFO - [2024-10-10T21:15:44.075-0300] {override.py:1901} INFO - Created Permission View: can read on DAG:example_short_circuit_decorator
[2024-10-10T21:15:44.091-0300] {logging_mixin.py:190} INFO - [2024-10-10T21:15:44.091-0300] {override.py:1901} INFO - Created Permission View: can edit on DAG:example_short_circuit_decorator
[2024-10-10T21:15:44.102-0300] {logging_mixin.py:190} INFO - [2024-10-10T21:15:44.101-0300] {override.py:1901} INFO - Created Permission View: can delete on DAG:example_short_circuit_decorator
[2024-10-10T21:15:44.119-0300] {logging_mixin.py:190} INFO - [2024-10-10T21:15:44.118-0300] {override.py:1901} INFO - Created Permission View: can read on DAG Run:example_short_circuit_decorator
[2024-10-10T21:15:44.129-0300] {logging_mixin.py:190} INFO - [2024-10-10T21:15:44.128-0300] {override.py:1901} INFO - Created Permission View: can create on DAG Run:example_short_circuit_decorator
[2024-10-10T21:15:44.138-0300] {logging_mixin.py:190} INFO - [2024-10-10T21:15:44.138-0300] {override.py:1901} INFO - Created Permission View: can delete on DAG Run:example_short_circuit_decorator
[2024-10-10T21:15:44.149-0300] {logging_mixin.py:190} INFO - [2024-10-10T21:15:44.149-0300] {override.py:1901} INFO - Created Permission View: menu access on DAG Run:example_short_circuit_decorator
[2024-10-10T21:15:44.149-0300] {logging_mixin.py:190} INFO - [2024-10-10T21:15:44.149-0300] {dag.py:3239} INFO - Sync 1 DAGs
[2024-10-10T21:15:44.160-0300] {logging_mixin.py:190} INFO - [2024-10-10T21:15:44.160-0300] {dag.py:3262} INFO - Creating ORM DAG for example_short_circuit_decorator
[2024-10-10T21:15:44.160-0300] {logging_mixin.py:190} INFO - [2024-10-10T21:15:44.160-0300] {dag.py:4180} INFO - Setting next_dagrun for example_short_circuit_decorator to None, run_after=None
[2024-10-10T21:15:44.181-0300] {processor.py:208} INFO - Processing /home/kaueoliveira/desafiolh/airflow_tooltorial/venv/lib/python3.12/site-packages/airflow/example_dags/example_short_circuit_decorator.py took 0.229 seconds
[2024-10-10T21:16:53.259-0300] {processor.py:186} INFO - Started process (PID=18132) to work on /home/kaueoliveira/desafiolh/airflow_tooltorial/venv/lib/python3.12/site-packages/airflow/example_dags/example_short_circuit_decorator.py
[2024-10-10T21:16:53.261-0300] {processor.py:914} INFO - Processing file /home/kaueoliveira/desafiolh/airflow_tooltorial/venv/lib/python3.12/site-packages/airflow/example_dags/example_short_circuit_decorator.py for tasks to queue
[2024-10-10T21:16:53.263-0300] {logging_mixin.py:190} INFO - [2024-10-10T21:16:53.263-0300] {dagbag.py:588} INFO - Filling up the DagBag from /home/kaueoliveira/desafiolh/airflow_tooltorial/venv/lib/python3.12/site-packages/airflow/example_dags/example_short_circuit_decorator.py
[2024-10-10T21:16:53.274-0300] {processor.py:925} INFO - DAG(s) 'example_short_circuit_decorator' retrieved from /home/kaueoliveira/desafiolh/airflow_tooltorial/venv/lib/python3.12/site-packages/airflow/example_dags/example_short_circuit_decorator.py
[2024-10-10T21:16:53.295-0300] {logging_mixin.py:190} INFO - [2024-10-10T21:16:53.295-0300] {dag.py:3239} INFO - Sync 1 DAGs
[2024-10-10T21:16:53.311-0300] {logging_mixin.py:190} INFO - [2024-10-10T21:16:53.311-0300] {dag.py:4180} INFO - Setting next_dagrun for example_short_circuit_decorator to None, run_after=None
[2024-10-10T21:16:53.341-0300] {processor.py:208} INFO - Processing /home/kaueoliveira/desafiolh/airflow_tooltorial/venv/lib/python3.12/site-packages/airflow/example_dags/example_short_circuit_decorator.py took 0.089 seconds
[2024-10-10T21:17:50.078-0300] {processor.py:186} INFO - Started process (PID=18412) to work on /home/kaueoliveira/desafiolh/airflow_tooltorial/venv/lib/python3.12/site-packages/airflow/example_dags/example_short_circuit_decorator.py
[2024-10-10T21:17:50.080-0300] {processor.py:914} INFO - Processing file /home/kaueoliveira/desafiolh/airflow_tooltorial/venv/lib/python3.12/site-packages/airflow/example_dags/example_short_circuit_decorator.py for tasks to queue
[2024-10-10T21:17:50.084-0300] {logging_mixin.py:190} INFO - [2024-10-10T21:17:50.083-0300] {dagbag.py:588} INFO - Filling up the DagBag from /home/kaueoliveira/desafiolh/airflow_tooltorial/venv/lib/python3.12/site-packages/airflow/example_dags/example_short_circuit_decorator.py
[2024-10-10T21:17:50.102-0300] {processor.py:925} INFO - DAG(s) 'example_short_circuit_decorator' retrieved from /home/kaueoliveira/desafiolh/airflow_tooltorial/venv/lib/python3.12/site-packages/airflow/example_dags/example_short_circuit_decorator.py
[2024-10-10T21:17:50.133-0300] {logging_mixin.py:190} INFO - [2024-10-10T21:17:50.132-0300] {dag.py:3239} INFO - Sync 1 DAGs
[2024-10-10T21:17:50.158-0300] {logging_mixin.py:190} INFO - [2024-10-10T21:17:50.157-0300] {dag.py:4180} INFO - Setting next_dagrun for example_short_circuit_decorator to None, run_after=None
[2024-10-10T21:17:50.197-0300] {processor.py:208} INFO - Processing /home/kaueoliveira/desafiolh/airflow_tooltorial/venv/lib/python3.12/site-packages/airflow/example_dags/example_short_circuit_decorator.py took 0.126 seconds
[2024-10-10T21:18:45.377-0300] {processor.py:186} INFO - Started process (PID=18895) to work on /home/kaueoliveira/desafiolh/airflow_tooltorial/venv/lib/python3.12/site-packages/airflow/example_dags/example_short_circuit_decorator.py
[2024-10-10T21:18:45.378-0300] {processor.py:914} INFO - Processing file /home/kaueoliveira/desafiolh/airflow_tooltorial/venv/lib/python3.12/site-packages/airflow/example_dags/example_short_circuit_decorator.py for tasks to queue
[2024-10-10T21:18:45.381-0300] {logging_mixin.py:190} INFO - [2024-10-10T21:18:45.380-0300] {dagbag.py:588} INFO - Filling up the DagBag from /home/kaueoliveira/desafiolh/airflow_tooltorial/venv/lib/python3.12/site-packages/airflow/example_dags/example_short_circuit_decorator.py
[2024-10-10T21:18:45.392-0300] {processor.py:925} INFO - DAG(s) 'example_short_circuit_decorator' retrieved from /home/kaueoliveira/desafiolh/airflow_tooltorial/venv/lib/python3.12/site-packages/airflow/example_dags/example_short_circuit_decorator.py
[2024-10-10T21:18:45.411-0300] {logging_mixin.py:190} INFO - [2024-10-10T21:18:45.411-0300] {dag.py:3239} INFO - Sync 1 DAGs
[2024-10-10T21:18:45.424-0300] {logging_mixin.py:190} INFO - [2024-10-10T21:18:45.424-0300] {dag.py:4180} INFO - Setting next_dagrun for example_short_circuit_decorator to None, run_after=None
[2024-10-10T21:18:45.456-0300] {processor.py:208} INFO - Processing /home/kaueoliveira/desafiolh/airflow_tooltorial/venv/lib/python3.12/site-packages/airflow/example_dags/example_short_circuit_decorator.py took 0.085 seconds
