[2024-10-10T21:15:58.788-0300] {processor.py:186} INFO - Started process (PID=17713) to work on /home/kaueoliveira/desafiolh/airflow_tooltorial/venv/lib/python3.12/site-packages/airflow/example_dags/example_setup_teardown_taskflow.py
[2024-10-10T21:15:58.789-0300] {processor.py:914} INFO - Processing file /home/kaueoliveira/desafiolh/airflow_tooltorial/venv/lib/python3.12/site-packages/airflow/example_dags/example_setup_teardown_taskflow.py for tasks to queue
[2024-10-10T21:15:58.791-0300] {logging_mixin.py:190} INFO - [2024-10-10T21:15:58.790-0300] {dagbag.py:588} INFO - Filling up the DagBag from /home/kaueoliveira/desafiolh/airflow_tooltorial/venv/lib/python3.12/site-packages/airflow/example_dags/example_setup_teardown_taskflow.py
[2024-10-10T21:15:58.799-0300] {processor.py:925} INFO - DAG(s) 'example_setup_teardown_taskflow' retrieved from /home/kaueoliveira/desafiolh/airflow_tooltorial/venv/lib/python3.12/site-packages/airflow/example_dags/example_setup_teardown_taskflow.py
[2024-10-10T21:15:58.899-0300] {logging_mixin.py:190} INFO - [2024-10-10T21:15:58.898-0300] {override.py:1901} INFO - Created Permission View: can read on DAG:example_setup_teardown_taskflow
[2024-10-10T21:15:58.914-0300] {logging_mixin.py:190} INFO - [2024-10-10T21:15:58.914-0300] {override.py:1901} INFO - Created Permission View: can edit on DAG:example_setup_teardown_taskflow
[2024-10-10T21:15:58.925-0300] {logging_mixin.py:190} INFO - [2024-10-10T21:15:58.925-0300] {override.py:1901} INFO - Created Permission View: can delete on DAG:example_setup_teardown_taskflow
[2024-10-10T21:15:58.943-0300] {logging_mixin.py:190} INFO - [2024-10-10T21:15:58.943-0300] {override.py:1901} INFO - Created Permission View: can read on DAG Run:example_setup_teardown_taskflow
[2024-10-10T21:15:58.954-0300] {logging_mixin.py:190} INFO - [2024-10-10T21:15:58.954-0300] {override.py:1901} INFO - Created Permission View: can create on DAG Run:example_setup_teardown_taskflow
[2024-10-10T21:15:58.966-0300] {logging_mixin.py:190} INFO - [2024-10-10T21:15:58.965-0300] {override.py:1901} INFO - Created Permission View: can delete on DAG Run:example_setup_teardown_taskflow
[2024-10-10T21:15:58.976-0300] {logging_mixin.py:190} INFO - [2024-10-10T21:15:58.976-0300] {override.py:1901} INFO - Created Permission View: menu access on DAG Run:example_setup_teardown_taskflow
[2024-10-10T21:15:58.977-0300] {logging_mixin.py:190} INFO - [2024-10-10T21:15:58.976-0300] {dag.py:3239} INFO - Sync 1 DAGs
[2024-10-10T21:15:58.987-0300] {logging_mixin.py:190} INFO - [2024-10-10T21:15:58.987-0300] {dag.py:3262} INFO - Creating ORM DAG for example_setup_teardown_taskflow
[2024-10-10T21:15:58.987-0300] {logging_mixin.py:190} INFO - [2024-10-10T21:15:58.987-0300] {dag.py:4180} INFO - Setting next_dagrun for example_setup_teardown_taskflow to None, run_after=None
[2024-10-10T21:15:59.010-0300] {processor.py:208} INFO - Processing /home/kaueoliveira/desafiolh/airflow_tooltorial/venv/lib/python3.12/site-packages/airflow/example_dags/example_setup_teardown_taskflow.py took 0.228 seconds
[2024-10-10T21:17:05.852-0300] {processor.py:186} INFO - Started process (PID=18186) to work on /home/kaueoliveira/desafiolh/airflow_tooltorial/venv/lib/python3.12/site-packages/airflow/example_dags/example_setup_teardown_taskflow.py
[2024-10-10T21:17:05.863-0300] {processor.py:914} INFO - Processing file /home/kaueoliveira/desafiolh/airflow_tooltorial/venv/lib/python3.12/site-packages/airflow/example_dags/example_setup_teardown_taskflow.py for tasks to queue
[2024-10-10T21:17:05.867-0300] {logging_mixin.py:190} INFO - [2024-10-10T21:17:05.866-0300] {dagbag.py:588} INFO - Filling up the DagBag from /home/kaueoliveira/desafiolh/airflow_tooltorial/venv/lib/python3.12/site-packages/airflow/example_dags/example_setup_teardown_taskflow.py
[2024-10-10T21:17:05.914-0300] {processor.py:925} INFO - DAG(s) 'example_setup_teardown_taskflow' retrieved from /home/kaueoliveira/desafiolh/airflow_tooltorial/venv/lib/python3.12/site-packages/airflow/example_dags/example_setup_teardown_taskflow.py
[2024-10-10T21:17:05.987-0300] {logging_mixin.py:190} INFO - [2024-10-10T21:17:05.986-0300] {dag.py:3239} INFO - Sync 1 DAGs
[2024-10-10T21:17:06.043-0300] {logging_mixin.py:190} INFO - [2024-10-10T21:17:06.042-0300] {dag.py:4180} INFO - Setting next_dagrun for example_setup_teardown_taskflow to None, run_after=None
[2024-10-10T21:17:06.115-0300] {processor.py:208} INFO - Processing /home/kaueoliveira/desafiolh/airflow_tooltorial/venv/lib/python3.12/site-packages/airflow/example_dags/example_setup_teardown_taskflow.py took 0.281 seconds
[2024-10-10T21:18:01.757-0300] {processor.py:186} INFO - Started process (PID=18471) to work on /home/kaueoliveira/desafiolh/airflow_tooltorial/venv/lib/python3.12/site-packages/airflow/example_dags/example_setup_teardown_taskflow.py
[2024-10-10T21:18:01.759-0300] {processor.py:914} INFO - Processing file /home/kaueoliveira/desafiolh/airflow_tooltorial/venv/lib/python3.12/site-packages/airflow/example_dags/example_setup_teardown_taskflow.py for tasks to queue
[2024-10-10T21:18:01.762-0300] {logging_mixin.py:190} INFO - [2024-10-10T21:18:01.761-0300] {dagbag.py:588} INFO - Filling up the DagBag from /home/kaueoliveira/desafiolh/airflow_tooltorial/venv/lib/python3.12/site-packages/airflow/example_dags/example_setup_teardown_taskflow.py
[2024-10-10T21:18:01.774-0300] {processor.py:925} INFO - DAG(s) 'example_setup_teardown_taskflow' retrieved from /home/kaueoliveira/desafiolh/airflow_tooltorial/venv/lib/python3.12/site-packages/airflow/example_dags/example_setup_teardown_taskflow.py
[2024-10-10T21:18:01.801-0300] {logging_mixin.py:190} INFO - [2024-10-10T21:18:01.801-0300] {dag.py:3239} INFO - Sync 1 DAGs
[2024-10-10T21:18:01.823-0300] {logging_mixin.py:190} INFO - [2024-10-10T21:18:01.822-0300] {dag.py:4180} INFO - Setting next_dagrun for example_setup_teardown_taskflow to None, run_after=None
[2024-10-10T21:18:01.862-0300] {processor.py:208} INFO - Processing /home/kaueoliveira/desafiolh/airflow_tooltorial/venv/lib/python3.12/site-packages/airflow/example_dags/example_setup_teardown_taskflow.py took 0.110 seconds
