[2024-10-10T21:15:34.267-0300] {processor.py:186} INFO - Started process (PID=17443) to work on /home/kaueoliveira/desafiolh/airflow_tooltorial/venv/lib/python3.12/site-packages/airflow/example_dags/example_time_delta_sensor_async.py
[2024-10-10T21:15:34.268-0300] {processor.py:914} INFO - Processing file /home/kaueoliveira/desafiolh/airflow_tooltorial/venv/lib/python3.12/site-packages/airflow/example_dags/example_time_delta_sensor_async.py for tasks to queue
[2024-10-10T21:15:34.270-0300] {logging_mixin.py:190} INFO - [2024-10-10T21:15:34.270-0300] {dagbag.py:588} INFO - Filling up the DagBag from /home/kaueoliveira/desafiolh/airflow_tooltorial/venv/lib/python3.12/site-packages/airflow/example_dags/example_time_delta_sensor_async.py
[2024-10-10T21:15:34.279-0300] {processor.py:925} INFO - DAG(s) 'example_time_delta_sensor_async' retrieved from /home/kaueoliveira/desafiolh/airflow_tooltorial/venv/lib/python3.12/site-packages/airflow/example_dags/example_time_delta_sensor_async.py
[2024-10-10T21:15:34.408-0300] {logging_mixin.py:190} INFO - [2024-10-10T21:15:34.407-0300] {override.py:1901} INFO - Created Permission View: can read on DAG:example_time_delta_sensor_async
[2024-10-10T21:15:34.423-0300] {logging_mixin.py:190} INFO - [2024-10-10T21:15:34.422-0300] {override.py:1901} INFO - Created Permission View: can edit on DAG:example_time_delta_sensor_async
[2024-10-10T21:15:34.437-0300] {logging_mixin.py:190} INFO - [2024-10-10T21:15:34.437-0300] {override.py:1901} INFO - Created Permission View: can delete on DAG:example_time_delta_sensor_async
[2024-10-10T21:15:34.455-0300] {logging_mixin.py:190} INFO - [2024-10-10T21:15:34.454-0300] {override.py:1901} INFO - Created Permission View: can read on DAG Run:example_time_delta_sensor_async
[2024-10-10T21:15:34.465-0300] {logging_mixin.py:190} INFO - [2024-10-10T21:15:34.465-0300] {override.py:1901} INFO - Created Permission View: can create on DAG Run:example_time_delta_sensor_async
[2024-10-10T21:15:34.476-0300] {logging_mixin.py:190} INFO - [2024-10-10T21:15:34.475-0300] {override.py:1901} INFO - Created Permission View: can delete on DAG Run:example_time_delta_sensor_async
[2024-10-10T21:15:34.487-0300] {logging_mixin.py:190} INFO - [2024-10-10T21:15:34.487-0300] {override.py:1901} INFO - Created Permission View: menu access on DAG Run:example_time_delta_sensor_async
[2024-10-10T21:15:34.488-0300] {logging_mixin.py:190} INFO - [2024-10-10T21:15:34.487-0300] {dag.py:3239} INFO - Sync 1 DAGs
[2024-10-10T21:15:34.501-0300] {logging_mixin.py:190} INFO - [2024-10-10T21:15:34.501-0300] {dag.py:3262} INFO - Creating ORM DAG for example_time_delta_sensor_async
[2024-10-10T21:15:34.501-0300] {logging_mixin.py:190} INFO - [2024-10-10T21:15:34.501-0300] {dag.py:4180} INFO - Setting next_dagrun for example_time_delta_sensor_async to None, run_after=None
[2024-10-10T21:15:34.522-0300] {processor.py:208} INFO - Processing /home/kaueoliveira/desafiolh/airflow_tooltorial/venv/lib/python3.12/site-packages/airflow/example_dags/example_time_delta_sensor_async.py took 0.262 seconds
[2024-10-10T21:16:44.510-0300] {processor.py:186} INFO - Started process (PID=18096) to work on /home/kaueoliveira/desafiolh/airflow_tooltorial/venv/lib/python3.12/site-packages/airflow/example_dags/example_time_delta_sensor_async.py
[2024-10-10T21:16:44.513-0300] {processor.py:914} INFO - Processing file /home/kaueoliveira/desafiolh/airflow_tooltorial/venv/lib/python3.12/site-packages/airflow/example_dags/example_time_delta_sensor_async.py for tasks to queue
[2024-10-10T21:16:44.518-0300] {logging_mixin.py:190} INFO - [2024-10-10T21:16:44.517-0300] {dagbag.py:588} INFO - Filling up the DagBag from /home/kaueoliveira/desafiolh/airflow_tooltorial/venv/lib/python3.12/site-packages/airflow/example_dags/example_time_delta_sensor_async.py
[2024-10-10T21:16:44.532-0300] {processor.py:925} INFO - DAG(s) 'example_time_delta_sensor_async' retrieved from /home/kaueoliveira/desafiolh/airflow_tooltorial/venv/lib/python3.12/site-packages/airflow/example_dags/example_time_delta_sensor_async.py
[2024-10-10T21:16:44.558-0300] {logging_mixin.py:190} INFO - [2024-10-10T21:16:44.557-0300] {dag.py:3239} INFO - Sync 1 DAGs
[2024-10-10T21:16:44.586-0300] {logging_mixin.py:190} INFO - [2024-10-10T21:16:44.586-0300] {dag.py:4180} INFO - Setting next_dagrun for example_time_delta_sensor_async to None, run_after=None
[2024-10-10T21:16:44.635-0300] {processor.py:208} INFO - Processing /home/kaueoliveira/desafiolh/airflow_tooltorial/venv/lib/python3.12/site-packages/airflow/example_dags/example_time_delta_sensor_async.py took 0.138 seconds
[2024-10-10T21:17:41.602-0300] {processor.py:186} INFO - Started process (PID=18386) to work on /home/kaueoliveira/desafiolh/airflow_tooltorial/venv/lib/python3.12/site-packages/airflow/example_dags/example_time_delta_sensor_async.py
[2024-10-10T21:17:41.604-0300] {processor.py:914} INFO - Processing file /home/kaueoliveira/desafiolh/airflow_tooltorial/venv/lib/python3.12/site-packages/airflow/example_dags/example_time_delta_sensor_async.py for tasks to queue
[2024-10-10T21:17:41.607-0300] {logging_mixin.py:190} INFO - [2024-10-10T21:17:41.606-0300] {dagbag.py:588} INFO - Filling up the DagBag from /home/kaueoliveira/desafiolh/airflow_tooltorial/venv/lib/python3.12/site-packages/airflow/example_dags/example_time_delta_sensor_async.py
[2024-10-10T21:17:41.614-0300] {processor.py:925} INFO - DAG(s) 'example_time_delta_sensor_async' retrieved from /home/kaueoliveira/desafiolh/airflow_tooltorial/venv/lib/python3.12/site-packages/airflow/example_dags/example_time_delta_sensor_async.py
[2024-10-10T21:17:41.634-0300] {logging_mixin.py:190} INFO - [2024-10-10T21:17:41.634-0300] {dag.py:3239} INFO - Sync 1 DAGs
[2024-10-10T21:17:41.648-0300] {logging_mixin.py:190} INFO - [2024-10-10T21:17:41.648-0300] {dag.py:4180} INFO - Setting next_dagrun for example_time_delta_sensor_async to None, run_after=None
[2024-10-10T21:17:41.674-0300] {processor.py:208} INFO - Processing /home/kaueoliveira/desafiolh/airflow_tooltorial/venv/lib/python3.12/site-packages/airflow/example_dags/example_time_delta_sensor_async.py took 0.079 seconds
[2024-10-10T21:18:37.630-0300] {processor.py:186} INFO - Started process (PID=18869) to work on /home/kaueoliveira/desafiolh/airflow_tooltorial/venv/lib/python3.12/site-packages/airflow/example_dags/example_time_delta_sensor_async.py
[2024-10-10T21:18:37.635-0300] {processor.py:914} INFO - Processing file /home/kaueoliveira/desafiolh/airflow_tooltorial/venv/lib/python3.12/site-packages/airflow/example_dags/example_time_delta_sensor_async.py for tasks to queue
[2024-10-10T21:18:37.636-0300] {logging_mixin.py:190} INFO - [2024-10-10T21:18:37.636-0300] {dagbag.py:588} INFO - Filling up the DagBag from /home/kaueoliveira/desafiolh/airflow_tooltorial/venv/lib/python3.12/site-packages/airflow/example_dags/example_time_delta_sensor_async.py
[2024-10-10T21:18:37.643-0300] {processor.py:925} INFO - DAG(s) 'example_time_delta_sensor_async' retrieved from /home/kaueoliveira/desafiolh/airflow_tooltorial/venv/lib/python3.12/site-packages/airflow/example_dags/example_time_delta_sensor_async.py
[2024-10-10T21:18:37.657-0300] {logging_mixin.py:190} INFO - [2024-10-10T21:18:37.657-0300] {dag.py:3239} INFO - Sync 1 DAGs
[2024-10-10T21:18:37.669-0300] {logging_mixin.py:190} INFO - [2024-10-10T21:18:37.669-0300] {dag.py:4180} INFO - Setting next_dagrun for example_time_delta_sensor_async to None, run_after=None
[2024-10-10T21:18:37.694-0300] {processor.py:208} INFO - Processing /home/kaueoliveira/desafiolh/airflow_tooltorial/venv/lib/python3.12/site-packages/airflow/example_dags/example_time_delta_sensor_async.py took 0.070 seconds
