[2024-10-10T21:15:42.720-0300] {processor.py:186} INFO - Started process (PID=17536) to work on /home/kaueoliveira/desafiolh/airflow_tooltorial/venv/lib/python3.12/site-packages/airflow/example_dags/example_workday_timetable.py
[2024-10-10T21:15:42.721-0300] {processor.py:914} INFO - Processing file /home/kaueoliveira/desafiolh/airflow_tooltorial/venv/lib/python3.12/site-packages/airflow/example_dags/example_workday_timetable.py for tasks to queue
[2024-10-10T21:15:42.726-0300] {logging_mixin.py:190} INFO - [2024-10-10T21:15:42.725-0300] {dagbag.py:588} INFO - Filling up the DagBag from /home/kaueoliveira/desafiolh/airflow_tooltorial/venv/lib/python3.12/site-packages/airflow/example_dags/example_workday_timetable.py
[2024-10-10T21:15:42.737-0300] {processor.py:925} INFO - DAG(s) 'example_workday_timetable' retrieved from /home/kaueoliveira/desafiolh/airflow_tooltorial/venv/lib/python3.12/site-packages/airflow/example_dags/example_workday_timetable.py
[2024-10-10T21:15:42.926-0300] {logging_mixin.py:190} INFO - [2024-10-10T21:15:42.923-0300] {override.py:1901} INFO - Created Permission View: can read on DAG:example_workday_timetable
[2024-10-10T21:15:42.964-0300] {logging_mixin.py:190} INFO - [2024-10-10T21:15:42.964-0300] {override.py:1901} INFO - Created Permission View: can edit on DAG:example_workday_timetable
[2024-10-10T21:15:42.981-0300] {logging_mixin.py:190} INFO - [2024-10-10T21:15:42.980-0300] {override.py:1901} INFO - Created Permission View: can delete on DAG:example_workday_timetable
[2024-10-10T21:15:43.011-0300] {logging_mixin.py:190} INFO - [2024-10-10T21:15:43.010-0300] {override.py:1901} INFO - Created Permission View: can read on DAG Run:example_workday_timetable
[2024-10-10T21:15:43.034-0300] {logging_mixin.py:190} INFO - [2024-10-10T21:15:43.033-0300] {override.py:1901} INFO - Created Permission View: can create on DAG Run:example_workday_timetable
[2024-10-10T21:15:43.052-0300] {logging_mixin.py:190} INFO - [2024-10-10T21:15:43.051-0300] {override.py:1901} INFO - Created Permission View: can delete on DAG Run:example_workday_timetable
[2024-10-10T21:15:43.068-0300] {logging_mixin.py:190} INFO - [2024-10-10T21:15:43.067-0300] {override.py:1901} INFO - Created Permission View: menu access on DAG Run:example_workday_timetable
[2024-10-10T21:15:43.068-0300] {logging_mixin.py:190} INFO - [2024-10-10T21:15:43.068-0300] {dag.py:3239} INFO - Sync 1 DAGs
[2024-10-10T21:15:43.086-0300] {logging_mixin.py:190} INFO - [2024-10-10T21:15:43.085-0300] {dag.py:3262} INFO - Creating ORM DAG for example_workday_timetable
[2024-10-10T21:15:43.097-0300] {logging_mixin.py:190} INFO - [2024-10-10T21:15:43.097-0300] {dag.py:4180} INFO - Setting next_dagrun for example_workday_timetable to 2021-01-01 00:00:00+00:00, run_after=2021-01-02 00:00:00+00:00
[2024-10-10T21:15:43.121-0300] {processor.py:208} INFO - Processing /home/kaueoliveira/desafiolh/airflow_tooltorial/venv/lib/python3.12/site-packages/airflow/example_dags/example_workday_timetable.py took 0.418 seconds
[2024-10-10T21:16:52.007-0300] {processor.py:186} INFO - Started process (PID=18130) to work on /home/kaueoliveira/desafiolh/airflow_tooltorial/venv/lib/python3.12/site-packages/airflow/example_dags/example_workday_timetable.py
[2024-10-10T21:16:52.009-0300] {processor.py:914} INFO - Processing file /home/kaueoliveira/desafiolh/airflow_tooltorial/venv/lib/python3.12/site-packages/airflow/example_dags/example_workday_timetable.py for tasks to queue
[2024-10-10T21:16:52.012-0300] {logging_mixin.py:190} INFO - [2024-10-10T21:16:52.011-0300] {dagbag.py:588} INFO - Filling up the DagBag from /home/kaueoliveira/desafiolh/airflow_tooltorial/venv/lib/python3.12/site-packages/airflow/example_dags/example_workday_timetable.py
[2024-10-10T21:16:52.023-0300] {processor.py:925} INFO - DAG(s) 'example_workday_timetable' retrieved from /home/kaueoliveira/desafiolh/airflow_tooltorial/venv/lib/python3.12/site-packages/airflow/example_dags/example_workday_timetable.py
[2024-10-10T21:16:52.046-0300] {logging_mixin.py:190} INFO - [2024-10-10T21:16:52.045-0300] {dag.py:3239} INFO - Sync 1 DAGs
[2024-10-10T21:16:52.080-0300] {logging_mixin.py:190} INFO - [2024-10-10T21:16:52.080-0300] {dag.py:4180} INFO - Setting next_dagrun for example_workday_timetable to 2021-01-01 00:00:00+00:00, run_after=2021-01-02 00:00:00+00:00
[2024-10-10T21:16:52.113-0300] {processor.py:208} INFO - Processing /home/kaueoliveira/desafiolh/airflow_tooltorial/venv/lib/python3.12/site-packages/airflow/example_dags/example_workday_timetable.py took 0.117 seconds
[2024-10-10T21:17:49.637-0300] {processor.py:186} INFO - Started process (PID=18411) to work on /home/kaueoliveira/desafiolh/airflow_tooltorial/venv/lib/python3.12/site-packages/airflow/example_dags/example_workday_timetable.py
[2024-10-10T21:17:49.639-0300] {processor.py:914} INFO - Processing file /home/kaueoliveira/desafiolh/airflow_tooltorial/venv/lib/python3.12/site-packages/airflow/example_dags/example_workday_timetable.py for tasks to queue
[2024-10-10T21:17:49.642-0300] {logging_mixin.py:190} INFO - [2024-10-10T21:17:49.641-0300] {dagbag.py:588} INFO - Filling up the DagBag from /home/kaueoliveira/desafiolh/airflow_tooltorial/venv/lib/python3.12/site-packages/airflow/example_dags/example_workday_timetable.py
[2024-10-10T21:17:49.649-0300] {processor.py:925} INFO - DAG(s) 'example_workday_timetable' retrieved from /home/kaueoliveira/desafiolh/airflow_tooltorial/venv/lib/python3.12/site-packages/airflow/example_dags/example_workday_timetable.py
[2024-10-10T21:17:49.670-0300] {logging_mixin.py:190} INFO - [2024-10-10T21:17:49.669-0300] {dag.py:3239} INFO - Sync 1 DAGs
[2024-10-10T21:17:49.695-0300] {logging_mixin.py:190} INFO - [2024-10-10T21:17:49.694-0300] {dag.py:4180} INFO - Setting next_dagrun for example_workday_timetable to 2021-01-01 00:00:00+00:00, run_after=2021-01-02 00:00:00+00:00
[2024-10-10T21:17:49.727-0300] {processor.py:208} INFO - Processing /home/kaueoliveira/desafiolh/airflow_tooltorial/venv/lib/python3.12/site-packages/airflow/example_dags/example_workday_timetable.py took 0.099 seconds
[2024-10-10T21:18:45.091-0300] {processor.py:186} INFO - Started process (PID=18894) to work on /home/kaueoliveira/desafiolh/airflow_tooltorial/venv/lib/python3.12/site-packages/airflow/example_dags/example_workday_timetable.py
[2024-10-10T21:18:45.093-0300] {processor.py:914} INFO - Processing file /home/kaueoliveira/desafiolh/airflow_tooltorial/venv/lib/python3.12/site-packages/airflow/example_dags/example_workday_timetable.py for tasks to queue
[2024-10-10T21:18:45.096-0300] {logging_mixin.py:190} INFO - [2024-10-10T21:18:45.095-0300] {dagbag.py:588} INFO - Filling up the DagBag from /home/kaueoliveira/desafiolh/airflow_tooltorial/venv/lib/python3.12/site-packages/airflow/example_dags/example_workday_timetable.py
[2024-10-10T21:18:45.103-0300] {processor.py:925} INFO - DAG(s) 'example_workday_timetable' retrieved from /home/kaueoliveira/desafiolh/airflow_tooltorial/venv/lib/python3.12/site-packages/airflow/example_dags/example_workday_timetable.py
[2024-10-10T21:18:45.116-0300] {logging_mixin.py:190} INFO - [2024-10-10T21:18:45.116-0300] {dag.py:3239} INFO - Sync 1 DAGs
[2024-10-10T21:18:45.135-0300] {logging_mixin.py:190} INFO - [2024-10-10T21:18:45.134-0300] {dag.py:4180} INFO - Setting next_dagrun for example_workday_timetable to 2021-01-01 00:00:00+00:00, run_after=2021-01-02 00:00:00+00:00
[2024-10-10T21:18:45.157-0300] {processor.py:208} INFO - Processing /home/kaueoliveira/desafiolh/airflow_tooltorial/venv/lib/python3.12/site-packages/airflow/example_dags/example_workday_timetable.py took 0.072 seconds
