[2024-10-10T21:16:21.914-0300] {processor.py:186} INFO - Started process (PID=17821) to work on /home/kaueoliveira/desafiolh/airflow_tooltorial/venv/lib/python3.12/site-packages/airflow/example_dags/example_inlet_event_extra.py
[2024-10-10T21:16:21.915-0300] {processor.py:914} INFO - Processing file /home/kaueoliveira/desafiolh/airflow_tooltorial/venv/lib/python3.12/site-packages/airflow/example_dags/example_inlet_event_extra.py for tasks to queue
[2024-10-10T21:16:21.918-0300] {logging_mixin.py:190} INFO - [2024-10-10T21:16:21.918-0300] {dagbag.py:588} INFO - Filling up the DagBag from /home/kaueoliveira/desafiolh/airflow_tooltorial/venv/lib/python3.12/site-packages/airflow/example_dags/example_inlet_event_extra.py
[2024-10-10T21:16:21.938-0300] {processor.py:925} INFO - DAG(s) 'read_dataset_event', 'read_dataset_event_from_classic' retrieved from /home/kaueoliveira/desafiolh/airflow_tooltorial/venv/lib/python3.12/site-packages/airflow/example_dags/example_inlet_event_extra.py
[2024-10-10T21:16:22.107-0300] {logging_mixin.py:190} INFO - [2024-10-10T21:16:22.106-0300] {override.py:1901} INFO - Created Permission View: can read on DAG:read_dataset_event
[2024-10-10T21:16:22.131-0300] {logging_mixin.py:190} INFO - [2024-10-10T21:16:22.130-0300] {override.py:1901} INFO - Created Permission View: can edit on DAG:read_dataset_event
[2024-10-10T21:16:22.149-0300] {logging_mixin.py:190} INFO - [2024-10-10T21:16:22.149-0300] {override.py:1901} INFO - Created Permission View: can delete on DAG:read_dataset_event
[2024-10-10T21:16:22.172-0300] {logging_mixin.py:190} INFO - [2024-10-10T21:16:22.172-0300] {override.py:1901} INFO - Created Permission View: can read on DAG Run:read_dataset_event
[2024-10-10T21:16:22.187-0300] {logging_mixin.py:190} INFO - [2024-10-10T21:16:22.187-0300] {override.py:1901} INFO - Created Permission View: can create on DAG Run:read_dataset_event
[2024-10-10T21:16:22.202-0300] {logging_mixin.py:190} INFO - [2024-10-10T21:16:22.201-0300] {override.py:1901} INFO - Created Permission View: can delete on DAG Run:read_dataset_event
[2024-10-10T21:16:22.216-0300] {logging_mixin.py:190} INFO - [2024-10-10T21:16:22.215-0300] {override.py:1901} INFO - Created Permission View: menu access on DAG Run:read_dataset_event
[2024-10-10T21:16:22.246-0300] {logging_mixin.py:190} INFO - [2024-10-10T21:16:22.246-0300] {override.py:1901} INFO - Created Permission View: can read on DAG:read_dataset_event_from_classic
[2024-10-10T21:16:22.262-0300] {logging_mixin.py:190} INFO - [2024-10-10T21:16:22.262-0300] {override.py:1901} INFO - Created Permission View: can edit on DAG:read_dataset_event_from_classic
[2024-10-10T21:16:22.277-0300] {logging_mixin.py:190} INFO - [2024-10-10T21:16:22.277-0300] {override.py:1901} INFO - Created Permission View: can delete on DAG:read_dataset_event_from_classic
[2024-10-10T21:16:22.299-0300] {logging_mixin.py:190} INFO - [2024-10-10T21:16:22.299-0300] {override.py:1901} INFO - Created Permission View: can read on DAG Run:read_dataset_event_from_classic
[2024-10-10T21:16:22.313-0300] {logging_mixin.py:190} INFO - [2024-10-10T21:16:22.312-0300] {override.py:1901} INFO - Created Permission View: can create on DAG Run:read_dataset_event_from_classic
[2024-10-10T21:16:22.326-0300] {logging_mixin.py:190} INFO - [2024-10-10T21:16:22.326-0300] {override.py:1901} INFO - Created Permission View: can delete on DAG Run:read_dataset_event_from_classic
[2024-10-10T21:16:22.347-0300] {logging_mixin.py:190} INFO - [2024-10-10T21:16:22.346-0300] {override.py:1901} INFO - Created Permission View: menu access on DAG Run:read_dataset_event_from_classic
[2024-10-10T21:16:22.348-0300] {logging_mixin.py:190} INFO - [2024-10-10T21:16:22.347-0300] {dag.py:3239} INFO - Sync 2 DAGs
[2024-10-10T21:16:22.375-0300] {logging_mixin.py:190} INFO - [2024-10-10T21:16:22.375-0300] {dag.py:3262} INFO - Creating ORM DAG for read_dataset_event
[2024-10-10T21:16:22.377-0300] {logging_mixin.py:190} INFO - [2024-10-10T21:16:22.376-0300] {dag.py:3262} INFO - Creating ORM DAG for read_dataset_event_from_classic
[2024-10-10T21:16:22.407-0300] {logging_mixin.py:190} INFO - [2024-10-10T21:16:22.407-0300] {dag.py:4180} INFO - Setting next_dagrun for read_dataset_event to 2024-10-10 00:00:00+00:00, run_after=2024-10-11 00:00:00+00:00
[2024-10-10T21:16:22.412-0300] {logging_mixin.py:190} INFO - [2024-10-10T21:16:22.412-0300] {dag.py:4180} INFO - Setting next_dagrun for read_dataset_event_from_classic to 2024-10-10 00:00:00+00:00, run_after=2024-10-11 00:00:00+00:00
[2024-10-10T21:16:22.451-0300] {processor.py:208} INFO - Processing /home/kaueoliveira/desafiolh/airflow_tooltorial/venv/lib/python3.12/site-packages/airflow/example_dags/example_inlet_event_extra.py took 0.544 seconds
[2024-10-10T21:17:28.216-0300] {processor.py:186} INFO - Started process (PID=18331) to work on /home/kaueoliveira/desafiolh/airflow_tooltorial/venv/lib/python3.12/site-packages/airflow/example_dags/example_inlet_event_extra.py
[2024-10-10T21:17:28.217-0300] {processor.py:914} INFO - Processing file /home/kaueoliveira/desafiolh/airflow_tooltorial/venv/lib/python3.12/site-packages/airflow/example_dags/example_inlet_event_extra.py for tasks to queue
[2024-10-10T21:17:28.221-0300] {logging_mixin.py:190} INFO - [2024-10-10T21:17:28.220-0300] {dagbag.py:588} INFO - Filling up the DagBag from /home/kaueoliveira/desafiolh/airflow_tooltorial/venv/lib/python3.12/site-packages/airflow/example_dags/example_inlet_event_extra.py
[2024-10-10T21:17:28.239-0300] {processor.py:925} INFO - DAG(s) 'read_dataset_event_from_classic', 'read_dataset_event' retrieved from /home/kaueoliveira/desafiolh/airflow_tooltorial/venv/lib/python3.12/site-packages/airflow/example_dags/example_inlet_event_extra.py
[2024-10-10T21:17:28.263-0300] {logging_mixin.py:190} INFO - [2024-10-10T21:17:28.263-0300] {dag.py:3239} INFO - Sync 2 DAGs
[2024-10-10T21:17:28.298-0300] {logging_mixin.py:190} INFO - [2024-10-10T21:17:28.297-0300] {dag.py:4180} INFO - Setting next_dagrun for read_dataset_event to 2024-10-10 00:00:00+00:00, run_after=2024-10-11 00:00:00+00:00
[2024-10-10T21:17:28.305-0300] {logging_mixin.py:190} INFO - [2024-10-10T21:17:28.304-0300] {dag.py:4180} INFO - Setting next_dagrun for read_dataset_event_from_classic to 2024-10-10 00:00:00+00:00, run_after=2024-10-11 00:00:00+00:00
[2024-10-10T21:17:28.335-0300] {processor.py:208} INFO - Processing /home/kaueoliveira/desafiolh/airflow_tooltorial/venv/lib/python3.12/site-packages/airflow/example_dags/example_inlet_event_extra.py took 0.127 seconds
[2024-10-10T21:18:28.117-0300] {processor.py:186} INFO - Started process (PID=18685) to work on /home/kaueoliveira/desafiolh/airflow_tooltorial/venv/lib/python3.12/site-packages/airflow/example_dags/example_inlet_event_extra.py
[2024-10-10T21:18:28.119-0300] {processor.py:914} INFO - Processing file /home/kaueoliveira/desafiolh/airflow_tooltorial/venv/lib/python3.12/site-packages/airflow/example_dags/example_inlet_event_extra.py for tasks to queue
[2024-10-10T21:18:28.122-0300] {logging_mixin.py:190} INFO - [2024-10-10T21:18:28.121-0300] {dagbag.py:588} INFO - Filling up the DagBag from /home/kaueoliveira/desafiolh/airflow_tooltorial/venv/lib/python3.12/site-packages/airflow/example_dags/example_inlet_event_extra.py
[2024-10-10T21:18:28.136-0300] {processor.py:925} INFO - DAG(s) 'read_dataset_event', 'read_dataset_event_from_classic' retrieved from /home/kaueoliveira/desafiolh/airflow_tooltorial/venv/lib/python3.12/site-packages/airflow/example_dags/example_inlet_event_extra.py
[2024-10-10T21:18:28.164-0300] {logging_mixin.py:190} INFO - [2024-10-10T21:18:28.163-0300] {dag.py:3239} INFO - Sync 2 DAGs
[2024-10-10T21:18:28.196-0300] {logging_mixin.py:190} INFO - [2024-10-10T21:18:28.196-0300] {dag.py:4180} INFO - Setting next_dagrun for read_dataset_event to 2024-10-10 00:00:00+00:00, run_after=2024-10-11 00:00:00+00:00
[2024-10-10T21:18:28.202-0300] {logging_mixin.py:190} INFO - [2024-10-10T21:18:28.202-0300] {dag.py:4180} INFO - Setting next_dagrun for read_dataset_event_from_classic to 2024-10-10 00:00:00+00:00, run_after=2024-10-11 00:00:00+00:00
[2024-10-10T21:18:28.233-0300] {processor.py:208} INFO - Processing /home/kaueoliveira/desafiolh/airflow_tooltorial/venv/lib/python3.12/site-packages/airflow/example_dags/example_inlet_event_extra.py took 0.125 seconds
