[2024-10-10T21:15:35.618-0300] {processor.py:186} INFO - Started process (PID=17506) to work on /home/kaueoliveira/desafiolh/airflow_tooltorial/venv/lib/python3.12/site-packages/airflow/example_dags/example_nested_branch_dag.py
[2024-10-10T21:15:35.619-0300] {processor.py:914} INFO - Processing file /home/kaueoliveira/desafiolh/airflow_tooltorial/venv/lib/python3.12/site-packages/airflow/example_dags/example_nested_branch_dag.py for tasks to queue
[2024-10-10T21:15:35.620-0300] {logging_mixin.py:190} INFO - [2024-10-10T21:15:35.620-0300] {dagbag.py:588} INFO - Filling up the DagBag from /home/kaueoliveira/desafiolh/airflow_tooltorial/venv/lib/python3.12/site-packages/airflow/example_dags/example_nested_branch_dag.py
[2024-10-10T21:15:35.631-0300] {processor.py:925} INFO - DAG(s) 'example_nested_branch_dag' retrieved from /home/kaueoliveira/desafiolh/airflow_tooltorial/venv/lib/python3.12/site-packages/airflow/example_dags/example_nested_branch_dag.py
[2024-10-10T21:15:35.753-0300] {logging_mixin.py:190} INFO - [2024-10-10T21:15:35.752-0300] {override.py:1901} INFO - Created Permission View: can read on DAG:example_nested_branch_dag
[2024-10-10T21:15:35.769-0300] {logging_mixin.py:190} INFO - [2024-10-10T21:15:35.768-0300] {override.py:1901} INFO - Created Permission View: can edit on DAG:example_nested_branch_dag
[2024-10-10T21:15:35.782-0300] {logging_mixin.py:190} INFO - [2024-10-10T21:15:35.782-0300] {override.py:1901} INFO - Created Permission View: can delete on DAG:example_nested_branch_dag
[2024-10-10T21:15:35.802-0300] {logging_mixin.py:190} INFO - [2024-10-10T21:15:35.802-0300] {override.py:1901} INFO - Created Permission View: can read on DAG Run:example_nested_branch_dag
[2024-10-10T21:15:35.813-0300] {logging_mixin.py:190} INFO - [2024-10-10T21:15:35.813-0300] {override.py:1901} INFO - Created Permission View: can create on DAG Run:example_nested_branch_dag
[2024-10-10T21:15:35.824-0300] {logging_mixin.py:190} INFO - [2024-10-10T21:15:35.823-0300] {override.py:1901} INFO - Created Permission View: can delete on DAG Run:example_nested_branch_dag
[2024-10-10T21:15:35.838-0300] {logging_mixin.py:190} INFO - [2024-10-10T21:15:35.837-0300] {override.py:1901} INFO - Created Permission View: menu access on DAG Run:example_nested_branch_dag
[2024-10-10T21:15:35.838-0300] {logging_mixin.py:190} INFO - [2024-10-10T21:15:35.838-0300] {dag.py:3239} INFO - Sync 1 DAGs
[2024-10-10T21:15:35.851-0300] {logging_mixin.py:190} INFO - [2024-10-10T21:15:35.850-0300] {dag.py:3262} INFO - Creating ORM DAG for example_nested_branch_dag
[2024-10-10T21:15:35.859-0300] {logging_mixin.py:190} INFO - [2024-10-10T21:15:35.859-0300] {dag.py:4180} INFO - Setting next_dagrun for example_nested_branch_dag to 2024-10-10 00:00:00+00:00, run_after=2024-10-11 00:00:00+00:00
[2024-10-10T21:15:35.885-0300] {processor.py:208} INFO - Processing /home/kaueoliveira/desafiolh/airflow_tooltorial/venv/lib/python3.12/site-packages/airflow/example_dags/example_nested_branch_dag.py took 0.273 seconds
[2024-10-10T21:16:45.375-0300] {processor.py:186} INFO - Started process (PID=18100) to work on /home/kaueoliveira/desafiolh/airflow_tooltorial/venv/lib/python3.12/site-packages/airflow/example_dags/example_nested_branch_dag.py
[2024-10-10T21:16:45.377-0300] {processor.py:914} INFO - Processing file /home/kaueoliveira/desafiolh/airflow_tooltorial/venv/lib/python3.12/site-packages/airflow/example_dags/example_nested_branch_dag.py for tasks to queue
[2024-10-10T21:16:45.384-0300] {logging_mixin.py:190} INFO - [2024-10-10T21:16:45.380-0300] {dagbag.py:588} INFO - Filling up the DagBag from /home/kaueoliveira/desafiolh/airflow_tooltorial/venv/lib/python3.12/site-packages/airflow/example_dags/example_nested_branch_dag.py
[2024-10-10T21:16:45.423-0300] {processor.py:925} INFO - DAG(s) 'example_nested_branch_dag' retrieved from /home/kaueoliveira/desafiolh/airflow_tooltorial/venv/lib/python3.12/site-packages/airflow/example_dags/example_nested_branch_dag.py
[2024-10-10T21:16:45.476-0300] {logging_mixin.py:190} INFO - [2024-10-10T21:16:45.475-0300] {dag.py:3239} INFO - Sync 1 DAGs
[2024-10-10T21:16:45.556-0300] {logging_mixin.py:190} INFO - [2024-10-10T21:16:45.555-0300] {dag.py:4180} INFO - Setting next_dagrun for example_nested_branch_dag to 2024-10-10 00:00:00+00:00, run_after=2024-10-11 00:00:00+00:00
[2024-10-10T21:16:45.611-0300] {processor.py:208} INFO - Processing /home/kaueoliveira/desafiolh/airflow_tooltorial/venv/lib/python3.12/site-packages/airflow/example_dags/example_nested_branch_dag.py took 0.254 seconds
[2024-10-10T21:17:42.425-0300] {processor.py:186} INFO - Started process (PID=18387) to work on /home/kaueoliveira/desafiolh/airflow_tooltorial/venv/lib/python3.12/site-packages/airflow/example_dags/example_nested_branch_dag.py
[2024-10-10T21:17:42.427-0300] {processor.py:914} INFO - Processing file /home/kaueoliveira/desafiolh/airflow_tooltorial/venv/lib/python3.12/site-packages/airflow/example_dags/example_nested_branch_dag.py for tasks to queue
[2024-10-10T21:17:42.430-0300] {logging_mixin.py:190} INFO - [2024-10-10T21:17:42.429-0300] {dagbag.py:588} INFO - Filling up the DagBag from /home/kaueoliveira/desafiolh/airflow_tooltorial/venv/lib/python3.12/site-packages/airflow/example_dags/example_nested_branch_dag.py
[2024-10-10T21:17:42.451-0300] {processor.py:925} INFO - DAG(s) 'example_nested_branch_dag' retrieved from /home/kaueoliveira/desafiolh/airflow_tooltorial/venv/lib/python3.12/site-packages/airflow/example_dags/example_nested_branch_dag.py
[2024-10-10T21:17:42.480-0300] {logging_mixin.py:190} INFO - [2024-10-10T21:17:42.480-0300] {dag.py:3239} INFO - Sync 1 DAGs
[2024-10-10T21:17:42.519-0300] {logging_mixin.py:190} INFO - [2024-10-10T21:17:42.518-0300] {dag.py:4180} INFO - Setting next_dagrun for example_nested_branch_dag to 2024-10-10 00:00:00+00:00, run_after=2024-10-11 00:00:00+00:00
[2024-10-10T21:17:42.557-0300] {processor.py:208} INFO - Processing /home/kaueoliveira/desafiolh/airflow_tooltorial/venv/lib/python3.12/site-packages/airflow/example_dags/example_nested_branch_dag.py took 0.138 seconds
[2024-10-10T21:18:38.786-0300] {processor.py:186} INFO - Started process (PID=18870) to work on /home/kaueoliveira/desafiolh/airflow_tooltorial/venv/lib/python3.12/site-packages/airflow/example_dags/example_nested_branch_dag.py
[2024-10-10T21:18:38.788-0300] {processor.py:914} INFO - Processing file /home/kaueoliveira/desafiolh/airflow_tooltorial/venv/lib/python3.12/site-packages/airflow/example_dags/example_nested_branch_dag.py for tasks to queue
[2024-10-10T21:18:38.789-0300] {logging_mixin.py:190} INFO - [2024-10-10T21:18:38.789-0300] {dagbag.py:588} INFO - Filling up the DagBag from /home/kaueoliveira/desafiolh/airflow_tooltorial/venv/lib/python3.12/site-packages/airflow/example_dags/example_nested_branch_dag.py
[2024-10-10T21:18:38.800-0300] {processor.py:925} INFO - DAG(s) 'example_nested_branch_dag' retrieved from /home/kaueoliveira/desafiolh/airflow_tooltorial/venv/lib/python3.12/site-packages/airflow/example_dags/example_nested_branch_dag.py
[2024-10-10T21:18:38.816-0300] {logging_mixin.py:190} INFO - [2024-10-10T21:18:38.815-0300] {dag.py:3239} INFO - Sync 1 DAGs
[2024-10-10T21:18:38.835-0300] {logging_mixin.py:190} INFO - [2024-10-10T21:18:38.835-0300] {dag.py:4180} INFO - Setting next_dagrun for example_nested_branch_dag to 2024-10-10 00:00:00+00:00, run_after=2024-10-11 00:00:00+00:00
[2024-10-10T21:18:38.857-0300] {processor.py:208} INFO - Processing /home/kaueoliveira/desafiolh/airflow_tooltorial/venv/lib/python3.12/site-packages/airflow/example_dags/example_nested_branch_dag.py took 0.076 seconds
