[2024-10-10T21:16:22.928-0300] {processor.py:186} INFO - Started process (PID=17857) to work on /home/kaueoliveira/desafiolh/airflow_tooltorial/venv/lib/python3.12/site-packages/airflow/example_dags/example_branch_operator_decorator.py
[2024-10-10T21:16:22.929-0300] {processor.py:914} INFO - Processing file /home/kaueoliveira/desafiolh/airflow_tooltorial/venv/lib/python3.12/site-packages/airflow/example_dags/example_branch_operator_decorator.py for tasks to queue
[2024-10-10T21:16:22.931-0300] {logging_mixin.py:190} INFO - [2024-10-10T21:16:22.931-0300] {dagbag.py:588} INFO - Filling up the DagBag from /home/kaueoliveira/desafiolh/airflow_tooltorial/venv/lib/python3.12/site-packages/airflow/example_dags/example_branch_operator_decorator.py
[2024-10-10T21:16:22.957-0300] {processor.py:925} INFO - DAG(s) 'example_branch_python_operator_decorator' retrieved from /home/kaueoliveira/desafiolh/airflow_tooltorial/venv/lib/python3.12/site-packages/airflow/example_dags/example_branch_operator_decorator.py
[2024-10-10T21:16:23.122-0300] {logging_mixin.py:190} INFO - [2024-10-10T21:16:23.121-0300] {override.py:1901} INFO - Created Permission View: can read on DAG:example_branch_python_operator_decorator
[2024-10-10T21:16:23.147-0300] {logging_mixin.py:190} INFO - [2024-10-10T21:16:23.146-0300] {override.py:1901} INFO - Created Permission View: can edit on DAG:example_branch_python_operator_decorator
[2024-10-10T21:16:23.167-0300] {logging_mixin.py:190} INFO - [2024-10-10T21:16:23.166-0300] {override.py:1901} INFO - Created Permission View: can delete on DAG:example_branch_python_operator_decorator
[2024-10-10T21:16:23.188-0300] {logging_mixin.py:190} INFO - [2024-10-10T21:16:23.187-0300] {override.py:1901} INFO - Created Permission View: can read on DAG Run:example_branch_python_operator_decorator
[2024-10-10T21:16:23.201-0300] {logging_mixin.py:190} INFO - [2024-10-10T21:16:23.201-0300] {override.py:1901} INFO - Created Permission View: can create on DAG Run:example_branch_python_operator_decorator
[2024-10-10T21:16:23.216-0300] {logging_mixin.py:190} INFO - [2024-10-10T21:16:23.215-0300] {override.py:1901} INFO - Created Permission View: can delete on DAG Run:example_branch_python_operator_decorator
[2024-10-10T21:16:23.234-0300] {logging_mixin.py:190} INFO - [2024-10-10T21:16:23.233-0300] {override.py:1901} INFO - Created Permission View: menu access on DAG Run:example_branch_python_operator_decorator
[2024-10-10T21:16:23.235-0300] {logging_mixin.py:190} INFO - [2024-10-10T21:16:23.234-0300] {dag.py:3239} INFO - Sync 1 DAGs
[2024-10-10T21:16:23.256-0300] {logging_mixin.py:190} INFO - [2024-10-10T21:16:23.256-0300] {dag.py:3262} INFO - Creating ORM DAG for example_branch_python_operator_decorator
[2024-10-10T21:16:23.272-0300] {logging_mixin.py:190} INFO - [2024-10-10T21:16:23.271-0300] {dag.py:4180} INFO - Setting next_dagrun for example_branch_python_operator_decorator to 2024-10-10 00:00:00+00:00, run_after=2024-10-11 00:00:00+00:00
[2024-10-10T21:16:23.306-0300] {processor.py:208} INFO - Processing /home/kaueoliveira/desafiolh/airflow_tooltorial/venv/lib/python3.12/site-packages/airflow/example_dags/example_branch_operator_decorator.py took 0.384 seconds
[2024-10-10T21:17:28.723-0300] {processor.py:186} INFO - Started process (PID=18338) to work on /home/kaueoliveira/desafiolh/airflow_tooltorial/venv/lib/python3.12/site-packages/airflow/example_dags/example_branch_operator_decorator.py
[2024-10-10T21:17:28.725-0300] {processor.py:914} INFO - Processing file /home/kaueoliveira/desafiolh/airflow_tooltorial/venv/lib/python3.12/site-packages/airflow/example_dags/example_branch_operator_decorator.py for tasks to queue
[2024-10-10T21:17:28.729-0300] {logging_mixin.py:190} INFO - [2024-10-10T21:17:28.729-0300] {dagbag.py:588} INFO - Filling up the DagBag from /home/kaueoliveira/desafiolh/airflow_tooltorial/venv/lib/python3.12/site-packages/airflow/example_dags/example_branch_operator_decorator.py
[2024-10-10T21:17:28.797-0300] {processor.py:925} INFO - DAG(s) 'example_branch_python_operator_decorator' retrieved from /home/kaueoliveira/desafiolh/airflow_tooltorial/venv/lib/python3.12/site-packages/airflow/example_dags/example_branch_operator_decorator.py
[2024-10-10T21:17:28.831-0300] {logging_mixin.py:190} INFO - [2024-10-10T21:17:28.831-0300] {dag.py:3239} INFO - Sync 1 DAGs
[2024-10-10T21:17:28.862-0300] {logging_mixin.py:190} INFO - [2024-10-10T21:17:28.862-0300] {dag.py:4180} INFO - Setting next_dagrun for example_branch_python_operator_decorator to 2024-10-10 00:00:00+00:00, run_after=2024-10-11 00:00:00+00:00
[2024-10-10T21:17:28.980-0300] {processor.py:208} INFO - Processing /home/kaueoliveira/desafiolh/airflow_tooltorial/venv/lib/python3.12/site-packages/airflow/example_dags/example_branch_operator_decorator.py took 0.274 seconds
[2024-10-10T21:18:29.375-0300] {processor.py:186} INFO - Started process (PID=18692) to work on /home/kaueoliveira/desafiolh/airflow_tooltorial/venv/lib/python3.12/site-packages/airflow/example_dags/example_branch_operator_decorator.py
[2024-10-10T21:18:29.377-0300] {processor.py:914} INFO - Processing file /home/kaueoliveira/desafiolh/airflow_tooltorial/venv/lib/python3.12/site-packages/airflow/example_dags/example_branch_operator_decorator.py for tasks to queue
[2024-10-10T21:18:29.381-0300] {logging_mixin.py:190} INFO - [2024-10-10T21:18:29.380-0300] {dagbag.py:588} INFO - Filling up the DagBag from /home/kaueoliveira/desafiolh/airflow_tooltorial/venv/lib/python3.12/site-packages/airflow/example_dags/example_branch_operator_decorator.py
[2024-10-10T21:18:29.418-0300] {processor.py:925} INFO - DAG(s) 'example_branch_python_operator_decorator' retrieved from /home/kaueoliveira/desafiolh/airflow_tooltorial/venv/lib/python3.12/site-packages/airflow/example_dags/example_branch_operator_decorator.py
[2024-10-10T21:18:29.442-0300] {logging_mixin.py:190} INFO - [2024-10-10T21:18:29.442-0300] {dag.py:3239} INFO - Sync 1 DAGs
[2024-10-10T21:18:29.466-0300] {logging_mixin.py:190} INFO - [2024-10-10T21:18:29.466-0300] {dag.py:4180} INFO - Setting next_dagrun for example_branch_python_operator_decorator to 2024-10-10 00:00:00+00:00, run_after=2024-10-11 00:00:00+00:00
[2024-10-10T21:18:29.495-0300] {processor.py:208} INFO - Processing /home/kaueoliveira/desafiolh/airflow_tooltorial/venv/lib/python3.12/site-packages/airflow/example_dags/example_branch_operator_decorator.py took 0.128 seconds
