[2024-10-10T21:16:14.491-0300] {processor.py:186} INFO - Started process (PID=17767) to work on /home/kaueoliveira/desafiolh/airflow_tooltorial/venv/lib/python3.12/site-packages/airflow/example_dags/example_branch_datetime_operator.py
[2024-10-10T21:16:14.492-0300] {processor.py:914} INFO - Processing file /home/kaueoliveira/desafiolh/airflow_tooltorial/venv/lib/python3.12/site-packages/airflow/example_dags/example_branch_datetime_operator.py for tasks to queue
[2024-10-10T21:16:14.494-0300] {logging_mixin.py:190} INFO - [2024-10-10T21:16:14.493-0300] {dagbag.py:588} INFO - Filling up the DagBag from /home/kaueoliveira/desafiolh/airflow_tooltorial/venv/lib/python3.12/site-packages/airflow/example_dags/example_branch_datetime_operator.py
[2024-10-10T21:16:14.504-0300] {processor.py:925} INFO - DAG(s) 'example_branch_datetime_operator_3', 'example_branch_datetime_operator', 'example_branch_datetime_operator_2' retrieved from /home/kaueoliveira/desafiolh/airflow_tooltorial/venv/lib/python3.12/site-packages/airflow/example_dags/example_branch_datetime_operator.py
[2024-10-10T21:16:14.655-0300] {logging_mixin.py:190} INFO - [2024-10-10T21:16:14.654-0300] {override.py:1901} INFO - Created Permission View: can read on DAG:example_branch_datetime_operator_3
[2024-10-10T21:16:14.687-0300] {logging_mixin.py:190} INFO - [2024-10-10T21:16:14.686-0300] {override.py:1901} INFO - Created Permission View: can edit on DAG:example_branch_datetime_operator_3
[2024-10-10T21:16:14.710-0300] {logging_mixin.py:190} INFO - [2024-10-10T21:16:14.709-0300] {override.py:1901} INFO - Created Permission View: can delete on DAG:example_branch_datetime_operator_3
[2024-10-10T21:16:14.743-0300] {logging_mixin.py:190} INFO - [2024-10-10T21:16:14.742-0300] {override.py:1901} INFO - Created Permission View: can read on DAG Run:example_branch_datetime_operator_3
[2024-10-10T21:16:14.762-0300] {logging_mixin.py:190} INFO - [2024-10-10T21:16:14.761-0300] {override.py:1901} INFO - Created Permission View: can create on DAG Run:example_branch_datetime_operator_3
[2024-10-10T21:16:14.781-0300] {logging_mixin.py:190} INFO - [2024-10-10T21:16:14.780-0300] {override.py:1901} INFO - Created Permission View: can delete on DAG Run:example_branch_datetime_operator_3
[2024-10-10T21:16:14.796-0300] {logging_mixin.py:190} INFO - [2024-10-10T21:16:14.795-0300] {override.py:1901} INFO - Created Permission View: menu access on DAG Run:example_branch_datetime_operator_3
[2024-10-10T21:16:14.823-0300] {logging_mixin.py:190} INFO - [2024-10-10T21:16:14.823-0300] {override.py:1901} INFO - Created Permission View: can read on DAG:example_branch_datetime_operator
[2024-10-10T21:16:14.835-0300] {logging_mixin.py:190} INFO - [2024-10-10T21:16:14.835-0300] {override.py:1901} INFO - Created Permission View: can edit on DAG:example_branch_datetime_operator
[2024-10-10T21:16:14.847-0300] {logging_mixin.py:190} INFO - [2024-10-10T21:16:14.846-0300] {override.py:1901} INFO - Created Permission View: can delete on DAG:example_branch_datetime_operator
[2024-10-10T21:16:14.866-0300] {logging_mixin.py:190} INFO - [2024-10-10T21:16:14.865-0300] {override.py:1901} INFO - Created Permission View: can read on DAG Run:example_branch_datetime_operator
[2024-10-10T21:16:14.879-0300] {logging_mixin.py:190} INFO - [2024-10-10T21:16:14.878-0300] {override.py:1901} INFO - Created Permission View: can create on DAG Run:example_branch_datetime_operator
[2024-10-10T21:16:14.891-0300] {logging_mixin.py:190} INFO - [2024-10-10T21:16:14.890-0300] {override.py:1901} INFO - Created Permission View: can delete on DAG Run:example_branch_datetime_operator
[2024-10-10T21:16:14.903-0300] {logging_mixin.py:190} INFO - [2024-10-10T21:16:14.902-0300] {override.py:1901} INFO - Created Permission View: menu access on DAG Run:example_branch_datetime_operator
[2024-10-10T21:16:14.929-0300] {logging_mixin.py:190} INFO - [2024-10-10T21:16:14.929-0300] {override.py:1901} INFO - Created Permission View: can read on DAG:example_branch_datetime_operator_2
[2024-10-10T21:16:14.942-0300] {logging_mixin.py:190} INFO - [2024-10-10T21:16:14.941-0300] {override.py:1901} INFO - Created Permission View: can edit on DAG:example_branch_datetime_operator_2
[2024-10-10T21:16:14.953-0300] {logging_mixin.py:190} INFO - [2024-10-10T21:16:14.953-0300] {override.py:1901} INFO - Created Permission View: can delete on DAG:example_branch_datetime_operator_2
[2024-10-10T21:16:14.975-0300] {logging_mixin.py:190} INFO - [2024-10-10T21:16:14.974-0300] {override.py:1901} INFO - Created Permission View: can read on DAG Run:example_branch_datetime_operator_2
[2024-10-10T21:16:14.990-0300] {logging_mixin.py:190} INFO - [2024-10-10T21:16:14.989-0300] {override.py:1901} INFO - Created Permission View: can create on DAG Run:example_branch_datetime_operator_2
[2024-10-10T21:16:15.002-0300] {logging_mixin.py:190} INFO - [2024-10-10T21:16:15.002-0300] {override.py:1901} INFO - Created Permission View: can delete on DAG Run:example_branch_datetime_operator_2
[2024-10-10T21:16:15.014-0300] {logging_mixin.py:190} INFO - [2024-10-10T21:16:15.014-0300] {override.py:1901} INFO - Created Permission View: menu access on DAG Run:example_branch_datetime_operator_2
[2024-10-10T21:16:15.015-0300] {logging_mixin.py:190} INFO - [2024-10-10T21:16:15.015-0300] {dag.py:3239} INFO - Sync 3 DAGs
[2024-10-10T21:16:15.028-0300] {logging_mixin.py:190} INFO - [2024-10-10T21:16:15.027-0300] {dag.py:3262} INFO - Creating ORM DAG for example_branch_datetime_operator
[2024-10-10T21:16:15.028-0300] {logging_mixin.py:190} INFO - [2024-10-10T21:16:15.028-0300] {dag.py:3262} INFO - Creating ORM DAG for example_branch_datetime_operator_3
[2024-10-10T21:16:15.029-0300] {logging_mixin.py:190} INFO - [2024-10-10T21:16:15.029-0300] {dag.py:3262} INFO - Creating ORM DAG for example_branch_datetime_operator_2
[2024-10-10T21:16:15.043-0300] {logging_mixin.py:190} INFO - [2024-10-10T21:16:15.043-0300] {dag.py:4180} INFO - Setting next_dagrun for example_branch_datetime_operator to 2024-10-10 00:00:00+00:00, run_after=2024-10-11 00:00:00+00:00
[2024-10-10T21:16:15.045-0300] {logging_mixin.py:190} INFO - [2024-10-10T21:16:15.045-0300] {dag.py:4180} INFO - Setting next_dagrun for example_branch_datetime_operator_2 to 2024-10-10 00:00:00+00:00, run_after=2024-10-11 00:00:00+00:00
[2024-10-10T21:16:15.047-0300] {logging_mixin.py:190} INFO - [2024-10-10T21:16:15.046-0300] {dag.py:4180} INFO - Setting next_dagrun for example_branch_datetime_operator_3 to 2024-10-10 00:00:00+00:00, run_after=2024-10-11 00:00:00+00:00
[2024-10-10T21:16:15.084-0300] {processor.py:208} INFO - Processing /home/kaueoliveira/desafiolh/airflow_tooltorial/venv/lib/python3.12/site-packages/airflow/example_dags/example_branch_datetime_operator.py took 0.600 seconds
[2024-10-10T21:17:24.213-0300] {processor.py:186} INFO - Started process (PID=18317) to work on /home/kaueoliveira/desafiolh/airflow_tooltorial/venv/lib/python3.12/site-packages/airflow/example_dags/example_branch_datetime_operator.py
[2024-10-10T21:17:24.215-0300] {processor.py:914} INFO - Processing file /home/kaueoliveira/desafiolh/airflow_tooltorial/venv/lib/python3.12/site-packages/airflow/example_dags/example_branch_datetime_operator.py for tasks to queue
[2024-10-10T21:17:24.218-0300] {logging_mixin.py:190} INFO - [2024-10-10T21:17:24.217-0300] {dagbag.py:588} INFO - Filling up the DagBag from /home/kaueoliveira/desafiolh/airflow_tooltorial/venv/lib/python3.12/site-packages/airflow/example_dags/example_branch_datetime_operator.py
[2024-10-10T21:17:24.233-0300] {processor.py:925} INFO - DAG(s) 'example_branch_datetime_operator_2', 'example_branch_datetime_operator', 'example_branch_datetime_operator_3' retrieved from /home/kaueoliveira/desafiolh/airflow_tooltorial/venv/lib/python3.12/site-packages/airflow/example_dags/example_branch_datetime_operator.py
[2024-10-10T21:17:24.262-0300] {logging_mixin.py:190} INFO - [2024-10-10T21:17:24.262-0300] {dag.py:3239} INFO - Sync 3 DAGs
[2024-10-10T21:17:24.296-0300] {logging_mixin.py:190} INFO - [2024-10-10T21:17:24.296-0300] {dag.py:4180} INFO - Setting next_dagrun for example_branch_datetime_operator to 2024-10-10 00:00:00+00:00, run_after=2024-10-11 00:00:00+00:00
[2024-10-10T21:17:24.301-0300] {logging_mixin.py:190} INFO - [2024-10-10T21:17:24.301-0300] {dag.py:4180} INFO - Setting next_dagrun for example_branch_datetime_operator_2 to 2024-10-10 00:00:00+00:00, run_after=2024-10-11 00:00:00+00:00
[2024-10-10T21:17:24.304-0300] {logging_mixin.py:190} INFO - [2024-10-10T21:17:24.304-0300] {dag.py:4180} INFO - Setting next_dagrun for example_branch_datetime_operator_3 to 2024-10-10 00:00:00+00:00, run_after=2024-10-11 00:00:00+00:00
[2024-10-10T21:17:24.329-0300] {processor.py:208} INFO - Processing /home/kaueoliveira/desafiolh/airflow_tooltorial/venv/lib/python3.12/site-packages/airflow/example_dags/example_branch_datetime_operator.py took 0.122 seconds
[2024-10-10T21:18:22.028-0300] {processor.py:186} INFO - Started process (PID=18627) to work on /home/kaueoliveira/desafiolh/airflow_tooltorial/venv/lib/python3.12/site-packages/airflow/example_dags/example_branch_datetime_operator.py
[2024-10-10T21:18:22.047-0300] {processor.py:914} INFO - Processing file /home/kaueoliveira/desafiolh/airflow_tooltorial/venv/lib/python3.12/site-packages/airflow/example_dags/example_branch_datetime_operator.py for tasks to queue
[2024-10-10T21:18:22.051-0300] {logging_mixin.py:190} INFO - [2024-10-10T21:18:22.050-0300] {dagbag.py:588} INFO - Filling up the DagBag from /home/kaueoliveira/desafiolh/airflow_tooltorial/venv/lib/python3.12/site-packages/airflow/example_dags/example_branch_datetime_operator.py
[2024-10-10T21:18:22.075-0300] {processor.py:925} INFO - DAG(s) 'example_branch_datetime_operator_3', 'example_branch_datetime_operator', 'example_branch_datetime_operator_2' retrieved from /home/kaueoliveira/desafiolh/airflow_tooltorial/venv/lib/python3.12/site-packages/airflow/example_dags/example_branch_datetime_operator.py
[2024-10-10T21:18:22.103-0300] {logging_mixin.py:190} INFO - [2024-10-10T21:18:22.102-0300] {dag.py:3239} INFO - Sync 3 DAGs
[2024-10-10T21:18:22.135-0300] {logging_mixin.py:190} INFO - [2024-10-10T21:18:22.134-0300] {dag.py:4180} INFO - Setting next_dagrun for example_branch_datetime_operator to 2024-10-10 00:00:00+00:00, run_after=2024-10-11 00:00:00+00:00
[2024-10-10T21:18:22.141-0300] {logging_mixin.py:190} INFO - [2024-10-10T21:18:22.141-0300] {dag.py:4180} INFO - Setting next_dagrun for example_branch_datetime_operator_2 to 2024-10-10 00:00:00+00:00, run_after=2024-10-11 00:00:00+00:00
[2024-10-10T21:18:22.145-0300] {logging_mixin.py:190} INFO - [2024-10-10T21:18:22.145-0300] {dag.py:4180} INFO - Setting next_dagrun for example_branch_datetime_operator_3 to 2024-10-10 00:00:00+00:00, run_after=2024-10-11 00:00:00+00:00
[2024-10-10T21:18:22.203-0300] {processor.py:208} INFO - Processing /home/kaueoliveira/desafiolh/airflow_tooltorial/venv/lib/python3.12/site-packages/airflow/example_dags/example_branch_datetime_operator.py took 0.182 seconds
