[2024-10-10T21:16:18.910-0300] {processor.py:186} INFO - Started process (PID=17785) to work on /home/kaueoliveira/desafiolh/airflow_tooltorial/venv/lib/python3.12/site-packages/airflow/example_dags/example_external_task_marker_dag.py
[2024-10-10T21:16:18.911-0300] {processor.py:914} INFO - Processing file /home/kaueoliveira/desafiolh/airflow_tooltorial/venv/lib/python3.12/site-packages/airflow/example_dags/example_external_task_marker_dag.py for tasks to queue
[2024-10-10T21:16:18.914-0300] {logging_mixin.py:190} INFO - [2024-10-10T21:16:18.913-0300] {dagbag.py:588} INFO - Filling up the DagBag from /home/kaueoliveira/desafiolh/airflow_tooltorial/venv/lib/python3.12/site-packages/airflow/example_dags/example_external_task_marker_dag.py
[2024-10-10T21:16:18.924-0300] {processor.py:925} INFO - DAG(s) 'example_external_task_marker_child', 'example_external_task_marker_parent' retrieved from /home/kaueoliveira/desafiolh/airflow_tooltorial/venv/lib/python3.12/site-packages/airflow/example_dags/example_external_task_marker_dag.py
[2024-10-10T21:16:19.065-0300] {logging_mixin.py:190} INFO - [2024-10-10T21:16:19.064-0300] {override.py:1901} INFO - Created Permission View: can read on DAG:example_external_task_marker_child
[2024-10-10T21:16:19.085-0300] {logging_mixin.py:190} INFO - [2024-10-10T21:16:19.084-0300] {override.py:1901} INFO - Created Permission View: can edit on DAG:example_external_task_marker_child
[2024-10-10T21:16:19.099-0300] {logging_mixin.py:190} INFO - [2024-10-10T21:16:19.098-0300] {override.py:1901} INFO - Created Permission View: can delete on DAG:example_external_task_marker_child
[2024-10-10T21:16:19.126-0300] {logging_mixin.py:190} INFO - [2024-10-10T21:16:19.125-0300] {override.py:1901} INFO - Created Permission View: can read on DAG Run:example_external_task_marker_child
[2024-10-10T21:16:19.138-0300] {logging_mixin.py:190} INFO - [2024-10-10T21:16:19.137-0300] {override.py:1901} INFO - Created Permission View: can create on DAG Run:example_external_task_marker_child
[2024-10-10T21:16:19.152-0300] {logging_mixin.py:190} INFO - [2024-10-10T21:16:19.151-0300] {override.py:1901} INFO - Created Permission View: can delete on DAG Run:example_external_task_marker_child
[2024-10-10T21:16:19.166-0300] {logging_mixin.py:190} INFO - [2024-10-10T21:16:19.165-0300] {override.py:1901} INFO - Created Permission View: menu access on DAG Run:example_external_task_marker_child
[2024-10-10T21:16:19.193-0300] {logging_mixin.py:190} INFO - [2024-10-10T21:16:19.192-0300] {override.py:1901} INFO - Created Permission View: can read on DAG:example_external_task_marker_parent
[2024-10-10T21:16:19.207-0300] {logging_mixin.py:190} INFO - [2024-10-10T21:16:19.206-0300] {override.py:1901} INFO - Created Permission View: can edit on DAG:example_external_task_marker_parent
[2024-10-10T21:16:19.221-0300] {logging_mixin.py:190} INFO - [2024-10-10T21:16:19.220-0300] {override.py:1901} INFO - Created Permission View: can delete on DAG:example_external_task_marker_parent
[2024-10-10T21:16:19.243-0300] {logging_mixin.py:190} INFO - [2024-10-10T21:16:19.243-0300] {override.py:1901} INFO - Created Permission View: can read on DAG Run:example_external_task_marker_parent
[2024-10-10T21:16:19.257-0300] {logging_mixin.py:190} INFO - [2024-10-10T21:16:19.257-0300] {override.py:1901} INFO - Created Permission View: can create on DAG Run:example_external_task_marker_parent
[2024-10-10T21:16:19.272-0300] {logging_mixin.py:190} INFO - [2024-10-10T21:16:19.271-0300] {override.py:1901} INFO - Created Permission View: can delete on DAG Run:example_external_task_marker_parent
[2024-10-10T21:16:19.286-0300] {logging_mixin.py:190} INFO - [2024-10-10T21:16:19.285-0300] {override.py:1901} INFO - Created Permission View: menu access on DAG Run:example_external_task_marker_parent
[2024-10-10T21:16:19.287-0300] {logging_mixin.py:190} INFO - [2024-10-10T21:16:19.286-0300] {dag.py:3239} INFO - Sync 2 DAGs
[2024-10-10T21:16:19.301-0300] {logging_mixin.py:190} INFO - [2024-10-10T21:16:19.300-0300] {dag.py:3262} INFO - Creating ORM DAG for example_external_task_marker_child
[2024-10-10T21:16:19.302-0300] {logging_mixin.py:190} INFO - [2024-10-10T21:16:19.302-0300] {dag.py:3262} INFO - Creating ORM DAG for example_external_task_marker_parent
[2024-10-10T21:16:19.303-0300] {logging_mixin.py:190} INFO - [2024-10-10T21:16:19.303-0300] {dag.py:4180} INFO - Setting next_dagrun for example_external_task_marker_child to None, run_after=None
[2024-10-10T21:16:19.304-0300] {logging_mixin.py:190} INFO - [2024-10-10T21:16:19.304-0300] {dag.py:4180} INFO - Setting next_dagrun for example_external_task_marker_parent to None, run_after=None
[2024-10-10T21:16:19.334-0300] {processor.py:208} INFO - Processing /home/kaueoliveira/desafiolh/airflow_tooltorial/venv/lib/python3.12/site-packages/airflow/example_dags/example_external_task_marker_dag.py took 0.431 seconds
[2024-10-10T21:17:27.110-0300] {processor.py:186} INFO - Started process (PID=18329) to work on /home/kaueoliveira/desafiolh/airflow_tooltorial/venv/lib/python3.12/site-packages/airflow/example_dags/example_external_task_marker_dag.py
[2024-10-10T21:17:27.112-0300] {processor.py:914} INFO - Processing file /home/kaueoliveira/desafiolh/airflow_tooltorial/venv/lib/python3.12/site-packages/airflow/example_dags/example_external_task_marker_dag.py for tasks to queue
[2024-10-10T21:17:27.115-0300] {logging_mixin.py:190} INFO - [2024-10-10T21:17:27.114-0300] {dagbag.py:588} INFO - Filling up the DagBag from /home/kaueoliveira/desafiolh/airflow_tooltorial/venv/lib/python3.12/site-packages/airflow/example_dags/example_external_task_marker_dag.py
[2024-10-10T21:17:27.125-0300] {processor.py:925} INFO - DAG(s) 'example_external_task_marker_parent', 'example_external_task_marker_child' retrieved from /home/kaueoliveira/desafiolh/airflow_tooltorial/venv/lib/python3.12/site-packages/airflow/example_dags/example_external_task_marker_dag.py
[2024-10-10T21:17:27.145-0300] {logging_mixin.py:190} INFO - [2024-10-10T21:17:27.145-0300] {dag.py:3239} INFO - Sync 2 DAGs
[2024-10-10T21:17:27.162-0300] {logging_mixin.py:190} INFO - [2024-10-10T21:17:27.161-0300] {dag.py:4180} INFO - Setting next_dagrun for example_external_task_marker_child to None, run_after=None
[2024-10-10T21:17:27.166-0300] {logging_mixin.py:190} INFO - [2024-10-10T21:17:27.166-0300] {dag.py:4180} INFO - Setting next_dagrun for example_external_task_marker_parent to None, run_after=None
[2024-10-10T21:17:27.192-0300] {processor.py:208} INFO - Processing /home/kaueoliveira/desafiolh/airflow_tooltorial/venv/lib/python3.12/site-packages/airflow/example_dags/example_external_task_marker_dag.py took 0.088 seconds
[2024-10-10T21:18:25.971-0300] {processor.py:186} INFO - Started process (PID=18677) to work on /home/kaueoliveira/desafiolh/airflow_tooltorial/venv/lib/python3.12/site-packages/airflow/example_dags/example_external_task_marker_dag.py
[2024-10-10T21:18:25.976-0300] {processor.py:914} INFO - Processing file /home/kaueoliveira/desafiolh/airflow_tooltorial/venv/lib/python3.12/site-packages/airflow/example_dags/example_external_task_marker_dag.py for tasks to queue
[2024-10-10T21:18:25.979-0300] {logging_mixin.py:190} INFO - [2024-10-10T21:18:25.979-0300] {dagbag.py:588} INFO - Filling up the DagBag from /home/kaueoliveira/desafiolh/airflow_tooltorial/venv/lib/python3.12/site-packages/airflow/example_dags/example_external_task_marker_dag.py
[2024-10-10T21:18:25.994-0300] {processor.py:925} INFO - DAG(s) 'example_external_task_marker_parent', 'example_external_task_marker_child' retrieved from /home/kaueoliveira/desafiolh/airflow_tooltorial/venv/lib/python3.12/site-packages/airflow/example_dags/example_external_task_marker_dag.py
[2024-10-10T21:18:26.025-0300] {logging_mixin.py:190} INFO - [2024-10-10T21:18:26.025-0300] {dag.py:3239} INFO - Sync 2 DAGs
[2024-10-10T21:18:26.043-0300] {logging_mixin.py:190} INFO - [2024-10-10T21:18:26.043-0300] {dag.py:4180} INFO - Setting next_dagrun for example_external_task_marker_child to None, run_after=None
[2024-10-10T21:18:26.049-0300] {logging_mixin.py:190} INFO - [2024-10-10T21:18:26.048-0300] {dag.py:4180} INFO - Setting next_dagrun for example_external_task_marker_parent to None, run_after=None
[2024-10-10T21:18:26.077-0300] {processor.py:208} INFO - Processing /home/kaueoliveira/desafiolh/airflow_tooltorial/venv/lib/python3.12/site-packages/airflow/example_dags/example_external_task_marker_dag.py took 0.112 seconds
