[2024-10-10T21:16:10.345-0300] {processor.py:186} INFO - Started process (PID=17752) to work on /home/kaueoliveira/desafiolh/airflow_tooltorial/venv/lib/python3.12/site-packages/airflow/example_dags/example_latest_only_with_trigger.py
[2024-10-10T21:16:10.346-0300] {processor.py:914} INFO - Processing file /home/kaueoliveira/desafiolh/airflow_tooltorial/venv/lib/python3.12/site-packages/airflow/example_dags/example_latest_only_with_trigger.py for tasks to queue
[2024-10-10T21:16:10.348-0300] {logging_mixin.py:190} INFO - [2024-10-10T21:16:10.348-0300] {dagbag.py:588} INFO - Filling up the DagBag from /home/kaueoliveira/desafiolh/airflow_tooltorial/venv/lib/python3.12/site-packages/airflow/example_dags/example_latest_only_with_trigger.py
[2024-10-10T21:16:10.361-0300] {processor.py:925} INFO - DAG(s) 'latest_only_with_trigger' retrieved from /home/kaueoliveira/desafiolh/airflow_tooltorial/venv/lib/python3.12/site-packages/airflow/example_dags/example_latest_only_with_trigger.py
[2024-10-10T21:16:10.486-0300] {logging_mixin.py:190} INFO - [2024-10-10T21:16:10.485-0300] {override.py:1901} INFO - Created Permission View: can read on DAG:latest_only_with_trigger
[2024-10-10T21:16:10.503-0300] {logging_mixin.py:190} INFO - [2024-10-10T21:16:10.502-0300] {override.py:1901} INFO - Created Permission View: can edit on DAG:latest_only_with_trigger
[2024-10-10T21:16:10.516-0300] {logging_mixin.py:190} INFO - [2024-10-10T21:16:10.516-0300] {override.py:1901} INFO - Created Permission View: can delete on DAG:latest_only_with_trigger
[2024-10-10T21:16:10.537-0300] {logging_mixin.py:190} INFO - [2024-10-10T21:16:10.536-0300] {override.py:1901} INFO - Created Permission View: can read on DAG Run:latest_only_with_trigger
[2024-10-10T21:16:10.549-0300] {logging_mixin.py:190} INFO - [2024-10-10T21:16:10.549-0300] {override.py:1901} INFO - Created Permission View: can create on DAG Run:latest_only_with_trigger
[2024-10-10T21:16:10.562-0300] {logging_mixin.py:190} INFO - [2024-10-10T21:16:10.562-0300] {override.py:1901} INFO - Created Permission View: can delete on DAG Run:latest_only_with_trigger
[2024-10-10T21:16:10.574-0300] {logging_mixin.py:190} INFO - [2024-10-10T21:16:10.574-0300] {override.py:1901} INFO - Created Permission View: menu access on DAG Run:latest_only_with_trigger
[2024-10-10T21:16:10.575-0300] {logging_mixin.py:190} INFO - [2024-10-10T21:16:10.575-0300] {dag.py:3239} INFO - Sync 1 DAGs
[2024-10-10T21:16:10.588-0300] {logging_mixin.py:190} INFO - [2024-10-10T21:16:10.588-0300] {dag.py:3262} INFO - Creating ORM DAG for latest_only_with_trigger
[2024-10-10T21:16:10.596-0300] {logging_mixin.py:190} INFO - [2024-10-10T21:16:10.596-0300] {dag.py:4180} INFO - Setting next_dagrun for latest_only_with_trigger to 2024-10-10 20:00:00+00:00, run_after=2024-10-11 00:00:00+00:00
[2024-10-10T21:16:10.624-0300] {processor.py:208} INFO - Processing /home/kaueoliveira/desafiolh/airflow_tooltorial/venv/lib/python3.12/site-packages/airflow/example_dags/example_latest_only_with_trigger.py took 0.286 seconds
[2024-10-10T21:17:20.837-0300] {processor.py:186} INFO - Started process (PID=18245) to work on /home/kaueoliveira/desafiolh/airflow_tooltorial/venv/lib/python3.12/site-packages/airflow/example_dags/example_latest_only_with_trigger.py
[2024-10-10T21:17:20.839-0300] {processor.py:914} INFO - Processing file /home/kaueoliveira/desafiolh/airflow_tooltorial/venv/lib/python3.12/site-packages/airflow/example_dags/example_latest_only_with_trigger.py for tasks to queue
[2024-10-10T21:17:20.842-0300] {logging_mixin.py:190} INFO - [2024-10-10T21:17:20.842-0300] {dagbag.py:588} INFO - Filling up the DagBag from /home/kaueoliveira/desafiolh/airflow_tooltorial/venv/lib/python3.12/site-packages/airflow/example_dags/example_latest_only_with_trigger.py
[2024-10-10T21:17:20.854-0300] {processor.py:925} INFO - DAG(s) 'latest_only_with_trigger' retrieved from /home/kaueoliveira/desafiolh/airflow_tooltorial/venv/lib/python3.12/site-packages/airflow/example_dags/example_latest_only_with_trigger.py
[2024-10-10T21:17:20.874-0300] {logging_mixin.py:190} INFO - [2024-10-10T21:17:20.874-0300] {dag.py:3239} INFO - Sync 1 DAGs
[2024-10-10T21:17:20.901-0300] {logging_mixin.py:190} INFO - [2024-10-10T21:17:20.901-0300] {dag.py:4180} INFO - Setting next_dagrun for latest_only_with_trigger to 2024-10-10 20:00:00+00:00, run_after=2024-10-11 00:00:00+00:00
[2024-10-10T21:17:20.932-0300] {processor.py:208} INFO - Processing /home/kaueoliveira/desafiolh/airflow_tooltorial/venv/lib/python3.12/site-packages/airflow/example_dags/example_latest_only_with_trigger.py took 0.101 seconds
[2024-10-10T21:18:19.174-0300] {processor.py:186} INFO - Started process (PID=18593) to work on /home/kaueoliveira/desafiolh/airflow_tooltorial/venv/lib/python3.12/site-packages/airflow/example_dags/example_latest_only_with_trigger.py
[2024-10-10T21:18:19.175-0300] {processor.py:914} INFO - Processing file /home/kaueoliveira/desafiolh/airflow_tooltorial/venv/lib/python3.12/site-packages/airflow/example_dags/example_latest_only_with_trigger.py for tasks to queue
[2024-10-10T21:18:19.178-0300] {logging_mixin.py:190} INFO - [2024-10-10T21:18:19.178-0300] {dagbag.py:588} INFO - Filling up the DagBag from /home/kaueoliveira/desafiolh/airflow_tooltorial/venv/lib/python3.12/site-packages/airflow/example_dags/example_latest_only_with_trigger.py
[2024-10-10T21:18:19.187-0300] {processor.py:925} INFO - DAG(s) 'latest_only_with_trigger' retrieved from /home/kaueoliveira/desafiolh/airflow_tooltorial/venv/lib/python3.12/site-packages/airflow/example_dags/example_latest_only_with_trigger.py
[2024-10-10T21:18:19.203-0300] {logging_mixin.py:190} INFO - [2024-10-10T21:18:19.202-0300] {dag.py:3239} INFO - Sync 1 DAGs
[2024-10-10T21:18:19.222-0300] {logging_mixin.py:190} INFO - [2024-10-10T21:18:19.222-0300] {dag.py:4180} INFO - Setting next_dagrun for latest_only_with_trigger to 2024-10-10 20:00:00+00:00, run_after=2024-10-11 00:00:00+00:00
[2024-10-10T21:18:19.247-0300] {processor.py:208} INFO - Processing /home/kaueoliveira/desafiolh/airflow_tooltorial/venv/lib/python3.12/site-packages/airflow/example_dags/example_latest_only_with_trigger.py took 0.080 seconds
