[2024-10-10T21:16:25.237-0300] {processor.py:186} INFO - Started process (PID=17872) to work on /home/kaueoliveira/desafiolh/airflow_tooltorial/venv/lib/python3.12/site-packages/airflow/example_dags/example_dynamic_task_mapping_with_no_taskflow_operators.py
[2024-10-10T21:16:25.238-0300] {processor.py:914} INFO - Processing file /home/kaueoliveira/desafiolh/airflow_tooltorial/venv/lib/python3.12/site-packages/airflow/example_dags/example_dynamic_task_mapping_with_no_taskflow_operators.py for tasks to queue
[2024-10-10T21:16:25.240-0300] {logging_mixin.py:190} INFO - [2024-10-10T21:16:25.240-0300] {dagbag.py:588} INFO - Filling up the DagBag from /home/kaueoliveira/desafiolh/airflow_tooltorial/venv/lib/python3.12/site-packages/airflow/example_dags/example_dynamic_task_mapping_with_no_taskflow_operators.py
[2024-10-10T21:16:25.248-0300] {processor.py:925} INFO - DAG(s) 'example_dynamic_task_mapping_with_no_taskflow_operators' retrieved from /home/kaueoliveira/desafiolh/airflow_tooltorial/venv/lib/python3.12/site-packages/airflow/example_dags/example_dynamic_task_mapping_with_no_taskflow_operators.py
[2024-10-10T21:16:25.366-0300] {logging_mixin.py:190} INFO - [2024-10-10T21:16:25.365-0300] {override.py:1901} INFO - Created Permission View: can read on DAG:example_dynamic_task_mapping_with_no_taskflow_operators
[2024-10-10T21:16:25.381-0300] {logging_mixin.py:190} INFO - [2024-10-10T21:16:25.381-0300] {override.py:1901} INFO - Created Permission View: can edit on DAG:example_dynamic_task_mapping_with_no_taskflow_operators
[2024-10-10T21:16:25.394-0300] {logging_mixin.py:190} INFO - [2024-10-10T21:16:25.393-0300] {override.py:1901} INFO - Created Permission View: can delete on DAG:example_dynamic_task_mapping_with_no_taskflow_operators
[2024-10-10T21:16:25.416-0300] {logging_mixin.py:190} INFO - [2024-10-10T21:16:25.415-0300] {override.py:1901} INFO - Created Permission View: can read on DAG Run:example_dynamic_task_mapping_with_no_taskflow_operators
[2024-10-10T21:16:25.431-0300] {logging_mixin.py:190} INFO - [2024-10-10T21:16:25.431-0300] {override.py:1901} INFO - Created Permission View: can create on DAG Run:example_dynamic_task_mapping_with_no_taskflow_operators
[2024-10-10T21:16:25.445-0300] {logging_mixin.py:190} INFO - [2024-10-10T21:16:25.444-0300] {override.py:1901} INFO - Created Permission View: can delete on DAG Run:example_dynamic_task_mapping_with_no_taskflow_operators
[2024-10-10T21:16:25.458-0300] {logging_mixin.py:190} INFO - [2024-10-10T21:16:25.458-0300] {override.py:1901} INFO - Created Permission View: menu access on DAG Run:example_dynamic_task_mapping_with_no_taskflow_operators
[2024-10-10T21:16:25.459-0300] {logging_mixin.py:190} INFO - [2024-10-10T21:16:25.459-0300] {dag.py:3239} INFO - Sync 1 DAGs
[2024-10-10T21:16:25.472-0300] {logging_mixin.py:190} INFO - [2024-10-10T21:16:25.472-0300] {dag.py:3262} INFO - Creating ORM DAG for example_dynamic_task_mapping_with_no_taskflow_operators
[2024-10-10T21:16:25.473-0300] {logging_mixin.py:190} INFO - [2024-10-10T21:16:25.473-0300] {dag.py:4180} INFO - Setting next_dagrun for example_dynamic_task_mapping_with_no_taskflow_operators to None, run_after=None
[2024-10-10T21:16:25.504-0300] {processor.py:208} INFO - Processing /home/kaueoliveira/desafiolh/airflow_tooltorial/venv/lib/python3.12/site-packages/airflow/example_dags/example_dynamic_task_mapping_with_no_taskflow_operators.py took 0.273 seconds
[2024-10-10T21:17:32.701-0300] {processor.py:186} INFO - Started process (PID=18353) to work on /home/kaueoliveira/desafiolh/airflow_tooltorial/venv/lib/python3.12/site-packages/airflow/example_dags/example_dynamic_task_mapping_with_no_taskflow_operators.py
[2024-10-10T21:17:32.703-0300] {processor.py:914} INFO - Processing file /home/kaueoliveira/desafiolh/airflow_tooltorial/venv/lib/python3.12/site-packages/airflow/example_dags/example_dynamic_task_mapping_with_no_taskflow_operators.py for tasks to queue
[2024-10-10T21:17:32.706-0300] {logging_mixin.py:190} INFO - [2024-10-10T21:17:32.705-0300] {dagbag.py:588} INFO - Filling up the DagBag from /home/kaueoliveira/desafiolh/airflow_tooltorial/venv/lib/python3.12/site-packages/airflow/example_dags/example_dynamic_task_mapping_with_no_taskflow_operators.py
[2024-10-10T21:17:32.715-0300] {processor.py:925} INFO - DAG(s) 'example_dynamic_task_mapping_with_no_taskflow_operators' retrieved from /home/kaueoliveira/desafiolh/airflow_tooltorial/venv/lib/python3.12/site-packages/airflow/example_dags/example_dynamic_task_mapping_with_no_taskflow_operators.py
[2024-10-10T21:17:32.736-0300] {logging_mixin.py:190} INFO - [2024-10-10T21:17:32.735-0300] {dag.py:3239} INFO - Sync 1 DAGs
[2024-10-10T21:17:32.757-0300] {logging_mixin.py:190} INFO - [2024-10-10T21:17:32.756-0300] {dag.py:4180} INFO - Setting next_dagrun for example_dynamic_task_mapping_with_no_taskflow_operators to None, run_after=None
[2024-10-10T21:17:32.796-0300] {processor.py:208} INFO - Processing /home/kaueoliveira/desafiolh/airflow_tooltorial/venv/lib/python3.12/site-packages/airflow/example_dags/example_dynamic_task_mapping_with_no_taskflow_operators.py took 0.101 seconds
[2024-10-10T21:18:31.970-0300] {processor.py:186} INFO - Started process (PID=18773) to work on /home/kaueoliveira/desafiolh/airflow_tooltorial/venv/lib/python3.12/site-packages/airflow/example_dags/example_dynamic_task_mapping_with_no_taskflow_operators.py
[2024-10-10T21:18:31.972-0300] {processor.py:914} INFO - Processing file /home/kaueoliveira/desafiolh/airflow_tooltorial/venv/lib/python3.12/site-packages/airflow/example_dags/example_dynamic_task_mapping_with_no_taskflow_operators.py for tasks to queue
[2024-10-10T21:18:31.975-0300] {logging_mixin.py:190} INFO - [2024-10-10T21:18:31.975-0300] {dagbag.py:588} INFO - Filling up the DagBag from /home/kaueoliveira/desafiolh/airflow_tooltorial/venv/lib/python3.12/site-packages/airflow/example_dags/example_dynamic_task_mapping_with_no_taskflow_operators.py
[2024-10-10T21:18:31.986-0300] {processor.py:925} INFO - DAG(s) 'example_dynamic_task_mapping_with_no_taskflow_operators' retrieved from /home/kaueoliveira/desafiolh/airflow_tooltorial/venv/lib/python3.12/site-packages/airflow/example_dags/example_dynamic_task_mapping_with_no_taskflow_operators.py
[2024-10-10T21:18:32.009-0300] {logging_mixin.py:190} INFO - [2024-10-10T21:18:32.009-0300] {dag.py:3239} INFO - Sync 1 DAGs
[2024-10-10T21:18:32.032-0300] {logging_mixin.py:190} INFO - [2024-10-10T21:18:32.032-0300] {dag.py:4180} INFO - Setting next_dagrun for example_dynamic_task_mapping_with_no_taskflow_operators to None, run_after=None
[2024-10-10T21:18:32.070-0300] {processor.py:208} INFO - Processing /home/kaueoliveira/desafiolh/airflow_tooltorial/venv/lib/python3.12/site-packages/airflow/example_dags/example_dynamic_task_mapping_with_no_taskflow_operators.py took 0.107 seconds
