[2024-10-10T21:16:07.819-0300] {processor.py:186} INFO - Started process (PID=17744) to work on /home/kaueoliveira/desafiolh/airflow_tooltorial/venv/lib/python3.12/site-packages/airflow/example_dags/example_datasets.py
[2024-10-10T21:16:07.820-0300] {processor.py:914} INFO - Processing file /home/kaueoliveira/desafiolh/airflow_tooltorial/venv/lib/python3.12/site-packages/airflow/example_dags/example_datasets.py for tasks to queue
[2024-10-10T21:16:07.822-0300] {logging_mixin.py:190} INFO - [2024-10-10T21:16:07.822-0300] {dagbag.py:588} INFO - Filling up the DagBag from /home/kaueoliveira/desafiolh/airflow_tooltorial/venv/lib/python3.12/site-packages/airflow/example_dags/example_datasets.py
[2024-10-10T21:16:07.837-0300] {processor.py:925} INFO - DAG(s) 'dataset_consumes_unknown_never_scheduled', 'dataset_consumes_1', 'conditional_dataset_and_time_based_timetable', 'dataset_produces_1', 'consume_1_or_2_with_dataset_expressions', 'consume_1_and_2_with_dataset_expressions', 'dataset_produces_2', 'consume_1_or_both_2_and_3_with_dataset_expressions', 'dataset_consumes_1_never_scheduled', 'dataset_consumes_1_and_2' retrieved from /home/kaueoliveira/desafiolh/airflow_tooltorial/venv/lib/python3.12/site-packages/airflow/example_dags/example_datasets.py
[2024-10-10T21:16:07.940-0300] {logging_mixin.py:190} INFO - [2024-10-10T21:16:07.939-0300] {override.py:1901} INFO - Created Permission View: can read on DAG:dataset_consumes_unknown_never_scheduled
[2024-10-10T21:16:07.955-0300] {logging_mixin.py:190} INFO - [2024-10-10T21:16:07.954-0300] {override.py:1901} INFO - Created Permission View: can edit on DAG:dataset_consumes_unknown_never_scheduled
[2024-10-10T21:16:07.967-0300] {logging_mixin.py:190} INFO - [2024-10-10T21:16:07.966-0300] {override.py:1901} INFO - Created Permission View: can delete on DAG:dataset_consumes_unknown_never_scheduled
[2024-10-10T21:16:07.984-0300] {logging_mixin.py:190} INFO - [2024-10-10T21:16:07.983-0300] {override.py:1901} INFO - Created Permission View: can read on DAG Run:dataset_consumes_unknown_never_scheduled
[2024-10-10T21:16:07.994-0300] {logging_mixin.py:190} INFO - [2024-10-10T21:16:07.994-0300] {override.py:1901} INFO - Created Permission View: can create on DAG Run:dataset_consumes_unknown_never_scheduled
[2024-10-10T21:16:08.004-0300] {logging_mixin.py:190} INFO - [2024-10-10T21:16:08.004-0300] {override.py:1901} INFO - Created Permission View: can delete on DAG Run:dataset_consumes_unknown_never_scheduled
[2024-10-10T21:16:08.014-0300] {logging_mixin.py:190} INFO - [2024-10-10T21:16:08.014-0300] {override.py:1901} INFO - Created Permission View: menu access on DAG Run:dataset_consumes_unknown_never_scheduled
[2024-10-10T21:16:08.037-0300] {logging_mixin.py:190} INFO - [2024-10-10T21:16:08.036-0300] {override.py:1901} INFO - Created Permission View: can read on DAG:dataset_consumes_1
[2024-10-10T21:16:08.047-0300] {logging_mixin.py:190} INFO - [2024-10-10T21:16:08.047-0300] {override.py:1901} INFO - Created Permission View: can edit on DAG:dataset_consumes_1
[2024-10-10T21:16:08.057-0300] {logging_mixin.py:190} INFO - [2024-10-10T21:16:08.057-0300] {override.py:1901} INFO - Created Permission View: can delete on DAG:dataset_consumes_1
[2024-10-10T21:16:08.075-0300] {logging_mixin.py:190} INFO - [2024-10-10T21:16:08.075-0300] {override.py:1901} INFO - Created Permission View: can read on DAG Run:dataset_consumes_1
[2024-10-10T21:16:08.086-0300] {logging_mixin.py:190} INFO - [2024-10-10T21:16:08.085-0300] {override.py:1901} INFO - Created Permission View: can create on DAG Run:dataset_consumes_1
[2024-10-10T21:16:08.096-0300] {logging_mixin.py:190} INFO - [2024-10-10T21:16:08.095-0300] {override.py:1901} INFO - Created Permission View: can delete on DAG Run:dataset_consumes_1
[2024-10-10T21:16:08.105-0300] {logging_mixin.py:190} INFO - [2024-10-10T21:16:08.105-0300] {override.py:1901} INFO - Created Permission View: menu access on DAG Run:dataset_consumes_1
[2024-10-10T21:16:08.129-0300] {logging_mixin.py:190} INFO - [2024-10-10T21:16:08.128-0300] {override.py:1901} INFO - Created Permission View: can read on DAG:conditional_dataset_and_time_based_timetable
[2024-10-10T21:16:08.139-0300] {logging_mixin.py:190} INFO - [2024-10-10T21:16:08.138-0300] {override.py:1901} INFO - Created Permission View: can edit on DAG:conditional_dataset_and_time_based_timetable
[2024-10-10T21:16:08.149-0300] {logging_mixin.py:190} INFO - [2024-10-10T21:16:08.149-0300] {override.py:1901} INFO - Created Permission View: can delete on DAG:conditional_dataset_and_time_based_timetable
[2024-10-10T21:16:08.166-0300] {logging_mixin.py:190} INFO - [2024-10-10T21:16:08.166-0300] {override.py:1901} INFO - Created Permission View: can read on DAG Run:conditional_dataset_and_time_based_timetable
[2024-10-10T21:16:08.176-0300] {logging_mixin.py:190} INFO - [2024-10-10T21:16:08.176-0300] {override.py:1901} INFO - Created Permission View: can create on DAG Run:conditional_dataset_and_time_based_timetable
[2024-10-10T21:16:08.186-0300] {logging_mixin.py:190} INFO - [2024-10-10T21:16:08.186-0300] {override.py:1901} INFO - Created Permission View: can delete on DAG Run:conditional_dataset_and_time_based_timetable
[2024-10-10T21:16:08.196-0300] {logging_mixin.py:190} INFO - [2024-10-10T21:16:08.196-0300] {override.py:1901} INFO - Created Permission View: menu access on DAG Run:conditional_dataset_and_time_based_timetable
[2024-10-10T21:16:08.220-0300] {logging_mixin.py:190} INFO - [2024-10-10T21:16:08.220-0300] {override.py:1901} INFO - Created Permission View: can read on DAG:dataset_produces_1
[2024-10-10T21:16:08.230-0300] {logging_mixin.py:190} INFO - [2024-10-10T21:16:08.230-0300] {override.py:1901} INFO - Created Permission View: can edit on DAG:dataset_produces_1
[2024-10-10T21:16:08.240-0300] {logging_mixin.py:190} INFO - [2024-10-10T21:16:08.240-0300] {override.py:1901} INFO - Created Permission View: can delete on DAG:dataset_produces_1
[2024-10-10T21:16:08.257-0300] {logging_mixin.py:190} INFO - [2024-10-10T21:16:08.257-0300] {override.py:1901} INFO - Created Permission View: can read on DAG Run:dataset_produces_1
[2024-10-10T21:16:08.268-0300] {logging_mixin.py:190} INFO - [2024-10-10T21:16:08.267-0300] {override.py:1901} INFO - Created Permission View: can create on DAG Run:dataset_produces_1
[2024-10-10T21:16:08.278-0300] {logging_mixin.py:190} INFO - [2024-10-10T21:16:08.277-0300] {override.py:1901} INFO - Created Permission View: can delete on DAG Run:dataset_produces_1
[2024-10-10T21:16:08.289-0300] {logging_mixin.py:190} INFO - [2024-10-10T21:16:08.288-0300] {override.py:1901} INFO - Created Permission View: menu access on DAG Run:dataset_produces_1
[2024-10-10T21:16:08.312-0300] {logging_mixin.py:190} INFO - [2024-10-10T21:16:08.312-0300] {override.py:1901} INFO - Created Permission View: can read on DAG:consume_1_or_2_with_dataset_expressions
[2024-10-10T21:16:08.324-0300] {logging_mixin.py:190} INFO - [2024-10-10T21:16:08.324-0300] {override.py:1901} INFO - Created Permission View: can edit on DAG:consume_1_or_2_with_dataset_expressions
[2024-10-10T21:16:08.335-0300] {logging_mixin.py:190} INFO - [2024-10-10T21:16:08.335-0300] {override.py:1901} INFO - Created Permission View: can delete on DAG:consume_1_or_2_with_dataset_expressions
[2024-10-10T21:16:08.354-0300] {logging_mixin.py:190} INFO - [2024-10-10T21:16:08.354-0300] {override.py:1901} INFO - Created Permission View: can read on DAG Run:consume_1_or_2_with_dataset_expressions
[2024-10-10T21:16:08.365-0300] {logging_mixin.py:190} INFO - [2024-10-10T21:16:08.364-0300] {override.py:1901} INFO - Created Permission View: can create on DAG Run:consume_1_or_2_with_dataset_expressions
[2024-10-10T21:16:08.376-0300] {logging_mixin.py:190} INFO - [2024-10-10T21:16:08.375-0300] {override.py:1901} INFO - Created Permission View: can delete on DAG Run:consume_1_or_2_with_dataset_expressions
[2024-10-10T21:16:08.386-0300] {logging_mixin.py:190} INFO - [2024-10-10T21:16:08.386-0300] {override.py:1901} INFO - Created Permission View: menu access on DAG Run:consume_1_or_2_with_dataset_expressions
[2024-10-10T21:16:08.410-0300] {logging_mixin.py:190} INFO - [2024-10-10T21:16:08.409-0300] {override.py:1901} INFO - Created Permission View: can read on DAG:consume_1_and_2_with_dataset_expressions
[2024-10-10T21:16:08.423-0300] {logging_mixin.py:190} INFO - [2024-10-10T21:16:08.422-0300] {override.py:1901} INFO - Created Permission View: can edit on DAG:consume_1_and_2_with_dataset_expressions
[2024-10-10T21:16:08.435-0300] {logging_mixin.py:190} INFO - [2024-10-10T21:16:08.434-0300] {override.py:1901} INFO - Created Permission View: can delete on DAG:consume_1_and_2_with_dataset_expressions
[2024-10-10T21:16:08.455-0300] {logging_mixin.py:190} INFO - [2024-10-10T21:16:08.454-0300] {override.py:1901} INFO - Created Permission View: can read on DAG Run:consume_1_and_2_with_dataset_expressions
[2024-10-10T21:16:08.466-0300] {logging_mixin.py:190} INFO - [2024-10-10T21:16:08.466-0300] {override.py:1901} INFO - Created Permission View: can create on DAG Run:consume_1_and_2_with_dataset_expressions
[2024-10-10T21:16:08.478-0300] {logging_mixin.py:190} INFO - [2024-10-10T21:16:08.478-0300] {override.py:1901} INFO - Created Permission View: can delete on DAG Run:consume_1_and_2_with_dataset_expressions
[2024-10-10T21:16:08.490-0300] {logging_mixin.py:190} INFO - [2024-10-10T21:16:08.489-0300] {override.py:1901} INFO - Created Permission View: menu access on DAG Run:consume_1_and_2_with_dataset_expressions
[2024-10-10T21:16:08.517-0300] {logging_mixin.py:190} INFO - [2024-10-10T21:16:08.516-0300] {override.py:1901} INFO - Created Permission View: can read on DAG:dataset_produces_2
[2024-10-10T21:16:08.528-0300] {logging_mixin.py:190} INFO - [2024-10-10T21:16:08.527-0300] {override.py:1901} INFO - Created Permission View: can edit on DAG:dataset_produces_2
[2024-10-10T21:16:08.540-0300] {logging_mixin.py:190} INFO - [2024-10-10T21:16:08.540-0300] {override.py:1901} INFO - Created Permission View: can delete on DAG:dataset_produces_2
[2024-10-10T21:16:08.558-0300] {logging_mixin.py:190} INFO - [2024-10-10T21:16:08.557-0300] {override.py:1901} INFO - Created Permission View: can read on DAG Run:dataset_produces_2
[2024-10-10T21:16:08.568-0300] {logging_mixin.py:190} INFO - [2024-10-10T21:16:08.568-0300] {override.py:1901} INFO - Created Permission View: can create on DAG Run:dataset_produces_2
[2024-10-10T21:16:08.580-0300] {logging_mixin.py:190} INFO - [2024-10-10T21:16:08.580-0300] {override.py:1901} INFO - Created Permission View: can delete on DAG Run:dataset_produces_2
[2024-10-10T21:16:08.592-0300] {logging_mixin.py:190} INFO - [2024-10-10T21:16:08.591-0300] {override.py:1901} INFO - Created Permission View: menu access on DAG Run:dataset_produces_2
[2024-10-10T21:16:08.615-0300] {logging_mixin.py:190} INFO - [2024-10-10T21:16:08.614-0300] {override.py:1901} INFO - Created Permission View: can read on DAG:consume_1_or_both_2_and_3_with_dataset_expressions
[2024-10-10T21:16:08.626-0300] {logging_mixin.py:190} INFO - [2024-10-10T21:16:08.625-0300] {override.py:1901} INFO - Created Permission View: can edit on DAG:consume_1_or_both_2_and_3_with_dataset_expressions
[2024-10-10T21:16:08.635-0300] {logging_mixin.py:190} INFO - [2024-10-10T21:16:08.635-0300] {override.py:1901} INFO - Created Permission View: can delete on DAG:consume_1_or_both_2_and_3_with_dataset_expressions
[2024-10-10T21:16:08.655-0300] {logging_mixin.py:190} INFO - [2024-10-10T21:16:08.654-0300] {override.py:1901} INFO - Created Permission View: can read on DAG Run:consume_1_or_both_2_and_3_with_dataset_expressions
[2024-10-10T21:16:08.665-0300] {logging_mixin.py:190} INFO - [2024-10-10T21:16:08.665-0300] {override.py:1901} INFO - Created Permission View: can create on DAG Run:consume_1_or_both_2_and_3_with_dataset_expressions
[2024-10-10T21:16:08.675-0300] {logging_mixin.py:190} INFO - [2024-10-10T21:16:08.675-0300] {override.py:1901} INFO - Created Permission View: can delete on DAG Run:consume_1_or_both_2_and_3_with_dataset_expressions
[2024-10-10T21:16:08.685-0300] {logging_mixin.py:190} INFO - [2024-10-10T21:16:08.685-0300] {override.py:1901} INFO - Created Permission View: menu access on DAG Run:consume_1_or_both_2_and_3_with_dataset_expressions
[2024-10-10T21:16:08.708-0300] {logging_mixin.py:190} INFO - [2024-10-10T21:16:08.707-0300] {override.py:1901} INFO - Created Permission View: can read on DAG:dataset_consumes_1_never_scheduled
[2024-10-10T21:16:08.719-0300] {logging_mixin.py:190} INFO - [2024-10-10T21:16:08.719-0300] {override.py:1901} INFO - Created Permission View: can edit on DAG:dataset_consumes_1_never_scheduled
[2024-10-10T21:16:08.729-0300] {logging_mixin.py:190} INFO - [2024-10-10T21:16:08.729-0300] {override.py:1901} INFO - Created Permission View: can delete on DAG:dataset_consumes_1_never_scheduled
[2024-10-10T21:16:08.746-0300] {logging_mixin.py:190} INFO - [2024-10-10T21:16:08.745-0300] {override.py:1901} INFO - Created Permission View: can read on DAG Run:dataset_consumes_1_never_scheduled
[2024-10-10T21:16:08.755-0300] {logging_mixin.py:190} INFO - [2024-10-10T21:16:08.755-0300] {override.py:1901} INFO - Created Permission View: can create on DAG Run:dataset_consumes_1_never_scheduled
[2024-10-10T21:16:08.766-0300] {logging_mixin.py:190} INFO - [2024-10-10T21:16:08.765-0300] {override.py:1901} INFO - Created Permission View: can delete on DAG Run:dataset_consumes_1_never_scheduled
[2024-10-10T21:16:08.777-0300] {logging_mixin.py:190} INFO - [2024-10-10T21:16:08.777-0300] {override.py:1901} INFO - Created Permission View: menu access on DAG Run:dataset_consumes_1_never_scheduled
[2024-10-10T21:16:08.804-0300] {logging_mixin.py:190} INFO - [2024-10-10T21:16:08.804-0300] {override.py:1901} INFO - Created Permission View: can read on DAG:dataset_consumes_1_and_2
[2024-10-10T21:16:08.816-0300] {logging_mixin.py:190} INFO - [2024-10-10T21:16:08.816-0300] {override.py:1901} INFO - Created Permission View: can edit on DAG:dataset_consumes_1_and_2
[2024-10-10T21:16:08.827-0300] {logging_mixin.py:190} INFO - [2024-10-10T21:16:08.827-0300] {override.py:1901} INFO - Created Permission View: can delete on DAG:dataset_consumes_1_and_2
[2024-10-10T21:16:08.846-0300] {logging_mixin.py:190} INFO - [2024-10-10T21:16:08.846-0300] {override.py:1901} INFO - Created Permission View: can read on DAG Run:dataset_consumes_1_and_2
[2024-10-10T21:16:08.857-0300] {logging_mixin.py:190} INFO - [2024-10-10T21:16:08.857-0300] {override.py:1901} INFO - Created Permission View: can create on DAG Run:dataset_consumes_1_and_2
[2024-10-10T21:16:08.867-0300] {logging_mixin.py:190} INFO - [2024-10-10T21:16:08.867-0300] {override.py:1901} INFO - Created Permission View: can delete on DAG Run:dataset_consumes_1_and_2
[2024-10-10T21:16:08.877-0300] {logging_mixin.py:190} INFO - [2024-10-10T21:16:08.877-0300] {override.py:1901} INFO - Created Permission View: menu access on DAG Run:dataset_consumes_1_and_2
[2024-10-10T21:16:08.878-0300] {logging_mixin.py:190} INFO - [2024-10-10T21:16:08.878-0300] {dag.py:3239} INFO - Sync 10 DAGs
[2024-10-10T21:16:08.890-0300] {logging_mixin.py:190} INFO - [2024-10-10T21:16:08.890-0300] {dag.py:3262} INFO - Creating ORM DAG for dataset_consumes_1_and_2
[2024-10-10T21:16:08.891-0300] {logging_mixin.py:190} INFO - [2024-10-10T21:16:08.890-0300] {dag.py:3262} INFO - Creating ORM DAG for consume_1_or_2_with_dataset_expressions
[2024-10-10T21:16:08.891-0300] {logging_mixin.py:190} INFO - [2024-10-10T21:16:08.891-0300] {dag.py:3262} INFO - Creating ORM DAG for consume_1_or_both_2_and_3_with_dataset_expressions
[2024-10-10T21:16:08.891-0300] {logging_mixin.py:190} INFO - [2024-10-10T21:16:08.891-0300] {dag.py:3262} INFO - Creating ORM DAG for dataset_consumes_unknown_never_scheduled
[2024-10-10T21:16:08.892-0300] {logging_mixin.py:190} INFO - [2024-10-10T21:16:08.892-0300] {dag.py:3262} INFO - Creating ORM DAG for consume_1_and_2_with_dataset_expressions
[2024-10-10T21:16:08.892-0300] {logging_mixin.py:190} INFO - [2024-10-10T21:16:08.892-0300] {dag.py:3262} INFO - Creating ORM DAG for dataset_produces_1
[2024-10-10T21:16:08.893-0300] {logging_mixin.py:190} INFO - [2024-10-10T21:16:08.893-0300] {dag.py:3262} INFO - Creating ORM DAG for dataset_produces_2
[2024-10-10T21:16:08.893-0300] {logging_mixin.py:190} INFO - [2024-10-10T21:16:08.893-0300] {dag.py:3262} INFO - Creating ORM DAG for dataset_consumes_1_never_scheduled
[2024-10-10T21:16:08.893-0300] {logging_mixin.py:190} INFO - [2024-10-10T21:16:08.893-0300] {dag.py:3262} INFO - Creating ORM DAG for conditional_dataset_and_time_based_timetable
[2024-10-10T21:16:08.894-0300] {logging_mixin.py:190} INFO - [2024-10-10T21:16:08.894-0300] {dag.py:3262} INFO - Creating ORM DAG for dataset_consumes_1
[2024-10-10T21:16:08.906-0300] {logging_mixin.py:190} INFO - [2024-10-10T21:16:08.905-0300] {dag.py:4180} INFO - Setting next_dagrun for conditional_dataset_and_time_based_timetable to 2024-10-09 01:00:00+00:00, run_after=2024-10-09 01:00:00+00:00
[2024-10-10T21:16:08.906-0300] {logging_mixin.py:190} INFO - [2024-10-10T21:16:08.906-0300] {dag.py:4180} INFO - Setting next_dagrun for consume_1_and_2_with_dataset_expressions to None, run_after=None
[2024-10-10T21:16:08.907-0300] {logging_mixin.py:190} INFO - [2024-10-10T21:16:08.907-0300] {dag.py:4180} INFO - Setting next_dagrun for consume_1_or_2_with_dataset_expressions to None, run_after=None
[2024-10-10T21:16:08.907-0300] {logging_mixin.py:190} INFO - [2024-10-10T21:16:08.907-0300] {dag.py:4180} INFO - Setting next_dagrun for consume_1_or_both_2_and_3_with_dataset_expressions to None, run_after=None
[2024-10-10T21:16:08.907-0300] {logging_mixin.py:190} INFO - [2024-10-10T21:16:08.907-0300] {dag.py:4180} INFO - Setting next_dagrun for dataset_consumes_1 to None, run_after=None
[2024-10-10T21:16:08.908-0300] {logging_mixin.py:190} INFO - [2024-10-10T21:16:08.907-0300] {dag.py:4180} INFO - Setting next_dagrun for dataset_consumes_1_and_2 to None, run_after=None
[2024-10-10T21:16:08.908-0300] {logging_mixin.py:190} INFO - [2024-10-10T21:16:08.908-0300] {dag.py:4180} INFO - Setting next_dagrun for dataset_consumes_1_never_scheduled to None, run_after=None
[2024-10-10T21:16:08.908-0300] {logging_mixin.py:190} INFO - [2024-10-10T21:16:08.908-0300] {dag.py:4180} INFO - Setting next_dagrun for dataset_consumes_unknown_never_scheduled to None, run_after=None
[2024-10-10T21:16:08.910-0300] {logging_mixin.py:190} INFO - [2024-10-10T21:16:08.910-0300] {dag.py:4180} INFO - Setting next_dagrun for dataset_produces_1 to 2024-10-10 00:00:00+00:00, run_after=2024-10-11 00:00:00+00:00
[2024-10-10T21:16:08.910-0300] {logging_mixin.py:190} INFO - [2024-10-10T21:16:08.910-0300] {dag.py:4180} INFO - Setting next_dagrun for dataset_produces_2 to None, run_after=None
[2024-10-10T21:16:08.949-0300] {processor.py:208} INFO - Processing /home/kaueoliveira/desafiolh/airflow_tooltorial/venv/lib/python3.12/site-packages/airflow/example_dags/example_datasets.py took 1.137 seconds
[2024-10-10T21:17:18.445-0300] {processor.py:186} INFO - Started process (PID=18237) to work on /home/kaueoliveira/desafiolh/airflow_tooltorial/venv/lib/python3.12/site-packages/airflow/example_dags/example_datasets.py
[2024-10-10T21:17:18.448-0300] {processor.py:914} INFO - Processing file /home/kaueoliveira/desafiolh/airflow_tooltorial/venv/lib/python3.12/site-packages/airflow/example_dags/example_datasets.py for tasks to queue
[2024-10-10T21:17:18.451-0300] {logging_mixin.py:190} INFO - [2024-10-10T21:17:18.450-0300] {dagbag.py:588} INFO - Filling up the DagBag from /home/kaueoliveira/desafiolh/airflow_tooltorial/venv/lib/python3.12/site-packages/airflow/example_dags/example_datasets.py
[2024-10-10T21:17:18.469-0300] {processor.py:925} INFO - DAG(s) 'dataset_consumes_1_never_scheduled', 'dataset_consumes_1_and_2', 'consume_1_or_2_with_dataset_expressions', 'consume_1_and_2_with_dataset_expressions', 'consume_1_or_both_2_and_3_with_dataset_expressions', 'dataset_consumes_unknown_never_scheduled', 'conditional_dataset_and_time_based_timetable', 'dataset_produces_2', 'dataset_produces_1', 'dataset_consumes_1' retrieved from /home/kaueoliveira/desafiolh/airflow_tooltorial/venv/lib/python3.12/site-packages/airflow/example_dags/example_datasets.py
[2024-10-10T21:17:18.520-0300] {logging_mixin.py:190} INFO - [2024-10-10T21:17:18.520-0300] {dag.py:3239} INFO - Sync 10 DAGs
[2024-10-10T21:17:18.552-0300] {logging_mixin.py:190} INFO - [2024-10-10T21:17:18.551-0300] {dag.py:4180} INFO - Setting next_dagrun for conditional_dataset_and_time_based_timetable to 2024-10-09 01:00:00+00:00, run_after=2024-10-09 01:00:00+00:00
[2024-10-10T21:17:18.555-0300] {logging_mixin.py:190} INFO - [2024-10-10T21:17:18.555-0300] {dag.py:4180} INFO - Setting next_dagrun for consume_1_and_2_with_dataset_expressions to None, run_after=None
[2024-10-10T21:17:18.557-0300] {logging_mixin.py:190} INFO - [2024-10-10T21:17:18.556-0300] {dag.py:4180} INFO - Setting next_dagrun for consume_1_or_2_with_dataset_expressions to None, run_after=None
[2024-10-10T21:17:18.558-0300] {logging_mixin.py:190} INFO - [2024-10-10T21:17:18.557-0300] {dag.py:4180} INFO - Setting next_dagrun for consume_1_or_both_2_and_3_with_dataset_expressions to None, run_after=None
[2024-10-10T21:17:18.559-0300] {logging_mixin.py:190} INFO - [2024-10-10T21:17:18.558-0300] {dag.py:4180} INFO - Setting next_dagrun for dataset_consumes_1 to None, run_after=None
[2024-10-10T21:17:18.560-0300] {logging_mixin.py:190} INFO - [2024-10-10T21:17:18.560-0300] {dag.py:4180} INFO - Setting next_dagrun for dataset_consumes_1_and_2 to None, run_after=None
[2024-10-10T21:17:18.561-0300] {logging_mixin.py:190} INFO - [2024-10-10T21:17:18.561-0300] {dag.py:4180} INFO - Setting next_dagrun for dataset_consumes_1_never_scheduled to None, run_after=None
[2024-10-10T21:17:18.562-0300] {logging_mixin.py:190} INFO - [2024-10-10T21:17:18.562-0300] {dag.py:4180} INFO - Setting next_dagrun for dataset_consumes_unknown_never_scheduled to None, run_after=None
[2024-10-10T21:17:18.564-0300] {logging_mixin.py:190} INFO - [2024-10-10T21:17:18.564-0300] {dag.py:4180} INFO - Setting next_dagrun for dataset_produces_1 to 2024-10-10 00:00:00+00:00, run_after=2024-10-11 00:00:00+00:00
[2024-10-10T21:17:18.565-0300] {logging_mixin.py:190} INFO - [2024-10-10T21:17:18.565-0300] {dag.py:4180} INFO - Setting next_dagrun for dataset_produces_2 to None, run_after=None
[2024-10-10T21:17:18.598-0300] {processor.py:208} INFO - Processing /home/kaueoliveira/desafiolh/airflow_tooltorial/venv/lib/python3.12/site-packages/airflow/example_dags/example_datasets.py took 0.162 seconds
[2024-10-10T21:18:15.757-0300] {processor.py:186} INFO - Started process (PID=18585) to work on /home/kaueoliveira/desafiolh/airflow_tooltorial/venv/lib/python3.12/site-packages/airflow/example_dags/example_datasets.py
[2024-10-10T21:18:15.758-0300] {processor.py:914} INFO - Processing file /home/kaueoliveira/desafiolh/airflow_tooltorial/venv/lib/python3.12/site-packages/airflow/example_dags/example_datasets.py for tasks to queue
[2024-10-10T21:18:15.760-0300] {logging_mixin.py:190} INFO - [2024-10-10T21:18:15.760-0300] {dagbag.py:588} INFO - Filling up the DagBag from /home/kaueoliveira/desafiolh/airflow_tooltorial/venv/lib/python3.12/site-packages/airflow/example_dags/example_datasets.py
[2024-10-10T21:18:15.775-0300] {processor.py:925} INFO - DAG(s) 'dataset_consumes_1', 'conditional_dataset_and_time_based_timetable', 'dataset_consumes_1_never_scheduled', 'dataset_produces_1', 'dataset_consumes_1_and_2', 'consume_1_or_2_with_dataset_expressions', 'dataset_consumes_unknown_never_scheduled', 'dataset_produces_2', 'consume_1_or_both_2_and_3_with_dataset_expressions', 'consume_1_and_2_with_dataset_expressions' retrieved from /home/kaueoliveira/desafiolh/airflow_tooltorial/venv/lib/python3.12/site-packages/airflow/example_dags/example_datasets.py
[2024-10-10T21:18:15.814-0300] {logging_mixin.py:190} INFO - [2024-10-10T21:18:15.813-0300] {dag.py:3239} INFO - Sync 10 DAGs
[2024-10-10T21:18:15.837-0300] {logging_mixin.py:190} INFO - [2024-10-10T21:18:15.837-0300] {dag.py:4180} INFO - Setting next_dagrun for conditional_dataset_and_time_based_timetable to 2024-10-09 01:00:00+00:00, run_after=2024-10-09 01:00:00+00:00
[2024-10-10T21:18:15.841-0300] {logging_mixin.py:190} INFO - [2024-10-10T21:18:15.841-0300] {dag.py:4180} INFO - Setting next_dagrun for consume_1_and_2_with_dataset_expressions to None, run_after=None
[2024-10-10T21:18:15.842-0300] {logging_mixin.py:190} INFO - [2024-10-10T21:18:15.842-0300] {dag.py:4180} INFO - Setting next_dagrun for consume_1_or_2_with_dataset_expressions to None, run_after=None
[2024-10-10T21:18:15.843-0300] {logging_mixin.py:190} INFO - [2024-10-10T21:18:15.843-0300] {dag.py:4180} INFO - Setting next_dagrun for consume_1_or_both_2_and_3_with_dataset_expressions to None, run_after=None
[2024-10-10T21:18:15.844-0300] {logging_mixin.py:190} INFO - [2024-10-10T21:18:15.844-0300] {dag.py:4180} INFO - Setting next_dagrun for dataset_consumes_1 to None, run_after=None
[2024-10-10T21:18:15.846-0300] {logging_mixin.py:190} INFO - [2024-10-10T21:18:15.845-0300] {dag.py:4180} INFO - Setting next_dagrun for dataset_consumes_1_and_2 to None, run_after=None
[2024-10-10T21:18:15.847-0300] {logging_mixin.py:190} INFO - [2024-10-10T21:18:15.846-0300] {dag.py:4180} INFO - Setting next_dagrun for dataset_consumes_1_never_scheduled to None, run_after=None
[2024-10-10T21:18:15.848-0300] {logging_mixin.py:190} INFO - [2024-10-10T21:18:15.847-0300] {dag.py:4180} INFO - Setting next_dagrun for dataset_consumes_unknown_never_scheduled to None, run_after=None
[2024-10-10T21:18:15.850-0300] {logging_mixin.py:190} INFO - [2024-10-10T21:18:15.850-0300] {dag.py:4180} INFO - Setting next_dagrun for dataset_produces_1 to 2024-10-10 00:00:00+00:00, run_after=2024-10-11 00:00:00+00:00
[2024-10-10T21:18:15.851-0300] {logging_mixin.py:190} INFO - [2024-10-10T21:18:15.851-0300] {dag.py:4180} INFO - Setting next_dagrun for dataset_produces_2 to None, run_after=None
[2024-10-10T21:18:15.886-0300] {processor.py:208} INFO - Processing /home/kaueoliveira/desafiolh/airflow_tooltorial/venv/lib/python3.12/site-packages/airflow/example_dags/example_datasets.py took 0.135 seconds
