[2024-10-10T21:16:28.034-0300] {processor.py:186} INFO - Started process (PID=17880) to work on /home/kaueoliveira/desafiolh/airflow_tooltorial/venv/lib/python3.12/site-packages/airflow/example_dags/example_bash_decorator.py
[2024-10-10T21:16:28.035-0300] {processor.py:914} INFO - Processing file /home/kaueoliveira/desafiolh/airflow_tooltorial/venv/lib/python3.12/site-packages/airflow/example_dags/example_bash_decorator.py for tasks to queue
[2024-10-10T21:16:28.037-0300] {logging_mixin.py:190} INFO - [2024-10-10T21:16:28.037-0300] {dagbag.py:588} INFO - Filling up the DagBag from /home/kaueoliveira/desafiolh/airflow_tooltorial/venv/lib/python3.12/site-packages/airflow/example_dags/example_bash_decorator.py
[2024-10-10T21:16:28.052-0300] {processor.py:925} INFO - DAG(s) 'example_bash_decorator' retrieved from /home/kaueoliveira/desafiolh/airflow_tooltorial/venv/lib/python3.12/site-packages/airflow/example_dags/example_bash_decorator.py
[2024-10-10T21:16:28.161-0300] {logging_mixin.py:190} INFO - [2024-10-10T21:16:28.160-0300] {override.py:1901} INFO - Created Permission View: can read on DAG:example_bash_decorator
[2024-10-10T21:16:28.175-0300] {logging_mixin.py:190} INFO - [2024-10-10T21:16:28.175-0300] {override.py:1901} INFO - Created Permission View: can edit on DAG:example_bash_decorator
[2024-10-10T21:16:28.188-0300] {logging_mixin.py:190} INFO - [2024-10-10T21:16:28.187-0300] {override.py:1901} INFO - Created Permission View: can delete on DAG:example_bash_decorator
[2024-10-10T21:16:28.207-0300] {logging_mixin.py:190} INFO - [2024-10-10T21:16:28.206-0300] {override.py:1901} INFO - Created Permission View: can read on DAG Run:example_bash_decorator
[2024-10-10T21:16:28.219-0300] {logging_mixin.py:190} INFO - [2024-10-10T21:16:28.218-0300] {override.py:1901} INFO - Created Permission View: can create on DAG Run:example_bash_decorator
[2024-10-10T21:16:28.231-0300] {logging_mixin.py:190} INFO - [2024-10-10T21:16:28.231-0300] {override.py:1901} INFO - Created Permission View: can delete on DAG Run:example_bash_decorator
[2024-10-10T21:16:28.243-0300] {logging_mixin.py:190} INFO - [2024-10-10T21:16:28.242-0300] {override.py:1901} INFO - Created Permission View: menu access on DAG Run:example_bash_decorator
[2024-10-10T21:16:28.243-0300] {logging_mixin.py:190} INFO - [2024-10-10T21:16:28.243-0300] {dag.py:3239} INFO - Sync 1 DAGs
[2024-10-10T21:16:28.257-0300] {logging_mixin.py:190} INFO - [2024-10-10T21:16:28.257-0300] {dag.py:3262} INFO - Creating ORM DAG for example_bash_decorator
[2024-10-10T21:16:28.258-0300] {logging_mixin.py:190} INFO - [2024-10-10T21:16:28.258-0300] {dag.py:4180} INFO - Setting next_dagrun for example_bash_decorator to None, run_after=None
[2024-10-10T21:16:28.282-0300] {processor.py:208} INFO - Processing /home/kaueoliveira/desafiolh/airflow_tooltorial/venv/lib/python3.12/site-packages/airflow/example_dags/example_bash_decorator.py took 0.254 seconds
[2024-10-10T21:17:34.752-0300] {processor.py:186} INFO - Started process (PID=18361) to work on /home/kaueoliveira/desafiolh/airflow_tooltorial/venv/lib/python3.12/site-packages/airflow/example_dags/example_bash_decorator.py
[2024-10-10T21:17:34.753-0300] {processor.py:914} INFO - Processing file /home/kaueoliveira/desafiolh/airflow_tooltorial/venv/lib/python3.12/site-packages/airflow/example_dags/example_bash_decorator.py for tasks to queue
[2024-10-10T21:17:34.755-0300] {logging_mixin.py:190} INFO - [2024-10-10T21:17:34.755-0300] {dagbag.py:588} INFO - Filling up the DagBag from /home/kaueoliveira/desafiolh/airflow_tooltorial/venv/lib/python3.12/site-packages/airflow/example_dags/example_bash_decorator.py
[2024-10-10T21:17:34.771-0300] {processor.py:925} INFO - DAG(s) 'example_bash_decorator' retrieved from /home/kaueoliveira/desafiolh/airflow_tooltorial/venv/lib/python3.12/site-packages/airflow/example_dags/example_bash_decorator.py
[2024-10-10T21:17:34.793-0300] {logging_mixin.py:190} INFO - [2024-10-10T21:17:34.793-0300] {dag.py:3239} INFO - Sync 1 DAGs
[2024-10-10T21:17:34.809-0300] {logging_mixin.py:190} INFO - [2024-10-10T21:17:34.809-0300] {dag.py:4180} INFO - Setting next_dagrun for example_bash_decorator to None, run_after=None
[2024-10-10T21:17:34.839-0300] {processor.py:208} INFO - Processing /home/kaueoliveira/desafiolh/airflow_tooltorial/venv/lib/python3.12/site-packages/airflow/example_dags/example_bash_decorator.py took 0.093 seconds
[2024-10-10T21:18:33.636-0300] {processor.py:186} INFO - Started process (PID=18781) to work on /home/kaueoliveira/desafiolh/airflow_tooltorial/venv/lib/python3.12/site-packages/airflow/example_dags/example_bash_decorator.py
[2024-10-10T21:18:33.641-0300] {processor.py:914} INFO - Processing file /home/kaueoliveira/desafiolh/airflow_tooltorial/venv/lib/python3.12/site-packages/airflow/example_dags/example_bash_decorator.py for tasks to queue
[2024-10-10T21:18:33.643-0300] {logging_mixin.py:190} INFO - [2024-10-10T21:18:33.643-0300] {dagbag.py:588} INFO - Filling up the DagBag from /home/kaueoliveira/desafiolh/airflow_tooltorial/venv/lib/python3.12/site-packages/airflow/example_dags/example_bash_decorator.py
[2024-10-10T21:18:33.658-0300] {processor.py:925} INFO - DAG(s) 'example_bash_decorator' retrieved from /home/kaueoliveira/desafiolh/airflow_tooltorial/venv/lib/python3.12/site-packages/airflow/example_dags/example_bash_decorator.py
[2024-10-10T21:18:33.677-0300] {logging_mixin.py:190} INFO - [2024-10-10T21:18:33.676-0300] {dag.py:3239} INFO - Sync 1 DAGs
[2024-10-10T21:18:33.689-0300] {logging_mixin.py:190} INFO - [2024-10-10T21:18:33.689-0300] {dag.py:4180} INFO - Setting next_dagrun for example_bash_decorator to None, run_after=None
[2024-10-10T21:18:33.714-0300] {processor.py:208} INFO - Processing /home/kaueoliveira/desafiolh/airflow_tooltorial/venv/lib/python3.12/site-packages/airflow/example_dags/example_bash_decorator.py took 0.085 seconds
