[2024-10-10T21:15:41.138-0300] {processor.py:186} INFO - Started process (PID=17529) to work on /home/kaueoliveira/desafiolh/airflow_tooltorial/venv/lib/python3.12/site-packages/airflow/example_dags/example_xcomargs.py
[2024-10-10T21:15:41.141-0300] {processor.py:914} INFO - Processing file /home/kaueoliveira/desafiolh/airflow_tooltorial/venv/lib/python3.12/site-packages/airflow/example_dags/example_xcomargs.py for tasks to queue
[2024-10-10T21:15:41.149-0300] {logging_mixin.py:190} INFO - [2024-10-10T21:15:41.148-0300] {dagbag.py:588} INFO - Filling up the DagBag from /home/kaueoliveira/desafiolh/airflow_tooltorial/venv/lib/python3.12/site-packages/airflow/example_dags/example_xcomargs.py
[2024-10-10T21:15:41.165-0300] {processor.py:925} INFO - DAG(s) 'example_xcom_args', 'example_xcom_args_with_operators' retrieved from /home/kaueoliveira/desafiolh/airflow_tooltorial/venv/lib/python3.12/site-packages/airflow/example_dags/example_xcomargs.py
[2024-10-10T21:15:41.310-0300] {logging_mixin.py:190} INFO - [2024-10-10T21:15:41.309-0300] {override.py:1901} INFO - Created Permission View: can read on DAG:example_xcom_args
[2024-10-10T21:15:41.327-0300] {logging_mixin.py:190} INFO - [2024-10-10T21:15:41.326-0300] {override.py:1901} INFO - Created Permission View: can edit on DAG:example_xcom_args
[2024-10-10T21:15:41.338-0300] {logging_mixin.py:190} INFO - [2024-10-10T21:15:41.338-0300] {override.py:1901} INFO - Created Permission View: can delete on DAG:example_xcom_args
[2024-10-10T21:15:41.359-0300] {logging_mixin.py:190} INFO - [2024-10-10T21:15:41.359-0300] {override.py:1901} INFO - Created Permission View: can read on DAG Run:example_xcom_args
[2024-10-10T21:15:41.371-0300] {logging_mixin.py:190} INFO - [2024-10-10T21:15:41.371-0300] {override.py:1901} INFO - Created Permission View: can create on DAG Run:example_xcom_args
[2024-10-10T21:15:41.383-0300] {logging_mixin.py:190} INFO - [2024-10-10T21:15:41.383-0300] {override.py:1901} INFO - Created Permission View: can delete on DAG Run:example_xcom_args
[2024-10-10T21:15:41.396-0300] {logging_mixin.py:190} INFO - [2024-10-10T21:15:41.395-0300] {override.py:1901} INFO - Created Permission View: menu access on DAG Run:example_xcom_args
[2024-10-10T21:15:41.426-0300] {logging_mixin.py:190} INFO - [2024-10-10T21:15:41.426-0300] {override.py:1901} INFO - Created Permission View: can read on DAG:example_xcom_args_with_operators
[2024-10-10T21:15:41.439-0300] {logging_mixin.py:190} INFO - [2024-10-10T21:15:41.438-0300] {override.py:1901} INFO - Created Permission View: can edit on DAG:example_xcom_args_with_operators
[2024-10-10T21:15:41.451-0300] {logging_mixin.py:190} INFO - [2024-10-10T21:15:41.451-0300] {override.py:1901} INFO - Created Permission View: can delete on DAG:example_xcom_args_with_operators
[2024-10-10T21:15:41.473-0300] {logging_mixin.py:190} INFO - [2024-10-10T21:15:41.473-0300] {override.py:1901} INFO - Created Permission View: can read on DAG Run:example_xcom_args_with_operators
[2024-10-10T21:15:41.492-0300] {logging_mixin.py:190} INFO - [2024-10-10T21:15:41.492-0300] {override.py:1901} INFO - Created Permission View: can create on DAG Run:example_xcom_args_with_operators
[2024-10-10T21:15:41.506-0300] {logging_mixin.py:190} INFO - [2024-10-10T21:15:41.506-0300] {override.py:1901} INFO - Created Permission View: can delete on DAG Run:example_xcom_args_with_operators
[2024-10-10T21:15:41.520-0300] {logging_mixin.py:190} INFO - [2024-10-10T21:15:41.520-0300] {override.py:1901} INFO - Created Permission View: menu access on DAG Run:example_xcom_args_with_operators
[2024-10-10T21:15:41.521-0300] {logging_mixin.py:190} INFO - [2024-10-10T21:15:41.520-0300] {dag.py:3239} INFO - Sync 2 DAGs
[2024-10-10T21:15:41.536-0300] {logging_mixin.py:190} INFO - [2024-10-10T21:15:41.535-0300] {dag.py:3262} INFO - Creating ORM DAG for example_xcom_args
[2024-10-10T21:15:41.537-0300] {logging_mixin.py:190} INFO - [2024-10-10T21:15:41.536-0300] {dag.py:3262} INFO - Creating ORM DAG for example_xcom_args_with_operators
[2024-10-10T21:15:41.537-0300] {logging_mixin.py:190} INFO - [2024-10-10T21:15:41.537-0300] {dag.py:4180} INFO - Setting next_dagrun for example_xcom_args to None, run_after=None
[2024-10-10T21:15:41.538-0300] {logging_mixin.py:190} INFO - [2024-10-10T21:15:41.538-0300] {dag.py:4180} INFO - Setting next_dagrun for example_xcom_args_with_operators to None, run_after=None
[2024-10-10T21:15:41.579-0300] {processor.py:208} INFO - Processing /home/kaueoliveira/desafiolh/airflow_tooltorial/venv/lib/python3.12/site-packages/airflow/example_dags/example_xcomargs.py took 0.447 seconds
[2024-10-10T21:16:50.742-0300] {processor.py:186} INFO - Started process (PID=18123) to work on /home/kaueoliveira/desafiolh/airflow_tooltorial/venv/lib/python3.12/site-packages/airflow/example_dags/example_xcomargs.py
[2024-10-10T21:16:50.744-0300] {processor.py:914} INFO - Processing file /home/kaueoliveira/desafiolh/airflow_tooltorial/venv/lib/python3.12/site-packages/airflow/example_dags/example_xcomargs.py for tasks to queue
[2024-10-10T21:16:50.747-0300] {logging_mixin.py:190} INFO - [2024-10-10T21:16:50.746-0300] {dagbag.py:588} INFO - Filling up the DagBag from /home/kaueoliveira/desafiolh/airflow_tooltorial/venv/lib/python3.12/site-packages/airflow/example_dags/example_xcomargs.py
[2024-10-10T21:16:50.759-0300] {processor.py:925} INFO - DAG(s) 'example_xcom_args_with_operators', 'example_xcom_args' retrieved from /home/kaueoliveira/desafiolh/airflow_tooltorial/venv/lib/python3.12/site-packages/airflow/example_dags/example_xcomargs.py
[2024-10-10T21:16:50.785-0300] {logging_mixin.py:190} INFO - [2024-10-10T21:16:50.784-0300] {dag.py:3239} INFO - Sync 2 DAGs
[2024-10-10T21:16:50.802-0300] {logging_mixin.py:190} INFO - [2024-10-10T21:16:50.802-0300] {dag.py:4180} INFO - Setting next_dagrun for example_xcom_args to None, run_after=None
[2024-10-10T21:16:50.807-0300] {logging_mixin.py:190} INFO - [2024-10-10T21:16:50.807-0300] {dag.py:4180} INFO - Setting next_dagrun for example_xcom_args_with_operators to None, run_after=None
[2024-10-10T21:16:50.838-0300] {processor.py:208} INFO - Processing /home/kaueoliveira/desafiolh/airflow_tooltorial/venv/lib/python3.12/site-packages/airflow/example_dags/example_xcomargs.py took 0.103 seconds
[2024-10-10T21:17:48.381-0300] {processor.py:186} INFO - Started process (PID=18410) to work on /home/kaueoliveira/desafiolh/airflow_tooltorial/venv/lib/python3.12/site-packages/airflow/example_dags/example_xcomargs.py
[2024-10-10T21:17:48.383-0300] {processor.py:914} INFO - Processing file /home/kaueoliveira/desafiolh/airflow_tooltorial/venv/lib/python3.12/site-packages/airflow/example_dags/example_xcomargs.py for tasks to queue
[2024-10-10T21:17:48.386-0300] {logging_mixin.py:190} INFO - [2024-10-10T21:17:48.385-0300] {dagbag.py:588} INFO - Filling up the DagBag from /home/kaueoliveira/desafiolh/airflow_tooltorial/venv/lib/python3.12/site-packages/airflow/example_dags/example_xcomargs.py
[2024-10-10T21:17:48.400-0300] {processor.py:925} INFO - DAG(s) 'example_xcom_args', 'example_xcom_args_with_operators' retrieved from /home/kaueoliveira/desafiolh/airflow_tooltorial/venv/lib/python3.12/site-packages/airflow/example_dags/example_xcomargs.py
[2024-10-10T21:17:48.421-0300] {logging_mixin.py:190} INFO - [2024-10-10T21:17:48.421-0300] {dag.py:3239} INFO - Sync 2 DAGs
[2024-10-10T21:17:48.435-0300] {logging_mixin.py:190} INFO - [2024-10-10T21:17:48.435-0300] {dag.py:4180} INFO - Setting next_dagrun for example_xcom_args to None, run_after=None
[2024-10-10T21:17:48.439-0300] {logging_mixin.py:190} INFO - [2024-10-10T21:17:48.439-0300] {dag.py:4180} INFO - Setting next_dagrun for example_xcom_args_with_operators to None, run_after=None
[2024-10-10T21:17:48.474-0300] {processor.py:208} INFO - Processing /home/kaueoliveira/desafiolh/airflow_tooltorial/venv/lib/python3.12/site-packages/airflow/example_dags/example_xcomargs.py took 0.101 seconds
[2024-10-10T21:18:43.948-0300] {processor.py:186} INFO - Started process (PID=18893) to work on /home/kaueoliveira/desafiolh/airflow_tooltorial/venv/lib/python3.12/site-packages/airflow/example_dags/example_xcomargs.py
[2024-10-10T21:18:43.952-0300] {processor.py:914} INFO - Processing file /home/kaueoliveira/desafiolh/airflow_tooltorial/venv/lib/python3.12/site-packages/airflow/example_dags/example_xcomargs.py for tasks to queue
[2024-10-10T21:18:43.953-0300] {logging_mixin.py:190} INFO - [2024-10-10T21:18:43.953-0300] {dagbag.py:588} INFO - Filling up the DagBag from /home/kaueoliveira/desafiolh/airflow_tooltorial/venv/lib/python3.12/site-packages/airflow/example_dags/example_xcomargs.py
[2024-10-10T21:18:43.963-0300] {processor.py:925} INFO - DAG(s) 'example_xcom_args_with_operators', 'example_xcom_args' retrieved from /home/kaueoliveira/desafiolh/airflow_tooltorial/venv/lib/python3.12/site-packages/airflow/example_dags/example_xcomargs.py
[2024-10-10T21:18:43.979-0300] {logging_mixin.py:190} INFO - [2024-10-10T21:18:43.979-0300] {dag.py:3239} INFO - Sync 2 DAGs
[2024-10-10T21:18:43.991-0300] {logging_mixin.py:190} INFO - [2024-10-10T21:18:43.991-0300] {dag.py:4180} INFO - Setting next_dagrun for example_xcom_args to None, run_after=None
[2024-10-10T21:18:43.994-0300] {logging_mixin.py:190} INFO - [2024-10-10T21:18:43.994-0300] {dag.py:4180} INFO - Setting next_dagrun for example_xcom_args_with_operators to None, run_after=None
[2024-10-10T21:18:44.015-0300] {processor.py:208} INFO - Processing /home/kaueoliveira/desafiolh/airflow_tooltorial/venv/lib/python3.12/site-packages/airflow/example_dags/example_xcomargs.py took 0.073 seconds
