[2024-10-10T21:15:24.249-0300] {processor.py:186} INFO - Started process (PID=17313) to work on /home/kaueoliveira/desafiolh/airflow_tooltorial/venv/lib/python3.12/site-packages/airflow/example_dags/example_sensors.py
[2024-10-10T21:15:24.250-0300] {processor.py:914} INFO - Processing file /home/kaueoliveira/desafiolh/airflow_tooltorial/venv/lib/python3.12/site-packages/airflow/example_dags/example_sensors.py for tasks to queue
[2024-10-10T21:15:24.252-0300] {logging_mixin.py:190} INFO - [2024-10-10T21:15:24.252-0300] {dagbag.py:588} INFO - Filling up the DagBag from /home/kaueoliveira/desafiolh/airflow_tooltorial/venv/lib/python3.12/site-packages/airflow/example_dags/example_sensors.py
[2024-10-10T21:15:24.274-0300] {processor.py:925} INFO - DAG(s) 'example_sensors' retrieved from /home/kaueoliveira/desafiolh/airflow_tooltorial/venv/lib/python3.12/site-packages/airflow/example_dags/example_sensors.py
[2024-10-10T21:15:24.497-0300] {logging_mixin.py:190} INFO - [2024-10-10T21:15:24.496-0300] {override.py:1901} INFO - Created Permission View: can read on DAG:example_sensors
[2024-10-10T21:15:24.533-0300] {logging_mixin.py:190} INFO - [2024-10-10T21:15:24.533-0300] {override.py:1901} INFO - Created Permission View: can edit on DAG:example_sensors
[2024-10-10T21:15:24.556-0300] {logging_mixin.py:190} INFO - [2024-10-10T21:15:24.555-0300] {override.py:1901} INFO - Created Permission View: can delete on DAG:example_sensors
[2024-10-10T21:15:24.577-0300] {logging_mixin.py:190} INFO - [2024-10-10T21:15:24.577-0300] {override.py:1901} INFO - Created Permission View: can read on DAG Run:example_sensors
[2024-10-10T21:15:24.606-0300] {logging_mixin.py:190} INFO - [2024-10-10T21:15:24.606-0300] {override.py:1901} INFO - Created Permission View: can create on DAG Run:example_sensors
[2024-10-10T21:15:24.616-0300] {logging_mixin.py:190} INFO - [2024-10-10T21:15:24.616-0300] {override.py:1901} INFO - Created Permission View: can delete on DAG Run:example_sensors
[2024-10-10T21:15:24.628-0300] {logging_mixin.py:190} INFO - [2024-10-10T21:15:24.627-0300] {override.py:1901} INFO - Created Permission View: menu access on DAG Run:example_sensors
[2024-10-10T21:15:24.628-0300] {logging_mixin.py:190} INFO - [2024-10-10T21:15:24.628-0300] {dag.py:3239} INFO - Sync 1 DAGs
[2024-10-10T21:15:24.642-0300] {logging_mixin.py:190} INFO - [2024-10-10T21:15:24.641-0300] {dag.py:3262} INFO - Creating ORM DAG for example_sensors
[2024-10-10T21:15:24.642-0300] {logging_mixin.py:190} INFO - [2024-10-10T21:15:24.642-0300] {dag.py:4180} INFO - Setting next_dagrun for example_sensors to None, run_after=None
[2024-10-10T21:15:24.679-0300] {processor.py:208} INFO - Processing /home/kaueoliveira/desafiolh/airflow_tooltorial/venv/lib/python3.12/site-packages/airflow/example_dags/example_sensors.py took 0.435 seconds
[2024-10-10T21:16:35.623-0300] {processor.py:186} INFO - Started process (PID=17918) to work on /home/kaueoliveira/desafiolh/airflow_tooltorial/venv/lib/python3.12/site-packages/airflow/example_dags/example_sensors.py
[2024-10-10T21:16:35.626-0300] {processor.py:914} INFO - Processing file /home/kaueoliveira/desafiolh/airflow_tooltorial/venv/lib/python3.12/site-packages/airflow/example_dags/example_sensors.py for tasks to queue
[2024-10-10T21:16:35.630-0300] {logging_mixin.py:190} INFO - [2024-10-10T21:16:35.629-0300] {dagbag.py:588} INFO - Filling up the DagBag from /home/kaueoliveira/desafiolh/airflow_tooltorial/venv/lib/python3.12/site-packages/airflow/example_dags/example_sensors.py
[2024-10-10T21:16:35.667-0300] {processor.py:925} INFO - DAG(s) 'example_sensors' retrieved from /home/kaueoliveira/desafiolh/airflow_tooltorial/venv/lib/python3.12/site-packages/airflow/example_dags/example_sensors.py
[2024-10-10T21:16:35.730-0300] {logging_mixin.py:190} INFO - [2024-10-10T21:16:35.729-0300] {dag.py:3239} INFO - Sync 1 DAGs
[2024-10-10T21:16:35.751-0300] {logging_mixin.py:190} INFO - [2024-10-10T21:16:35.751-0300] {dag.py:4180} INFO - Setting next_dagrun for example_sensors to None, run_after=None
[2024-10-10T21:16:35.801-0300] {processor.py:208} INFO - Processing /home/kaueoliveira/desafiolh/airflow_tooltorial/venv/lib/python3.12/site-packages/airflow/example_dags/example_sensors.py took 0.196 seconds
[2024-10-10T21:17:12.123-0300] {processor.py:186} INFO - Started process (PID=18210) to work on /home/kaueoliveira/desafiolh/airflow_tooltorial/venv/lib/python3.12/site-packages/airflow/example_dags/example_sensors.py
[2024-10-10T21:17:12.124-0300] {processor.py:914} INFO - Processing file /home/kaueoliveira/desafiolh/airflow_tooltorial/venv/lib/python3.12/site-packages/airflow/example_dags/example_sensors.py for tasks to queue
[2024-10-10T21:17:12.126-0300] {logging_mixin.py:190} INFO - [2024-10-10T21:17:12.126-0300] {dagbag.py:588} INFO - Filling up the DagBag from /home/kaueoliveira/desafiolh/airflow_tooltorial/venv/lib/python3.12/site-packages/airflow/example_dags/example_sensors.py
[2024-10-10T21:17:12.139-0300] {processor.py:925} INFO - DAG(s) 'example_sensors' retrieved from /home/kaueoliveira/desafiolh/airflow_tooltorial/venv/lib/python3.12/site-packages/airflow/example_dags/example_sensors.py
[2024-10-10T21:17:12.162-0300] {logging_mixin.py:190} INFO - [2024-10-10T21:17:12.162-0300] {dag.py:3239} INFO - Sync 1 DAGs
[2024-10-10T21:17:12.175-0300] {logging_mixin.py:190} INFO - [2024-10-10T21:17:12.175-0300] {dag.py:4180} INFO - Setting next_dagrun for example_sensors to None, run_after=None
[2024-10-10T21:17:12.207-0300] {processor.py:208} INFO - Processing /home/kaueoliveira/desafiolh/airflow_tooltorial/venv/lib/python3.12/site-packages/airflow/example_dags/example_sensors.py took 0.091 seconds
[2024-10-10T21:18:07.990-0300] {processor.py:186} INFO - Started process (PID=18524) to work on /home/kaueoliveira/desafiolh/airflow_tooltorial/venv/lib/python3.12/site-packages/airflow/example_dags/example_sensors.py
[2024-10-10T21:18:07.992-0300] {processor.py:914} INFO - Processing file /home/kaueoliveira/desafiolh/airflow_tooltorial/venv/lib/python3.12/site-packages/airflow/example_dags/example_sensors.py for tasks to queue
[2024-10-10T21:18:07.995-0300] {logging_mixin.py:190} INFO - [2024-10-10T21:18:07.994-0300] {dagbag.py:588} INFO - Filling up the DagBag from /home/kaueoliveira/desafiolh/airflow_tooltorial/venv/lib/python3.12/site-packages/airflow/example_dags/example_sensors.py
[2024-10-10T21:18:08.007-0300] {processor.py:925} INFO - DAG(s) 'example_sensors' retrieved from /home/kaueoliveira/desafiolh/airflow_tooltorial/venv/lib/python3.12/site-packages/airflow/example_dags/example_sensors.py
[2024-10-10T21:18:08.028-0300] {logging_mixin.py:190} INFO - [2024-10-10T21:18:08.028-0300] {dag.py:3239} INFO - Sync 1 DAGs
[2024-10-10T21:18:08.042-0300] {logging_mixin.py:190} INFO - [2024-10-10T21:18:08.041-0300] {dag.py:4180} INFO - Setting next_dagrun for example_sensors to None, run_after=None
[2024-10-10T21:18:08.067-0300] {processor.py:208} INFO - Processing /home/kaueoliveira/desafiolh/airflow_tooltorial/venv/lib/python3.12/site-packages/airflow/example_dags/example_sensors.py took 0.084 seconds
