[2024-10-10T21:15:50.864-0300] {processor.py:186} INFO - Started process (PID=17568) to work on /home/kaueoliveira/desafiolh/airflow_tooltorial/venv/lib/python3.12/site-packages/airflow/example_dags/tutorial_taskflow_api.py
[2024-10-10T21:15:50.865-0300] {processor.py:914} INFO - Processing file /home/kaueoliveira/desafiolh/airflow_tooltorial/venv/lib/python3.12/site-packages/airflow/example_dags/tutorial_taskflow_api.py for tasks to queue
[2024-10-10T21:15:50.867-0300] {logging_mixin.py:190} INFO - [2024-10-10T21:15:50.867-0300] {dagbag.py:588} INFO - Filling up the DagBag from /home/kaueoliveira/desafiolh/airflow_tooltorial/venv/lib/python3.12/site-packages/airflow/example_dags/tutorial_taskflow_api.py
[2024-10-10T21:15:50.880-0300] {processor.py:925} INFO - DAG(s) 'tutorial_taskflow_api' retrieved from /home/kaueoliveira/desafiolh/airflow_tooltorial/venv/lib/python3.12/site-packages/airflow/example_dags/tutorial_taskflow_api.py
[2024-10-10T21:15:51.028-0300] {logging_mixin.py:190} INFO - [2024-10-10T21:15:51.027-0300] {override.py:1901} INFO - Created Permission View: can read on DAG:tutorial_taskflow_api
[2024-10-10T21:15:51.045-0300] {logging_mixin.py:190} INFO - [2024-10-10T21:15:51.045-0300] {override.py:1901} INFO - Created Permission View: can edit on DAG:tutorial_taskflow_api
[2024-10-10T21:15:51.056-0300] {logging_mixin.py:190} INFO - [2024-10-10T21:15:51.056-0300] {override.py:1901} INFO - Created Permission View: can delete on DAG:tutorial_taskflow_api
[2024-10-10T21:15:51.076-0300] {logging_mixin.py:190} INFO - [2024-10-10T21:15:51.075-0300] {override.py:1901} INFO - Created Permission View: can read on DAG Run:tutorial_taskflow_api
[2024-10-10T21:15:51.086-0300] {logging_mixin.py:190} INFO - [2024-10-10T21:15:51.086-0300] {override.py:1901} INFO - Created Permission View: can create on DAG Run:tutorial_taskflow_api
[2024-10-10T21:15:51.097-0300] {logging_mixin.py:190} INFO - [2024-10-10T21:15:51.097-0300] {override.py:1901} INFO - Created Permission View: can delete on DAG Run:tutorial_taskflow_api
[2024-10-10T21:15:51.108-0300] {logging_mixin.py:190} INFO - [2024-10-10T21:15:51.107-0300] {override.py:1901} INFO - Created Permission View: menu access on DAG Run:tutorial_taskflow_api
[2024-10-10T21:15:51.108-0300] {logging_mixin.py:190} INFO - [2024-10-10T21:15:51.108-0300] {dag.py:3239} INFO - Sync 1 DAGs
[2024-10-10T21:15:51.124-0300] {logging_mixin.py:190} INFO - [2024-10-10T21:15:51.124-0300] {dag.py:3262} INFO - Creating ORM DAG for tutorial_taskflow_api
[2024-10-10T21:15:51.124-0300] {logging_mixin.py:190} INFO - [2024-10-10T21:15:51.124-0300] {dag.py:4180} INFO - Setting next_dagrun for tutorial_taskflow_api to None, run_after=None
[2024-10-10T21:15:51.150-0300] {processor.py:208} INFO - Processing /home/kaueoliveira/desafiolh/airflow_tooltorial/venv/lib/python3.12/site-packages/airflow/example_dags/tutorial_taskflow_api.py took 0.291 seconds
[2024-10-10T21:16:58.274-0300] {processor.py:186} INFO - Started process (PID=18155) to work on /home/kaueoliveira/desafiolh/airflow_tooltorial/venv/lib/python3.12/site-packages/airflow/example_dags/tutorial_taskflow_api.py
[2024-10-10T21:16:58.276-0300] {processor.py:914} INFO - Processing file /home/kaueoliveira/desafiolh/airflow_tooltorial/venv/lib/python3.12/site-packages/airflow/example_dags/tutorial_taskflow_api.py for tasks to queue
[2024-10-10T21:16:58.280-0300] {logging_mixin.py:190} INFO - [2024-10-10T21:16:58.279-0300] {dagbag.py:588} INFO - Filling up the DagBag from /home/kaueoliveira/desafiolh/airflow_tooltorial/venv/lib/python3.12/site-packages/airflow/example_dags/tutorial_taskflow_api.py
[2024-10-10T21:16:58.294-0300] {processor.py:925} INFO - DAG(s) 'tutorial_taskflow_api' retrieved from /home/kaueoliveira/desafiolh/airflow_tooltorial/venv/lib/python3.12/site-packages/airflow/example_dags/tutorial_taskflow_api.py
[2024-10-10T21:16:58.317-0300] {logging_mixin.py:190} INFO - [2024-10-10T21:16:58.316-0300] {dag.py:3239} INFO - Sync 1 DAGs
[2024-10-10T21:16:58.339-0300] {logging_mixin.py:190} INFO - [2024-10-10T21:16:58.338-0300] {dag.py:4180} INFO - Setting next_dagrun for tutorial_taskflow_api to None, run_after=None
[2024-10-10T21:16:58.369-0300] {processor.py:208} INFO - Processing /home/kaueoliveira/desafiolh/airflow_tooltorial/venv/lib/python3.12/site-packages/airflow/example_dags/tutorial_taskflow_api.py took 0.101 seconds
[2024-10-10T21:17:55.148-0300] {processor.py:186} INFO - Started process (PID=18435) to work on /home/kaueoliveira/desafiolh/airflow_tooltorial/venv/lib/python3.12/site-packages/airflow/example_dags/tutorial_taskflow_api.py
[2024-10-10T21:17:55.150-0300] {processor.py:914} INFO - Processing file /home/kaueoliveira/desafiolh/airflow_tooltorial/venv/lib/python3.12/site-packages/airflow/example_dags/tutorial_taskflow_api.py for tasks to queue
[2024-10-10T21:17:55.152-0300] {logging_mixin.py:190} INFO - [2024-10-10T21:17:55.152-0300] {dagbag.py:588} INFO - Filling up the DagBag from /home/kaueoliveira/desafiolh/airflow_tooltorial/venv/lib/python3.12/site-packages/airflow/example_dags/tutorial_taskflow_api.py
[2024-10-10T21:17:55.167-0300] {processor.py:925} INFO - DAG(s) 'tutorial_taskflow_api' retrieved from /home/kaueoliveira/desafiolh/airflow_tooltorial/venv/lib/python3.12/site-packages/airflow/example_dags/tutorial_taskflow_api.py
[2024-10-10T21:17:55.189-0300] {logging_mixin.py:190} INFO - [2024-10-10T21:17:55.188-0300] {dag.py:3239} INFO - Sync 1 DAGs
[2024-10-10T21:17:55.208-0300] {logging_mixin.py:190} INFO - [2024-10-10T21:17:55.208-0300] {dag.py:4180} INFO - Setting next_dagrun for tutorial_taskflow_api to None, run_after=None
[2024-10-10T21:17:55.244-0300] {processor.py:208} INFO - Processing /home/kaueoliveira/desafiolh/airflow_tooltorial/venv/lib/python3.12/site-packages/airflow/example_dags/tutorial_taskflow_api.py took 0.101 seconds
