[2024-10-10T21:15:49.305-0300] {processor.py:186} INFO - Started process (PID=17559) to work on /home/kaueoliveira/desafiolh/airflow_tooltorial/venv/lib/python3.12/site-packages/airflow/example_dags/tutorial_dag.py
[2024-10-10T21:15:49.306-0300] {processor.py:914} INFO - Processing file /home/kaueoliveira/desafiolh/airflow_tooltorial/venv/lib/python3.12/site-packages/airflow/example_dags/tutorial_dag.py for tasks to queue
[2024-10-10T21:15:49.309-0300] {logging_mixin.py:190} INFO - [2024-10-10T21:15:49.308-0300] {dagbag.py:588} INFO - Filling up the DagBag from /home/kaueoliveira/desafiolh/airflow_tooltorial/venv/lib/python3.12/site-packages/airflow/example_dags/tutorial_dag.py
[2024-10-10T21:15:49.319-0300] {processor.py:925} INFO - DAG(s) 'tutorial_dag' retrieved from /home/kaueoliveira/desafiolh/airflow_tooltorial/venv/lib/python3.12/site-packages/airflow/example_dags/tutorial_dag.py
[2024-10-10T21:15:49.524-0300] {logging_mixin.py:190} INFO - [2024-10-10T21:15:49.523-0300] {override.py:1901} INFO - Created Permission View: can read on DAG:tutorial_dag
[2024-10-10T21:15:49.545-0300] {logging_mixin.py:190} INFO - [2024-10-10T21:15:49.544-0300] {override.py:1901} INFO - Created Permission View: can edit on DAG:tutorial_dag
[2024-10-10T21:15:49.559-0300] {logging_mixin.py:190} INFO - [2024-10-10T21:15:49.558-0300] {override.py:1901} INFO - Created Permission View: can delete on DAG:tutorial_dag
[2024-10-10T21:15:49.593-0300] {logging_mixin.py:190} INFO - [2024-10-10T21:15:49.593-0300] {override.py:1901} INFO - Created Permission View: can read on DAG Run:tutorial_dag
[2024-10-10T21:15:49.624-0300] {logging_mixin.py:190} INFO - [2024-10-10T21:15:49.624-0300] {override.py:1901} INFO - Created Permission View: can create on DAG Run:tutorial_dag
[2024-10-10T21:15:49.640-0300] {logging_mixin.py:190} INFO - [2024-10-10T21:15:49.640-0300] {override.py:1901} INFO - Created Permission View: can delete on DAG Run:tutorial_dag
[2024-10-10T21:15:49.654-0300] {logging_mixin.py:190} INFO - [2024-10-10T21:15:49.654-0300] {override.py:1901} INFO - Created Permission View: menu access on DAG Run:tutorial_dag
[2024-10-10T21:15:49.655-0300] {logging_mixin.py:190} INFO - [2024-10-10T21:15:49.655-0300] {dag.py:3239} INFO - Sync 1 DAGs
[2024-10-10T21:15:49.685-0300] {logging_mixin.py:190} INFO - [2024-10-10T21:15:49.684-0300] {dag.py:3262} INFO - Creating ORM DAG for tutorial_dag
[2024-10-10T21:15:49.686-0300] {logging_mixin.py:190} INFO - [2024-10-10T21:15:49.686-0300] {dag.py:4180} INFO - Setting next_dagrun for tutorial_dag to None, run_after=None
[2024-10-10T21:15:49.737-0300] {processor.py:208} INFO - Processing /home/kaueoliveira/desafiolh/airflow_tooltorial/venv/lib/python3.12/site-packages/airflow/example_dags/tutorial_dag.py took 0.439 seconds
[2024-10-10T21:16:57.022-0300] {processor.py:186} INFO - Started process (PID=18148) to work on /home/kaueoliveira/desafiolh/airflow_tooltorial/venv/lib/python3.12/site-packages/airflow/example_dags/tutorial_dag.py
[2024-10-10T21:16:57.023-0300] {processor.py:914} INFO - Processing file /home/kaueoliveira/desafiolh/airflow_tooltorial/venv/lib/python3.12/site-packages/airflow/example_dags/tutorial_dag.py for tasks to queue
[2024-10-10T21:16:57.027-0300] {logging_mixin.py:190} INFO - [2024-10-10T21:16:57.026-0300] {dagbag.py:588} INFO - Filling up the DagBag from /home/kaueoliveira/desafiolh/airflow_tooltorial/venv/lib/python3.12/site-packages/airflow/example_dags/tutorial_dag.py
[2024-10-10T21:16:57.040-0300] {processor.py:925} INFO - DAG(s) 'tutorial_dag' retrieved from /home/kaueoliveira/desafiolh/airflow_tooltorial/venv/lib/python3.12/site-packages/airflow/example_dags/tutorial_dag.py
[2024-10-10T21:16:57.063-0300] {logging_mixin.py:190} INFO - [2024-10-10T21:16:57.063-0300] {dag.py:3239} INFO - Sync 1 DAGs
[2024-10-10T21:16:57.085-0300] {logging_mixin.py:190} INFO - [2024-10-10T21:16:57.084-0300] {dag.py:4180} INFO - Setting next_dagrun for tutorial_dag to None, run_after=None
[2024-10-10T21:16:57.128-0300] {processor.py:208} INFO - Processing /home/kaueoliveira/desafiolh/airflow_tooltorial/venv/lib/python3.12/site-packages/airflow/example_dags/tutorial_dag.py took 0.114 seconds
[2024-10-10T21:17:54.000-0300] {processor.py:186} INFO - Started process (PID=18428) to work on /home/kaueoliveira/desafiolh/airflow_tooltorial/venv/lib/python3.12/site-packages/airflow/example_dags/tutorial_dag.py
[2024-10-10T21:17:54.001-0300] {processor.py:914} INFO - Processing file /home/kaueoliveira/desafiolh/airflow_tooltorial/venv/lib/python3.12/site-packages/airflow/example_dags/tutorial_dag.py for tasks to queue
[2024-10-10T21:17:54.003-0300] {logging_mixin.py:190} INFO - [2024-10-10T21:17:54.003-0300] {dagbag.py:588} INFO - Filling up the DagBag from /home/kaueoliveira/desafiolh/airflow_tooltorial/venv/lib/python3.12/site-packages/airflow/example_dags/tutorial_dag.py
[2024-10-10T21:17:54.012-0300] {processor.py:925} INFO - DAG(s) 'tutorial_dag' retrieved from /home/kaueoliveira/desafiolh/airflow_tooltorial/venv/lib/python3.12/site-packages/airflow/example_dags/tutorial_dag.py
[2024-10-10T21:17:54.029-0300] {logging_mixin.py:190} INFO - [2024-10-10T21:17:54.029-0300] {dag.py:3239} INFO - Sync 1 DAGs
[2024-10-10T21:17:54.042-0300] {logging_mixin.py:190} INFO - [2024-10-10T21:17:54.042-0300] {dag.py:4180} INFO - Setting next_dagrun for tutorial_dag to None, run_after=None
[2024-10-10T21:17:54.072-0300] {processor.py:208} INFO - Processing /home/kaueoliveira/desafiolh/airflow_tooltorial/venv/lib/python3.12/site-packages/airflow/example_dags/tutorial_dag.py took 0.078 seconds
