[2024-10-10T21:15:29.472-0300] {processor.py:186} INFO - Started process (PID=17427) to work on /home/kaueoliveira/desafiolh/airflow_tooltorial/venv/lib/python3.12/site-packages/airflow/example_dags/tutorial_taskflow_api_virtualenv.py
[2024-10-10T21:15:29.473-0300] {processor.py:914} INFO - Processing file /home/kaueoliveira/desafiolh/airflow_tooltorial/venv/lib/python3.12/site-packages/airflow/example_dags/tutorial_taskflow_api_virtualenv.py for tasks to queue
[2024-10-10T21:15:29.475-0300] {logging_mixin.py:190} INFO - [2024-10-10T21:15:29.475-0300] {dagbag.py:588} INFO - Filling up the DagBag from /home/kaueoliveira/desafiolh/airflow_tooltorial/venv/lib/python3.12/site-packages/airflow/example_dags/tutorial_taskflow_api_virtualenv.py
[2024-10-10T21:15:29.486-0300] {processor.py:925} INFO - DAG(s) 'tutorial_taskflow_api_virtualenv' retrieved from /home/kaueoliveira/desafiolh/airflow_tooltorial/venv/lib/python3.12/site-packages/airflow/example_dags/tutorial_taskflow_api_virtualenv.py
[2024-10-10T21:15:29.596-0300] {logging_mixin.py:190} INFO - [2024-10-10T21:15:29.595-0300] {override.py:1901} INFO - Created Permission View: can read on DAG:tutorial_taskflow_api_virtualenv
[2024-10-10T21:15:29.611-0300] {logging_mixin.py:190} INFO - [2024-10-10T21:15:29.610-0300] {override.py:1901} INFO - Created Permission View: can edit on DAG:tutorial_taskflow_api_virtualenv
[2024-10-10T21:15:29.622-0300] {logging_mixin.py:190} INFO - [2024-10-10T21:15:29.621-0300] {override.py:1901} INFO - Created Permission View: can delete on DAG:tutorial_taskflow_api_virtualenv
[2024-10-10T21:15:29.640-0300] {logging_mixin.py:190} INFO - [2024-10-10T21:15:29.639-0300] {override.py:1901} INFO - Created Permission View: can read on DAG Run:tutorial_taskflow_api_virtualenv
[2024-10-10T21:15:29.650-0300] {logging_mixin.py:190} INFO - [2024-10-10T21:15:29.650-0300] {override.py:1901} INFO - Created Permission View: can create on DAG Run:tutorial_taskflow_api_virtualenv
[2024-10-10T21:15:30.663-0300] {logging_mixin.py:190} INFO - [2024-10-10T21:15:30.662-0300] {override.py:1901} INFO - Created Permission View: can delete on DAG Run:tutorial_taskflow_api_virtualenv
[2024-10-10T21:15:30.673-0300] {logging_mixin.py:190} INFO - [2024-10-10T21:15:30.673-0300] {override.py:1901} INFO - Created Permission View: menu access on DAG Run:tutorial_taskflow_api_virtualenv
[2024-10-10T21:15:30.674-0300] {logging_mixin.py:190} INFO - [2024-10-10T21:15:30.674-0300] {dag.py:3239} INFO - Sync 1 DAGs
[2024-10-10T21:15:30.686-0300] {logging_mixin.py:190} INFO - [2024-10-10T21:15:30.686-0300] {dag.py:3262} INFO - Creating ORM DAG for tutorial_taskflow_api_virtualenv
[2024-10-10T21:15:30.687-0300] {logging_mixin.py:190} INFO - [2024-10-10T21:15:30.686-0300] {dag.py:4180} INFO - Setting next_dagrun for tutorial_taskflow_api_virtualenv to None, run_after=None
[2024-10-10T21:15:30.708-0300] {processor.py:208} INFO - Processing /home/kaueoliveira/desafiolh/airflow_tooltorial/venv/lib/python3.12/site-packages/airflow/example_dags/tutorial_taskflow_api_virtualenv.py took 0.242 seconds
[2024-10-10T21:16:40.099-0300] {processor.py:186} INFO - Started process (PID=18008) to work on /home/kaueoliveira/desafiolh/airflow_tooltorial/venv/lib/python3.12/site-packages/airflow/example_dags/tutorial_taskflow_api_virtualenv.py
[2024-10-10T21:16:40.106-0300] {processor.py:914} INFO - Processing file /home/kaueoliveira/desafiolh/airflow_tooltorial/venv/lib/python3.12/site-packages/airflow/example_dags/tutorial_taskflow_api_virtualenv.py for tasks to queue
[2024-10-10T21:16:40.109-0300] {logging_mixin.py:190} INFO - [2024-10-10T21:16:40.109-0300] {dagbag.py:588} INFO - Filling up the DagBag from /home/kaueoliveira/desafiolh/airflow_tooltorial/venv/lib/python3.12/site-packages/airflow/example_dags/tutorial_taskflow_api_virtualenv.py
[2024-10-10T21:16:40.121-0300] {processor.py:925} INFO - DAG(s) 'tutorial_taskflow_api_virtualenv' retrieved from /home/kaueoliveira/desafiolh/airflow_tooltorial/venv/lib/python3.12/site-packages/airflow/example_dags/tutorial_taskflow_api_virtualenv.py
[2024-10-10T21:16:40.136-0300] {logging_mixin.py:190} INFO - [2024-10-10T21:16:40.135-0300] {dag.py:3239} INFO - Sync 1 DAGs
[2024-10-10T21:16:40.147-0300] {logging_mixin.py:190} INFO - [2024-10-10T21:16:40.147-0300] {dag.py:4180} INFO - Setting next_dagrun for tutorial_taskflow_api_virtualenv to None, run_after=None
[2024-10-10T21:16:40.254-0300] {processor.py:208} INFO - Processing /home/kaueoliveira/desafiolh/airflow_tooltorial/venv/lib/python3.12/site-packages/airflow/example_dags/tutorial_taskflow_api_virtualenv.py took 0.162 seconds
[2024-10-10T21:17:15.152-0300] {processor.py:186} INFO - Started process (PID=18221) to work on /home/kaueoliveira/desafiolh/airflow_tooltorial/venv/lib/python3.12/site-packages/airflow/example_dags/tutorial_taskflow_api_virtualenv.py
[2024-10-10T21:17:15.154-0300] {processor.py:914} INFO - Processing file /home/kaueoliveira/desafiolh/airflow_tooltorial/venv/lib/python3.12/site-packages/airflow/example_dags/tutorial_taskflow_api_virtualenv.py for tasks to queue
[2024-10-10T21:17:15.157-0300] {logging_mixin.py:190} INFO - [2024-10-10T21:17:15.157-0300] {dagbag.py:588} INFO - Filling up the DagBag from /home/kaueoliveira/desafiolh/airflow_tooltorial/venv/lib/python3.12/site-packages/airflow/example_dags/tutorial_taskflow_api_virtualenv.py
[2024-10-10T21:17:15.177-0300] {processor.py:925} INFO - DAG(s) 'tutorial_taskflow_api_virtualenv' retrieved from /home/kaueoliveira/desafiolh/airflow_tooltorial/venv/lib/python3.12/site-packages/airflow/example_dags/tutorial_taskflow_api_virtualenv.py
[2024-10-10T21:17:15.197-0300] {logging_mixin.py:190} INFO - [2024-10-10T21:17:15.197-0300] {dag.py:3239} INFO - Sync 1 DAGs
[2024-10-10T21:17:15.217-0300] {logging_mixin.py:190} INFO - [2024-10-10T21:17:15.216-0300] {dag.py:4180} INFO - Setting next_dagrun for tutorial_taskflow_api_virtualenv to None, run_after=None
[2024-10-10T21:17:15.255-0300] {processor.py:208} INFO - Processing /home/kaueoliveira/desafiolh/airflow_tooltorial/venv/lib/python3.12/site-packages/airflow/example_dags/tutorial_taskflow_api_virtualenv.py took 0.112 seconds
[2024-10-10T21:18:11.763-0300] {processor.py:186} INFO - Started process (PID=18557) to work on /home/kaueoliveira/desafiolh/airflow_tooltorial/venv/lib/python3.12/site-packages/airflow/example_dags/tutorial_taskflow_api_virtualenv.py
[2024-10-10T21:18:11.768-0300] {processor.py:914} INFO - Processing file /home/kaueoliveira/desafiolh/airflow_tooltorial/venv/lib/python3.12/site-packages/airflow/example_dags/tutorial_taskflow_api_virtualenv.py for tasks to queue
[2024-10-10T21:18:11.772-0300] {logging_mixin.py:190} INFO - [2024-10-10T21:18:11.771-0300] {dagbag.py:588} INFO - Filling up the DagBag from /home/kaueoliveira/desafiolh/airflow_tooltorial/venv/lib/python3.12/site-packages/airflow/example_dags/tutorial_taskflow_api_virtualenv.py
[2024-10-10T21:18:11.793-0300] {processor.py:925} INFO - DAG(s) 'tutorial_taskflow_api_virtualenv' retrieved from /home/kaueoliveira/desafiolh/airflow_tooltorial/venv/lib/python3.12/site-packages/airflow/example_dags/tutorial_taskflow_api_virtualenv.py
[2024-10-10T21:18:11.815-0300] {logging_mixin.py:190} INFO - [2024-10-10T21:18:11.815-0300] {dag.py:3239} INFO - Sync 1 DAGs
[2024-10-10T21:18:11.832-0300] {logging_mixin.py:190} INFO - [2024-10-10T21:18:11.831-0300] {dag.py:4180} INFO - Setting next_dagrun for tutorial_taskflow_api_virtualenv to None, run_after=None
[2024-10-10T21:18:11.861-0300] {processor.py:208} INFO - Processing /home/kaueoliveira/desafiolh/airflow_tooltorial/venv/lib/python3.12/site-packages/airflow/example_dags/tutorial_taskflow_api_virtualenv.py took 0.104 seconds
